Performing C SOURCE FILE Test CMAKE_HAVE_LIBC_PTHREAD failed with the following output:
Change Dir: /home/iut/M4102C/target/rls/debug/build/libzmq-sys-a82104b5cff9cc43/out/build/CMakeFiles/CMakeTmp

Run Build Command(s):/usr/bin/make cmTC_84825/fast && /usr/bin/make  -f CMakeFiles/cmTC_84825.dir/build.make CMakeFiles/cmTC_84825.dir/build
make[1] : on entre dans le répertoire « /home/iut/M4102C/target/rls/debug/build/libzmq-sys-a82104b5cff9cc43/out/build/CMakeFiles/CMakeTmp »
Building C object CMakeFiles/cmTC_84825.dir/src.c.o
/usr/bin/cc -DCMAKE_HAVE_LIBC_PTHREAD  -ffunction-sections -fdata-sections -fPIC -m64  -o CMakeFiles/cmTC_84825.dir/src.c.o -c /home/iut/M4102C/target/rls/debug/build/libzmq-sys-a82104b5cff9cc43/out/build/CMakeFiles/CMakeTmp/src.c
Linking C executable cmTC_84825
/usr/bin/cmake -E cmake_link_script CMakeFiles/cmTC_84825.dir/link.txt --verbose=1
/usr/bin/cc  -ffunction-sections -fdata-sections -fPIC -m64  -rdynamic CMakeFiles/cmTC_84825.dir/src.c.o -o cmTC_84825 
/usr/bin/ld : CMakeFiles/cmTC_84825.dir/src.c.o : dans la fonction « main » :
src.c:(.text.main+0x30) : référence indéfinie vers « pthread_create »
/usr/bin/ld : src.c:(.text.main+0x3c) : référence indéfinie vers « pthread_detach »
/usr/bin/ld : src.c:(.text.main+0x48) : référence indéfinie vers « pthread_cancel »
/usr/bin/ld : src.c:(.text.main+0x59) : référence indéfinie vers « pthread_join »
collect2: erreur: ld a retourné le statut de sortie 1
make[1]: *** [CMakeFiles/cmTC_84825.dir/build.make:106 : cmTC_84825] Erreur 1
make[1] : on quitte le répertoire « /home/iut/M4102C/target/rls/debug/build/libzmq-sys-a82104b5cff9cc43/out/build/CMakeFiles/CMakeTmp »
make: *** [Makefile:140 : cmTC_84825/fast] Erreur 2


Source file was:
#include <pthread.h>

static void* test_func(void* data)
{
  return data;
}

int main(void)
{
  pthread_t thread;
  pthread_create(&thread, NULL, test_func, NULL);
  pthread_detach(thread);
  pthread_cancel(thread);
  pthread_join(thread, NULL);
  pthread_atfork(NULL, NULL, NULL);
  pthread_exit(NULL);

  return 0;
}

Determining if the function pthread_create exists in the pthreads failed with the following output:
Change Dir: /home/iut/M4102C/target/rls/debug/build/libzmq-sys-a82104b5cff9cc43/out/build/CMakeFiles/CMakeTmp

Run Build Command(s):/usr/bin/make cmTC_a2312/fast && /usr/bin/make  -f CMakeFiles/cmTC_a2312.dir/build.make CMakeFiles/cmTC_a2312.dir/build
make[1] : on entre dans le répertoire « /home/iut/M4102C/target/rls/debug/build/libzmq-sys-a82104b5cff9cc43/out/build/CMakeFiles/CMakeTmp »
Building C object CMakeFiles/cmTC_a2312.dir/CheckFunctionExists.c.o
/usr/bin/cc   -ffunction-sections -fdata-sections -fPIC -m64 -DCHECK_FUNCTION_EXISTS=pthread_create -o CMakeFiles/cmTC_a2312.dir/CheckFunctionExists.c.o -c /usr/share/cmake-3.19/Modules/CheckFunctionExists.c
Linking C executable cmTC_a2312
/usr/bin/cmake -E cmake_link_script CMakeFiles/cmTC_a2312.dir/link.txt --verbose=1
/usr/bin/cc  -ffunction-sections -fdata-sections -fPIC -m64 -DCHECK_FUNCTION_EXISTS=pthread_create -rdynamic CMakeFiles/cmTC_a2312.dir/CheckFunctionExists.c.o -o cmTC_a2312  -lpthreads 
/usr/bin/ld : ne peut trouver -lpthreads
collect2: erreur: ld a retourné le statut de sortie 1
make[1]: *** [CMakeFiles/cmTC_a2312.dir/build.make:106 : cmTC_a2312] Erreur 1
make[1] : on quitte le répertoire « /home/iut/M4102C/target/rls/debug/build/libzmq-sys-a82104b5cff9cc43/out/build/CMakeFiles/CMakeTmp »
make: *** [Makefile:140 : cmTC_a2312/fast] Erreur 2



Determining if the kqueue exist failed with the following output:
Change Dir: /home/iut/M4102C/target/rls/debug/build/libzmq-sys-a82104b5cff9cc43/out/build/CMakeFiles/CMakeTmp

Run Build Command(s):/usr/bin/make cmTC_b655a/fast && /usr/bin/make  -f CMakeFiles/cmTC_b655a.dir/build.make CMakeFiles/cmTC_b655a.dir/build
make[1] : on entre dans le répertoire « /home/iut/M4102C/target/rls/debug/build/libzmq-sys-a82104b5cff9cc43/out/build/CMakeFiles/CMakeTmp »
Building CXX object CMakeFiles/cmTC_b655a.dir/CheckSymbolExists.cxx.o
/usr/bin/c++   -ffunction-sections -fdata-sections -fPIC -m64 -std=gnu++11 -Wno-tautological-constant-compare  -o CMakeFiles/cmTC_b655a.dir/CheckSymbolExists.cxx.o -c /home/iut/M4102C/target/rls/debug/build/libzmq-sys-a82104b5cff9cc43/out/build/CMakeFiles/CMakeTmp/CheckSymbolExists.cxx
/home/iut/M4102C/target/rls/debug/build/libzmq-sys-a82104b5cff9cc43/out/build/CMakeFiles/CMakeTmp/CheckSymbolExists.cxx:2:10: erreur fatale: sys/event.h : Aucun fichier ou dossier de ce type
    2 | #include <sys/event.h>
      |          ^~~~~~~~~~~~~
compilation terminée.
make[1]: *** [CMakeFiles/cmTC_b655a.dir/build.make:85 : CMakeFiles/cmTC_b655a.dir/CheckSymbolExists.cxx.o] Erreur 1
make[1] : on quitte le répertoire « /home/iut/M4102C/target/rls/debug/build/libzmq-sys-a82104b5cff9cc43/out/build/CMakeFiles/CMakeTmp »
make: *** [Makefile:140 : cmTC_b655a/fast] Erreur 2


File /home/iut/M4102C/target/rls/debug/build/libzmq-sys-a82104b5cff9cc43/out/build/CMakeFiles/CMakeTmp/CheckSymbolExists.cxx:
/* */
#include <sys/event.h>

int main(int argc, char** argv)
{
  (void)argv;
#ifndef kqueue
  return ((int*)(&kqueue))[argc];
#else
  (void)argc;
  return 0;
#endif
}
Determining if files windows.h exist failed with the following output:
Change Dir: /home/iut/M4102C/target/rls/debug/build/libzmq-sys-a82104b5cff9cc43/out/build/CMakeFiles/CMakeTmp

Run Build Command(s):/usr/bin/make cmTC_3039c/fast && /usr/bin/make  -f CMakeFiles/cmTC_3039c.dir/build.make CMakeFiles/cmTC_3039c.dir/build
make[1] : on entre dans le répertoire « /home/iut/M4102C/target/rls/debug/build/libzmq-sys-a82104b5cff9cc43/out/build/CMakeFiles/CMakeTmp »
Building C object CMakeFiles/cmTC_3039c.dir/ZMQ_HAVE_WINDOWS.c.o
/usr/bin/cc   -ffunction-sections -fdata-sections -fPIC -m64 -std=gnu11 -Wno-tautological-constant-compare  -o CMakeFiles/cmTC_3039c.dir/ZMQ_HAVE_WINDOWS.c.o -c /home/iut/M4102C/target/rls/debug/build/libzmq-sys-a82104b5cff9cc43/out/build/CMakeFiles/CheckIncludeFiles/ZMQ_HAVE_WINDOWS.c
/home/iut/M4102C/target/rls/debug/build/libzmq-sys-a82104b5cff9cc43/out/build/CMakeFiles/CheckIncludeFiles/ZMQ_HAVE_WINDOWS.c:2:10: erreur fatale: windows.h : Aucun fichier ou dossier de ce type
    2 | #include <windows.h>
      |          ^~~~~~~~~~~
compilation terminée.
make[1]: *** [CMakeFiles/cmTC_3039c.dir/build.make:85 : CMakeFiles/cmTC_3039c.dir/ZMQ_HAVE_WINDOWS.c.o] Erreur 1
make[1] : on quitte le répertoire « /home/iut/M4102C/target/rls/debug/build/libzmq-sys-a82104b5cff9cc43/out/build/CMakeFiles/CMakeTmp »
make: *** [Makefile:140 : cmTC_3039c/fast] Erreur 2


Source:
/* */
#include <windows.h>


int main(void){return 0;}

Determining if the LOCAL_PEERCRED exist failed with the following output:
Change Dir: /home/iut/M4102C/target/rls/debug/build/libzmq-sys-a82104b5cff9cc43/out/build/CMakeFiles/CMakeTmp

Run Build Command(s):/usr/bin/make cmTC_7b3ca/fast && /usr/bin/make  -f CMakeFiles/cmTC_7b3ca.dir/build.make CMakeFiles/cmTC_7b3ca.dir/build
make[1] : on entre dans le répertoire « /home/iut/M4102C/target/rls/debug/build/libzmq-sys-a82104b5cff9cc43/out/build/CMakeFiles/CMakeTmp »
Building CXX object CMakeFiles/cmTC_7b3ca.dir/CheckSymbolExists.cxx.o
/usr/bin/c++   -ffunction-sections -fdata-sections -fPIC -m64 -std=gnu++11 -Wno-tautological-constant-compare  -o CMakeFiles/cmTC_7b3ca.dir/CheckSymbolExists.cxx.o -c /home/iut/M4102C/target/rls/debug/build/libzmq-sys-a82104b5cff9cc43/out/build/CMakeFiles/CMakeTmp/CheckSymbolExists.cxx
/home/iut/M4102C/target/rls/debug/build/libzmq-sys-a82104b5cff9cc43/out/build/CMakeFiles/CMakeTmp/CheckSymbolExists.cxx: Dans la fonction « int main(int, char**) »:
/home/iut/M4102C/target/rls/debug/build/libzmq-sys-a82104b5cff9cc43/out/build/CMakeFiles/CMakeTmp/CheckSymbolExists.cxx:8:19: erreur: « LOCAL_PEERCRED » n'a pas été déclaré dans cette portée; vouliez-vous employer « SO_PEERCRED » ?
    8 |   return ((int*)(&LOCAL_PEERCRED))[argc];
      |                   ^~~~~~~~~~~~~~
      |                   SO_PEERCRED
Au niveau global:
cc1plus: note: l'option de la ligne de commande non reconnue « -Wno-tautological-constant-compare » aurait pu avoir pour but de supprimer les diagnostiques précédents
make[1]: *** [CMakeFiles/cmTC_7b3ca.dir/build.make:85 : CMakeFiles/cmTC_7b3ca.dir/CheckSymbolExists.cxx.o] Erreur 1
make[1] : on quitte le répertoire « /home/iut/M4102C/target/rls/debug/build/libzmq-sys-a82104b5cff9cc43/out/build/CMakeFiles/CMakeTmp »
make: *** [Makefile:140 : cmTC_7b3ca/fast] Erreur 2


File /home/iut/M4102C/target/rls/debug/build/libzmq-sys-a82104b5cff9cc43/out/build/CMakeFiles/CMakeTmp/CheckSymbolExists.cxx:
/* */
#include <sys/socket.h>

int main(int argc, char** argv)
{
  (void)argv;
#ifndef LOCAL_PEERCRED
  return ((int*)(&LOCAL_PEERCRED))[argc];
#else
  (void)argc;
  return 0;
#endif
}
Determining if the gethrtimei exist failed with the following output:
Change Dir: /home/iut/M4102C/target/rls/debug/build/libzmq-sys-a82104b5cff9cc43/out/build/CMakeFiles/CMakeTmp

Run Build Command(s):/usr/bin/make cmTC_4c3f6/fast && /usr/bin/make  -f CMakeFiles/cmTC_4c3f6.dir/build.make CMakeFiles/cmTC_4c3f6.dir/build
make[1] : on entre dans le répertoire « /home/iut/M4102C/target/rls/debug/build/libzmq-sys-a82104b5cff9cc43/out/build/CMakeFiles/CMakeTmp »
Building CXX object CMakeFiles/cmTC_4c3f6.dir/CheckSymbolExists.cxx.o
/usr/bin/c++   -ffunction-sections -fdata-sections -fPIC -m64 -std=gnu++11 -Wno-tautological-constant-compare  -o CMakeFiles/cmTC_4c3f6.dir/CheckSymbolExists.cxx.o -c /home/iut/M4102C/target/rls/debug/build/libzmq-sys-a82104b5cff9cc43/out/build/CMakeFiles/CMakeTmp/CheckSymbolExists.cxx
/home/iut/M4102C/target/rls/debug/build/libzmq-sys-a82104b5cff9cc43/out/build/CMakeFiles/CMakeTmp/CheckSymbolExists.cxx: Dans la fonction « int main(int, char**) »:
/home/iut/M4102C/target/rls/debug/build/libzmq-sys-a82104b5cff9cc43/out/build/CMakeFiles/CMakeTmp/CheckSymbolExists.cxx:8:19: erreur: « gethrtimei » n'a pas été déclaré dans cette portée; vouliez-vous employer « getitimer » ?
    8 |   return ((int*)(&gethrtimei))[argc];
      |                   ^~~~~~~~~~
      |                   getitimer
Au niveau global:
cc1plus: note: l'option de la ligne de commande non reconnue « -Wno-tautological-constant-compare » aurait pu avoir pour but de supprimer les diagnostiques précédents
make[1]: *** [CMakeFiles/cmTC_4c3f6.dir/build.make:85 : CMakeFiles/cmTC_4c3f6.dir/CheckSymbolExists.cxx.o] Erreur 1
make[1] : on quitte le répertoire « /home/iut/M4102C/target/rls/debug/build/libzmq-sys-a82104b5cff9cc43/out/build/CMakeFiles/CMakeTmp »
make: *** [Makefile:140 : cmTC_4c3f6/fast] Erreur 2


File /home/iut/M4102C/target/rls/debug/build/libzmq-sys-a82104b5cff9cc43/out/build/CMakeFiles/CMakeTmp/CheckSymbolExists.cxx:
/* */
#include <sys/time.h>

int main(int argc, char** argv)
{
  (void)argv;
#ifndef gethrtimei
  return ((int*)(&gethrtimei))[argc];
#else
  (void)argc;
  return 0;
#endif
}
Performing C++ SOURCE FILE Test HAVE_FLAG_-Wall failed with the following output:
Change Dir: /home/iut/M4102C/target/rls/debug/build/libzmq-sys-a82104b5cff9cc43/out/build/CMakeFiles/CMakeTmp

Run Build Command(s):/usr/bin/make cmTC_16f0a/fast && /usr/bin/make  -f CMakeFiles/cmTC_16f0a.dir/build.make CMakeFiles/cmTC_16f0a.dir/build
make[1]: Entering directory '/home/iut/M4102C/target/rls/debug/build/libzmq-sys-a82104b5cff9cc43/out/build/CMakeFiles/CMakeTmp'
Building CXX object CMakeFiles/cmTC_16f0a.dir/src.cxx.o
/usr/bin/c++   -ffunction-sections -fdata-sections -fPIC -m64 -std=gnu++11 -Wno-tautological-constant-compare    -DHAVE_FLAG_-Wall -Wall -o CMakeFiles/cmTC_16f0a.dir/src.cxx.o -c /home/iut/M4102C/target/rls/debug/build/libzmq-sys-a82104b5cff9cc43/out/build/CMakeFiles/CMakeTmp/src.cxx
<command-line>: warning: ISO C++11 requires whitespace after the macro name
cc1plus: note: unrecognized command-line option '-Wno-tautological-constant-compare' may have been intended to silence earlier diagnostics
Linking CXX executable cmTC_16f0a
/usr/bin/cmake -E cmake_link_script CMakeFiles/cmTC_16f0a.dir/link.txt --verbose=1
/usr/bin/c++  -ffunction-sections -fdata-sections -fPIC -m64 -std=gnu++11 -Wno-tautological-constant-compare  -rdynamic CMakeFiles/cmTC_16f0a.dir/src.cxx.o -o cmTC_16f0a 
make[1]: Leaving directory '/home/iut/M4102C/target/rls/debug/build/libzmq-sys-a82104b5cff9cc43/out/build/CMakeFiles/CMakeTmp'


Source file was:
int main() { return 0; }
Performing C++ SOURCE FILE Test HAVE_FLAG_-Wextra failed with the following output:
Change Dir: /home/iut/M4102C/target/rls/debug/build/libzmq-sys-a82104b5cff9cc43/out/build/CMakeFiles/CMakeTmp

Run Build Command(s):/usr/bin/make cmTC_e6e55/fast && /usr/bin/make  -f CMakeFiles/cmTC_e6e55.dir/build.make CMakeFiles/cmTC_e6e55.dir/build
make[1]: Entering directory '/home/iut/M4102C/target/rls/debug/build/libzmq-sys-a82104b5cff9cc43/out/build/CMakeFiles/CMakeTmp'
Building CXX object CMakeFiles/cmTC_e6e55.dir/src.cxx.o
/usr/bin/c++   -ffunction-sections -fdata-sections -fPIC -m64 -std=gnu++11 -Wno-tautological-constant-compare    -DHAVE_FLAG_-Wextra -Wextra -o CMakeFiles/cmTC_e6e55.dir/src.cxx.o -c /home/iut/M4102C/target/rls/debug/build/libzmq-sys-a82104b5cff9cc43/out/build/CMakeFiles/CMakeTmp/src.cxx
<command-line>: warning: ISO C++11 requires whitespace after the macro name
cc1plus: note: unrecognized command-line option '-Wno-tautological-constant-compare' may have been intended to silence earlier diagnostics
Linking CXX executable cmTC_e6e55
/usr/bin/cmake -E cmake_link_script CMakeFiles/cmTC_e6e55.dir/link.txt --verbose=1
/usr/bin/c++  -ffunction-sections -fdata-sections -fPIC -m64 -std=gnu++11 -Wno-tautological-constant-compare  -rdynamic CMakeFiles/cmTC_e6e55.dir/src.cxx.o -o cmTC_e6e55 
make[1]: Leaving directory '/home/iut/M4102C/target/rls/debug/build/libzmq-sys-a82104b5cff9cc43/out/build/CMakeFiles/CMakeTmp'


Source file was:
int main() { return 0; }
Performing C++ SOURCE FILE Test HAVE_FLAG_-Wno-long-long failed with the following output:
Change Dir: /home/iut/M4102C/target/rls/debug/build/libzmq-sys-a82104b5cff9cc43/out/build/CMakeFiles/CMakeTmp

Run Build Command(s):/usr/bin/make cmTC_85837/fast && /usr/bin/make  -f CMakeFiles/cmTC_85837.dir/build.make CMakeFiles/cmTC_85837.dir/build
make[1]: Entering directory '/home/iut/M4102C/target/rls/debug/build/libzmq-sys-a82104b5cff9cc43/out/build/CMakeFiles/CMakeTmp'
Building CXX object CMakeFiles/cmTC_85837.dir/src.cxx.o
/usr/bin/c++   -ffunction-sections -fdata-sections -fPIC -m64 -std=gnu++11 -Wno-tautological-constant-compare    -DHAVE_FLAG_-Wno-long-long -Wno-long-long -o CMakeFiles/cmTC_85837.dir/src.cxx.o -c /home/iut/M4102C/target/rls/debug/build/libzmq-sys-a82104b5cff9cc43/out/build/CMakeFiles/CMakeTmp/src.cxx
<command-line>: warning: ISO C++11 requires whitespace after the macro name
cc1plus: note: unrecognized command-line option '-Wno-tautological-constant-compare' may have been intended to silence earlier diagnostics
Linking CXX executable cmTC_85837
/usr/bin/cmake -E cmake_link_script CMakeFiles/cmTC_85837.dir/link.txt --verbose=1
/usr/bin/c++  -ffunction-sections -fdata-sections -fPIC -m64 -std=gnu++11 -Wno-tautological-constant-compare  -rdynamic CMakeFiles/cmTC_85837.dir/src.cxx.o -o cmTC_85837 
make[1]: Leaving directory '/home/iut/M4102C/target/rls/debug/build/libzmq-sys-a82104b5cff9cc43/out/build/CMakeFiles/CMakeTmp'


Source file was:
int main() { return 0; }
Performing C++ SOURCE FILE Test HAVE_FLAG_-Wno-uninitialized failed with the following output:
Change Dir: /home/iut/M4102C/target/rls/debug/build/libzmq-sys-a82104b5cff9cc43/out/build/CMakeFiles/CMakeTmp

Run Build Command(s):/usr/bin/make cmTC_8cf03/fast && /usr/bin/make  -f CMakeFiles/cmTC_8cf03.dir/build.make CMakeFiles/cmTC_8cf03.dir/build
make[1]: Entering directory '/home/iut/M4102C/target/rls/debug/build/libzmq-sys-a82104b5cff9cc43/out/build/CMakeFiles/CMakeTmp'
Building CXX object CMakeFiles/cmTC_8cf03.dir/src.cxx.o
/usr/bin/c++   -ffunction-sections -fdata-sections -fPIC -m64 -std=gnu++11 -Wno-tautological-constant-compare    -DHAVE_FLAG_-Wno-uninitialized -Wno-uninitialized -o CMakeFiles/cmTC_8cf03.dir/src.cxx.o -c /home/iut/M4102C/target/rls/debug/build/libzmq-sys-a82104b5cff9cc43/out/build/CMakeFiles/CMakeTmp/src.cxx
<command-line>: warning: ISO C++11 requires whitespace after the macro name
cc1plus: note: unrecognized command-line option '-Wno-tautological-constant-compare' may have been intended to silence earlier diagnostics
Linking CXX executable cmTC_8cf03
/usr/bin/cmake -E cmake_link_script CMakeFiles/cmTC_8cf03.dir/link.txt --verbose=1
/usr/bin/c++  -ffunction-sections -fdata-sections -fPIC -m64 -std=gnu++11 -Wno-tautological-constant-compare  -rdynamic CMakeFiles/cmTC_8cf03.dir/src.cxx.o -o cmTC_8cf03 
make[1]: Leaving directory '/home/iut/M4102C/target/rls/debug/build/libzmq-sys-a82104b5cff9cc43/out/build/CMakeFiles/CMakeTmp'


Source file was:
int main() { return 0; }
Performing C++ SOURCE FILE Test HAVE_FLAG_-pedantic failed with the following output:
Change Dir: /home/iut/M4102C/target/rls/debug/build/libzmq-sys-a82104b5cff9cc43/out/build/CMakeFiles/CMakeTmp

Run Build Command(s):/usr/bin/make cmTC_b53bd/fast && /usr/bin/make  -f CMakeFiles/cmTC_b53bd.dir/build.make CMakeFiles/cmTC_b53bd.dir/build
make[1]: Entering directory '/home/iut/M4102C/target/rls/debug/build/libzmq-sys-a82104b5cff9cc43/out/build/CMakeFiles/CMakeTmp'
Building CXX object CMakeFiles/cmTC_b53bd.dir/src.cxx.o
/usr/bin/c++   -ffunction-sections -fdata-sections -fPIC -m64 -std=gnu++11 -Wno-tautological-constant-compare    -DHAVE_FLAG_-pedantic -pedantic -o CMakeFiles/cmTC_b53bd.dir/src.cxx.o -c /home/iut/M4102C/target/rls/debug/build/libzmq-sys-a82104b5cff9cc43/out/build/CMakeFiles/CMakeTmp/src.cxx
<command-line>: warning: ISO C++11 requires whitespace after the macro name
cc1plus: note: unrecognized command-line option '-Wno-tautological-constant-compare' may have been intended to silence earlier diagnostics
Linking CXX executable cmTC_b53bd
/usr/bin/cmake -E cmake_link_script CMakeFiles/cmTC_b53bd.dir/link.txt --verbose=1
/usr/bin/c++  -ffunction-sections -fdata-sections -fPIC -m64 -std=gnu++11 -Wno-tautological-constant-compare  -rdynamic CMakeFiles/cmTC_b53bd.dir/src.cxx.o -o cmTC_b53bd 
make[1]: Leaving directory '/home/iut/M4102C/target/rls/debug/build/libzmq-sys-a82104b5cff9cc43/out/build/CMakeFiles/CMakeTmp'


Source file was:
int main() { return 0; }
Performing C SOURCE FILE Test ZMQ_HAVE_TCP_KEEPALIVE failed with the following compile output:
Change Dir: /home/iut/M4102C/target/rls/debug/build/libzmq-sys-a82104b5cff9cc43/out/build/CMakeFiles/CMakeTmp

Run Build Command(s):/usr/bin/make cmTC_cad9e/fast && /usr/bin/make  -f CMakeFiles/cmTC_cad9e.dir/build.make CMakeFiles/cmTC_cad9e.dir/build
make[1] : on entre dans le répertoire « /home/iut/M4102C/target/rls/debug/build/libzmq-sys-a82104b5cff9cc43/out/build/CMakeFiles/CMakeTmp »
Building C object CMakeFiles/cmTC_cad9e.dir/src.c.o
/usr/bin/cc -DZMQ_HAVE_TCP_KEEPALIVE  -ffunction-sections -fdata-sections -fPIC -m64 -std=gnu11 -Wno-tautological-constant-compare  -o CMakeFiles/cmTC_cad9e.dir/src.c.o -c /home/iut/M4102C/target/rls/debug/build/libzmq-sys-a82104b5cff9cc43/out/build/CMakeFiles/CMakeTmp/src.c
/home/iut/M4102C/target/rls/debug/build/libzmq-sys-a82104b5cff9cc43/out/build/CMakeFiles/CMakeTmp/src.c: Dans la fonction « main »:
/home/iut/M4102C/target/rls/debug/build/libzmq-sys-a82104b5cff9cc43/out/build/CMakeFiles/CMakeTmp/src.c:13:42: erreur: « TCP_KEEPALIVE » non déclaré (première utilisation dans cette fonction); vouliez-vous utiliser « SO_KEEPALIVE » ?
   13 |        ((rc = setsockopt(s, IPPROTO_TCP, TCP_KEEPALIVE,(char*) &opt, sizeof(int))) == -1)
      |                                          ^~~~~~~~~~~~~
      |                                          SO_KEEPALIVE
/home/iut/M4102C/target/rls/debug/build/libzmq-sys-a82104b5cff9cc43/out/build/CMakeFiles/CMakeTmp/src.c:13:42: note: chaque identificateur non déclaré est rapporté une seule fois pour chaque fonction dans laquelle il apparaît
/home/iut/M4102C/target/rls/debug/build/libzmq-sys-a82104b5cff9cc43/out/build/CMakeFiles/CMakeTmp/src.c: Au plus haut niveau:
cc1: note: l'option de la ligne de commande non reconnue « -Wno-tautological-constant-compare » aurait pu avoir pour but de supprimer les diagnostiques précédents
make[1]: *** [CMakeFiles/cmTC_cad9e.dir/build.make:85 : CMakeFiles/cmTC_cad9e.dir/src.c.o] Erreur 1
make[1] : on quitte le répertoire « /home/iut/M4102C/target/rls/debug/build/libzmq-sys-a82104b5cff9cc43/out/build/CMakeFiles/CMakeTmp »
make: *** [Makefile:140 : cmTC_cad9e/fast] Erreur 2


...and run output:

Return value: 1
Source file was:

#include <sys/types.h>
#include <sys/socket.h>
#include <netinet/in.h>
#include <netinet/tcp.h>

int main(int argc, char *argv [])
{
    int s, rc, opt = 1;
    return(
       ((s = socket(PF_INET, SOCK_STREAM, 0)) == -1) ||
       ((rc = setsockopt(s, SOL_SOCKET, SO_KEEPALIVE,(char*) &opt, sizeof(int))) == -1) ||
       ((rc = setsockopt(s, IPPROTO_TCP, TCP_KEEPALIVE,(char*) &opt, sizeof(int))) == -1)
    );
}

Performing C SOURCE FILE Test ZMQ_HAVE_PTHREAD_SETNAME_1 failed with the following compile output:
Change Dir: /home/iut/M4102C/target/rls/debug/build/libzmq-sys-a82104b5cff9cc43/out/build/CMakeFiles/CMakeTmp

Run Build Command(s):/usr/bin/make cmTC_832da/fast && /usr/bin/make  -f CMakeFiles/cmTC_832da.dir/build.make CMakeFiles/cmTC_832da.dir/build
make[1] : on entre dans le répertoire « /home/iut/M4102C/target/rls/debug/build/libzmq-sys-a82104b5cff9cc43/out/build/CMakeFiles/CMakeTmp »
Building C object CMakeFiles/cmTC_832da.dir/src.c.o
/usr/bin/cc -DZMQ_HAVE_PTHREAD_SETNAME_1  -ffunction-sections -fdata-sections -fPIC -m64 -std=gnu11 -Wno-tautological-constant-compare -D_GNU_SOURCE -Werror -pthread -o CMakeFiles/cmTC_832da.dir/src.c.o -c /home/iut/M4102C/target/rls/debug/build/libzmq-sys-a82104b5cff9cc43/out/build/CMakeFiles/CMakeTmp/src.c
/home/iut/M4102C/target/rls/debug/build/libzmq-sys-a82104b5cff9cc43/out/build/CMakeFiles/CMakeTmp/src.c: Dans la fonction « main »:
/home/iut/M4102C/target/rls/debug/build/libzmq-sys-a82104b5cff9cc43/out/build/CMakeFiles/CMakeTmp/src.c:6:25: erreur: le passage de l'argument 1 de « pthread_setname_np » transforme un pointeur en entier sans transtypage [-Werror=int-conversion]
    6 |     pthread_setname_np ("foo");
      |                         ^~~~~
      |                         |
      |                         char *
Dans le fichier inclus depuis /home/iut/M4102C/target/rls/debug/build/libzmq-sys-a82104b5cff9cc43/out/build/CMakeFiles/CMakeTmp/src.c:2:
/usr/include/pthread.h:427:42: note: « pthread_t » {alias « long unsigned int »} attendu mais l'argument est de type « char * »
  427 | extern int pthread_setname_np (pthread_t __target_thread, const char *__name)
      |                                ~~~~~~~~~~^~~~~~~~~~~~~~~
/home/iut/M4102C/target/rls/debug/build/libzmq-sys-a82104b5cff9cc43/out/build/CMakeFiles/CMakeTmp/src.c:6:5: erreur: trop peu d'arguments pour la fonction « pthread_setname_np »
    6 |     pthread_setname_np ("foo");
      |     ^~~~~~~~~~~~~~~~~~
Dans le fichier inclus depuis /home/iut/M4102C/target/rls/debug/build/libzmq-sys-a82104b5cff9cc43/out/build/CMakeFiles/CMakeTmp/src.c:2:
/usr/include/pthread.h:427:12: note: déclaré ici
  427 | extern int pthread_setname_np (pthread_t __target_thread, const char *__name)
      |            ^~~~~~~~~~~~~~~~~~
/home/iut/M4102C/target/rls/debug/build/libzmq-sys-a82104b5cff9cc43/out/build/CMakeFiles/CMakeTmp/src.c: Au plus haut niveau:
cc1: note: l'option de la ligne de commande non reconnue « -Wno-tautological-constant-compare » aurait pu avoir pour but de supprimer les diagnostiques précédents
cc1 : tous les avertissements sont traités comme des erreurs
make[1]: *** [CMakeFiles/cmTC_832da.dir/build.make:85 : CMakeFiles/cmTC_832da.dir/src.c.o] Erreur 1
make[1] : on quitte le répertoire « /home/iut/M4102C/target/rls/debug/build/libzmq-sys-a82104b5cff9cc43/out/build/CMakeFiles/CMakeTmp »
make: *** [Makefile:140 : cmTC_832da/fast] Erreur 2


...and run output:

Return value: 1
Source file was:

#include <pthread.h>

int main(int argc, char *argv [])
{
    pthread_setname_np ("foo");
    return 0;
}

Performing C SOURCE FILE Test ZMQ_HAVE_PTHREAD_SETNAME_3 failed with the following compile output:
Change Dir: /home/iut/M4102C/target/rls/debug/build/libzmq-sys-a82104b5cff9cc43/out/build/CMakeFiles/CMakeTmp

Run Build Command(s):/usr/bin/make cmTC_a0c7f/fast && /usr/bin/make  -f CMakeFiles/cmTC_a0c7f.dir/build.make CMakeFiles/cmTC_a0c7f.dir/build
make[1] : on entre dans le répertoire « /home/iut/M4102C/target/rls/debug/build/libzmq-sys-a82104b5cff9cc43/out/build/CMakeFiles/CMakeTmp »
Building C object CMakeFiles/cmTC_a0c7f.dir/src.c.o
/usr/bin/cc -DZMQ_HAVE_PTHREAD_SETNAME_3  -ffunction-sections -fdata-sections -fPIC -m64 -std=gnu11 -Wno-tautological-constant-compare -D_GNU_SOURCE -Werror -pthread -o CMakeFiles/cmTC_a0c7f.dir/src.c.o -c /home/iut/M4102C/target/rls/debug/build/libzmq-sys-a82104b5cff9cc43/out/build/CMakeFiles/CMakeTmp/src.c
/home/iut/M4102C/target/rls/debug/build/libzmq-sys-a82104b5cff9cc43/out/build/CMakeFiles/CMakeTmp/src.c: Dans la fonction « main »:
/home/iut/M4102C/target/rls/debug/build/libzmq-sys-a82104b5cff9cc43/out/build/CMakeFiles/CMakeTmp/src.c:6:5: erreur: trop d'arguments pour la fonction « pthread_setname_np »
    6 |     pthread_setname_np (pthread_self(), "foo", (void *)0);
      |     ^~~~~~~~~~~~~~~~~~
Dans le fichier inclus depuis /home/iut/M4102C/target/rls/debug/build/libzmq-sys-a82104b5cff9cc43/out/build/CMakeFiles/CMakeTmp/src.c:2:
/usr/include/pthread.h:427:12: note: déclaré ici
  427 | extern int pthread_setname_np (pthread_t __target_thread, const char *__name)
      |            ^~~~~~~~~~~~~~~~~~
/home/iut/M4102C/target/rls/debug/build/libzmq-sys-a82104b5cff9cc43/out/build/CMakeFiles/CMakeTmp/src.c: Au plus haut niveau:
cc1: note: l'option de la ligne de commande non reconnue « -Wno-tautological-constant-compare » aurait pu avoir pour but de supprimer les diagnostiques précédents
make[1]: *** [CMakeFiles/cmTC_a0c7f.dir/build.make:85 : CMakeFiles/cmTC_a0c7f.dir/src.c.o] Erreur 1
make[1] : on quitte le répertoire « /home/iut/M4102C/target/rls/debug/build/libzmq-sys-a82104b5cff9cc43/out/build/CMakeFiles/CMakeTmp »
make: *** [Makefile:140 : cmTC_a0c7f/fast] Erreur 2


...and run output:

Return value: 1
Source file was:

#include <pthread.h>

int main(int argc, char *argv [])
{
    pthread_setname_np (pthread_self(), "foo", (void *)0);
    return 0;
}

Performing C SOURCE FILE Test ZMQ_HAVE_PTHREAD_SET_NAME failed with the following compile output:
Change Dir: /home/iut/M4102C/target/rls/debug/build/libzmq-sys-a82104b5cff9cc43/out/build/CMakeFiles/CMakeTmp

Run Build Command(s):/usr/bin/make cmTC_7ca8b/fast && /usr/bin/make  -f CMakeFiles/cmTC_7ca8b.dir/build.make CMakeFiles/cmTC_7ca8b.dir/build
make[1] : on entre dans le répertoire « /home/iut/M4102C/target/rls/debug/build/libzmq-sys-a82104b5cff9cc43/out/build/CMakeFiles/CMakeTmp »
Building C object CMakeFiles/cmTC_7ca8b.dir/src.c.o
/usr/bin/cc -DZMQ_HAVE_PTHREAD_SET_NAME  -ffunction-sections -fdata-sections -fPIC -m64 -std=gnu11 -Wno-tautological-constant-compare -D_GNU_SOURCE -Werror -pthread -o CMakeFiles/cmTC_7ca8b.dir/src.c.o -c /home/iut/M4102C/target/rls/debug/build/libzmq-sys-a82104b5cff9cc43/out/build/CMakeFiles/CMakeTmp/src.c
/home/iut/M4102C/target/rls/debug/build/libzmq-sys-a82104b5cff9cc43/out/build/CMakeFiles/CMakeTmp/src.c: Dans la fonction « main »:
/home/iut/M4102C/target/rls/debug/build/libzmq-sys-a82104b5cff9cc43/out/build/CMakeFiles/CMakeTmp/src.c:6:5: erreur: déclaration implicite de la fonction « pthread_set_name_np »; vouliez-vous utiliser « pthread_setname_np » ? [-Werror=implicit-function-declaration]
    6 |     pthread_set_name_np (pthread_self(), "foo");
      |     ^~~~~~~~~~~~~~~~~~~
      |     pthread_setname_np
/home/iut/M4102C/target/rls/debug/build/libzmq-sys-a82104b5cff9cc43/out/build/CMakeFiles/CMakeTmp/src.c: Au plus haut niveau:
cc1: note: l'option de la ligne de commande non reconnue « -Wno-tautological-constant-compare » aurait pu avoir pour but de supprimer les diagnostiques précédents
cc1 : tous les avertissements sont traités comme des erreurs
make[1]: *** [CMakeFiles/cmTC_7ca8b.dir/build.make:85 : CMakeFiles/cmTC_7ca8b.dir/src.c.o] Erreur 1
make[1] : on quitte le répertoire « /home/iut/M4102C/target/rls/debug/build/libzmq-sys-a82104b5cff9cc43/out/build/CMakeFiles/CMakeTmp »
make: *** [Makefile:140 : cmTC_7ca8b/fast] Erreur 2


...and run output:

Return value: 1
Source file was:

#include <pthread.h>

int main(int argc, char *argv [])
{
    pthread_set_name_np (pthread_self(), "foo");
    return 0;
}

