The system is: Linux - 5.7.6-arch1-1 - x86_64
Compiling the C compiler identification source file "CMakeCCompilerId.c" succeeded.
Compiler: /usr/bin/cc 
Build flags: ;-ffunction-sections;-fdata-sections;-fPIC;-m64
Id flags:  

The output was:
0


Compilation of the C compiler identification source "CMakeCCompilerId.c" produced "a.out"

The C compiler identification is GNU, found in "/home/iut/M4102C/target/debug/build/libzmq-sys-a82104b5cff9cc43/out/build/CMakeFiles/3.19.3/CompilerIdC/a.out"

Compiling the CXX compiler identification source file "CMakeCXXCompilerId.cpp" succeeded.
Compiler: /usr/bin/c++ 
Build flags: ;-ffunction-sections;-fdata-sections;-fPIC;-m64
Id flags:  

The output was:
0


Compilation of the CXX compiler identification source "CMakeCXXCompilerId.cpp" produced "a.out"

The CXX compiler identification is GNU, found in "/home/iut/M4102C/target/debug/build/libzmq-sys-a82104b5cff9cc43/out/build/CMakeFiles/3.19.3/CompilerIdCXX/a.out"

Detecting C compiler ABI info compiled with the following output:
Change Dir: /home/iut/M4102C/target/debug/build/libzmq-sys-a82104b5cff9cc43/out/build/CMakeFiles/CMakeTmp

Run Build Command(s):/usr/bin/make cmTC_9b245/fast && /usr/bin/make  -f CMakeFiles/cmTC_9b245.dir/build.make CMakeFiles/cmTC_9b245.dir/build
make[1]: Entering directory '/home/iut/M4102C/target/debug/build/libzmq-sys-a82104b5cff9cc43/out/build/CMakeFiles/CMakeTmp'
Building C object CMakeFiles/cmTC_9b245.dir/CMakeCCompilerABI.c.o
/usr/bin/cc   -ffunction-sections -fdata-sections -fPIC -m64    -v -o CMakeFiles/cmTC_9b245.dir/CMakeCCompilerABI.c.o -c /usr/share/cmake-3.19/Modules/CMakeCCompilerABI.c
Using built-in specs.
COLLECT_GCC=/usr/bin/cc
Target: x86_64-pc-linux-gnu
Configured with: /build/gcc/src/gcc/configure --prefix=/usr --libdir=/usr/lib --libexecdir=/usr/lib --mandir=/usr/share/man --infodir=/usr/share/info --with-bugurl=https://bugs.archlinux.org/ --enable-languages=c,c++,ada,fortran,go,lto,objc,obj-c++,d --with-isl --with-linker-hash-style=gnu --with-system-zlib --enable-__cxa_atexit --enable-cet=auto --enable-checking=release --enable-clocale=gnu --enable-default-pie --enable-default-ssp --enable-gnu-indirect-function --enable-gnu-unique-object --enable-install-libiberty --enable-linker-build-id --enable-lto --enable-multilib --enable-plugin --enable-shared --enable-threads=posix --disable-libssp --disable-libstdcxx-pch --disable-libunwind-exceptions --disable-werror gdc_include_dir=/usr/include/dlang/gdc
Thread model: posix
Supported LTO compression algorithms: zlib zstd
gcc version 10.1.0 (GCC) 
COLLECT_GCC_OPTIONS='-ffunction-sections' '-fdata-sections' '-fPIC' '-m64' '-v' '-o' 'CMakeFiles/cmTC_9b245.dir/CMakeCCompilerABI.c.o' '-c' '-mtune=generic' '-march=x86-64'
 /usr/lib/gcc/x86_64-pc-linux-gnu/10.1.0/cc1 -quiet -v /usr/share/cmake-3.19/Modules/CMakeCCompilerABI.c -quiet -dumpbase CMakeCCompilerABI.c -m64 -mtune=generic -march=x86-64 -auxbase-strip CMakeFiles/cmTC_9b245.dir/CMakeCCompilerABI.c.o -version -ffunction-sections -fdata-sections -fPIC -o /tmp/ccqY1F9d.s
GNU C17 (GCC) version 10.1.0 (x86_64-pc-linux-gnu)
	compiled by GNU C version 10.1.0, GMP version 6.2.0, MPFR version 4.0.2, MPC version 1.1.0, isl version isl-0.21-GMP

GGC heuristics: --param ggc-min-expand=100 --param ggc-min-heapsize=131072
ignoring nonexistent directory "/usr/lib/gcc/x86_64-pc-linux-gnu/10.1.0/../../../../x86_64-pc-linux-gnu/include"
#include "..." search starts here:
#include <...> search starts here:
 /usr/lib/gcc/x86_64-pc-linux-gnu/10.1.0/include
 /usr/local/include
 /usr/lib/gcc/x86_64-pc-linux-gnu/10.1.0/include-fixed
 /usr/include
End of search list.
GNU C17 (GCC) version 10.1.0 (x86_64-pc-linux-gnu)
	compiled by GNU C version 10.1.0, GMP version 6.2.0, MPFR version 4.0.2, MPC version 1.1.0, isl version isl-0.21-GMP

GGC heuristics: --param ggc-min-expand=100 --param ggc-min-heapsize=131072
Compiler executable checksum: 8cbeeaf463513b43dc3c4cd12e0bccb6
COLLECT_GCC_OPTIONS='-ffunction-sections' '-fdata-sections' '-fPIC' '-m64' '-v' '-o' 'CMakeFiles/cmTC_9b245.dir/CMakeCCompilerABI.c.o' '-c' '-mtune=generic' '-march=x86-64'
 as -v --64 -o CMakeFiles/cmTC_9b245.dir/CMakeCCompilerABI.c.o /tmp/ccqY1F9d.s
GNU assembler version 2.34.0 (x86_64-pc-linux-gnu) using BFD version (GNU Binutils) 2.34.0
COMPILER_PATH=/usr/lib/gcc/x86_64-pc-linux-gnu/10.1.0/:/usr/lib/gcc/x86_64-pc-linux-gnu/10.1.0/:/usr/lib/gcc/x86_64-pc-linux-gnu/:/usr/lib/gcc/x86_64-pc-linux-gnu/10.1.0/:/usr/lib/gcc/x86_64-pc-linux-gnu/
LIBRARY_PATH=/usr/lib/gcc/x86_64-pc-linux-gnu/10.1.0/:/usr/lib/gcc/x86_64-pc-linux-gnu/10.1.0/../../../../lib/:/lib/../lib/:/usr/lib/../lib/:/usr/lib/gcc/x86_64-pc-linux-gnu/10.1.0/../../../:/lib/:/usr/lib/
COLLECT_GCC_OPTIONS='-ffunction-sections' '-fdata-sections' '-fPIC' '-m64' '-v' '-o' 'CMakeFiles/cmTC_9b245.dir/CMakeCCompilerABI.c.o' '-c' '-mtune=generic' '-march=x86-64'
Linking C executable cmTC_9b245
/usr/bin/cmake -E cmake_link_script CMakeFiles/cmTC_9b245.dir/link.txt --verbose=1
/usr/bin/cc  -ffunction-sections -fdata-sections -fPIC -m64   -v -rdynamic CMakeFiles/cmTC_9b245.dir/CMakeCCompilerABI.c.o -o cmTC_9b245 
Using built-in specs.
COLLECT_GCC=/usr/bin/cc
COLLECT_LTO_WRAPPER=/usr/lib/gcc/x86_64-pc-linux-gnu/10.1.0/lto-wrapper
Target: x86_64-pc-linux-gnu
Configured with: /build/gcc/src/gcc/configure --prefix=/usr --libdir=/usr/lib --libexecdir=/usr/lib --mandir=/usr/share/man --infodir=/usr/share/info --with-bugurl=https://bugs.archlinux.org/ --enable-languages=c,c++,ada,fortran,go,lto,objc,obj-c++,d --with-isl --with-linker-hash-style=gnu --with-system-zlib --enable-__cxa_atexit --enable-cet=auto --enable-checking=release --enable-clocale=gnu --enable-default-pie --enable-default-ssp --enable-gnu-indirect-function --enable-gnu-unique-object --enable-install-libiberty --enable-linker-build-id --enable-lto --enable-multilib --enable-plugin --enable-shared --enable-threads=posix --disable-libssp --disable-libstdcxx-pch --disable-libunwind-exceptions --disable-werror gdc_include_dir=/usr/include/dlang/gdc
Thread model: posix
Supported LTO compression algorithms: zlib zstd
gcc version 10.1.0 (GCC) 
COMPILER_PATH=/usr/lib/gcc/x86_64-pc-linux-gnu/10.1.0/:/usr/lib/gcc/x86_64-pc-linux-gnu/10.1.0/:/usr/lib/gcc/x86_64-pc-linux-gnu/:/usr/lib/gcc/x86_64-pc-linux-gnu/10.1.0/:/usr/lib/gcc/x86_64-pc-linux-gnu/
LIBRARY_PATH=/usr/lib/gcc/x86_64-pc-linux-gnu/10.1.0/:/usr/lib/gcc/x86_64-pc-linux-gnu/10.1.0/../../../../lib/:/lib/../lib/:/usr/lib/../lib/:/usr/lib/gcc/x86_64-pc-linux-gnu/10.1.0/../../../:/lib/:/usr/lib/
COLLECT_GCC_OPTIONS='-ffunction-sections' '-fdata-sections' '-fPIC' '-m64' '-v' '-rdynamic' '-o' 'cmTC_9b245' '-mtune=generic' '-march=x86-64'
 /usr/lib/gcc/x86_64-pc-linux-gnu/10.1.0/collect2 -plugin /usr/lib/gcc/x86_64-pc-linux-gnu/10.1.0/liblto_plugin.so -plugin-opt=/usr/lib/gcc/x86_64-pc-linux-gnu/10.1.0/lto-wrapper -plugin-opt=-fresolution=/tmp/cculqF3C.res -plugin-opt=-pass-through=-lgcc -plugin-opt=-pass-through=-lgcc_s -plugin-opt=-pass-through=-lc -plugin-opt=-pass-through=-lgcc -plugin-opt=-pass-through=-lgcc_s --build-id --eh-frame-hdr --hash-style=gnu -m elf_x86_64 -export-dynamic -dynamic-linker /lib64/ld-linux-x86-64.so.2 -pie -o cmTC_9b245 /usr/lib/gcc/x86_64-pc-linux-gnu/10.1.0/../../../../lib/Scrt1.o /usr/lib/gcc/x86_64-pc-linux-gnu/10.1.0/../../../../lib/crti.o /usr/lib/gcc/x86_64-pc-linux-gnu/10.1.0/crtbeginS.o -L/usr/lib/gcc/x86_64-pc-linux-gnu/10.1.0 -L/usr/lib/gcc/x86_64-pc-linux-gnu/10.1.0/../../../../lib -L/lib/../lib -L/usr/lib/../lib -L/usr/lib/gcc/x86_64-pc-linux-gnu/10.1.0/../../.. CMakeFiles/cmTC_9b245.dir/CMakeCCompilerABI.c.o -lgcc --push-state --as-needed -lgcc_s --pop-state -lc -lgcc --push-state --as-needed -lgcc_s --pop-state /usr/lib/gcc/x86_64-pc-linux-gnu/10.1.0/crtendS.o /usr/lib/gcc/x86_64-pc-linux-gnu/10.1.0/../../../../lib/crtn.o
COLLECT_GCC_OPTIONS='-ffunction-sections' '-fdata-sections' '-fPIC' '-m64' '-v' '-rdynamic' '-o' 'cmTC_9b245' '-mtune=generic' '-march=x86-64'
make[1]: Leaving directory '/home/iut/M4102C/target/debug/build/libzmq-sys-a82104b5cff9cc43/out/build/CMakeFiles/CMakeTmp'



Parsed C implicit include dir info from above output: rv=done
  found start of include info
  found start of implicit include info
    add: [/usr/lib/gcc/x86_64-pc-linux-gnu/10.1.0/include]
    add: [/usr/local/include]
    add: [/usr/lib/gcc/x86_64-pc-linux-gnu/10.1.0/include-fixed]
    add: [/usr/include]
  end of search list found
  collapse include dir [/usr/lib/gcc/x86_64-pc-linux-gnu/10.1.0/include] ==> [/usr/lib/gcc/x86_64-pc-linux-gnu/10.1.0/include]
  collapse include dir [/usr/local/include] ==> [/usr/local/include]
  collapse include dir [/usr/lib/gcc/x86_64-pc-linux-gnu/10.1.0/include-fixed] ==> [/usr/lib/gcc/x86_64-pc-linux-gnu/10.1.0/include-fixed]
  collapse include dir [/usr/include] ==> [/usr/include]
  implicit include dirs: [/usr/lib/gcc/x86_64-pc-linux-gnu/10.1.0/include;/usr/local/include;/usr/lib/gcc/x86_64-pc-linux-gnu/10.1.0/include-fixed;/usr/include]


Parsed C implicit link information from above output:
  link line regex: [^( *|.*[/\])(ld|CMAKE_LINK_STARTFILE-NOTFOUND|([^/\]+-)?ld|collect2)[^/\]*( |$)]
  ignore line: [Change Dir: /home/iut/M4102C/target/debug/build/libzmq-sys-a82104b5cff9cc43/out/build/CMakeFiles/CMakeTmp]
  ignore line: []
  ignore line: [Run Build Command(s):/usr/bin/make cmTC_9b245/fast && /usr/bin/make  -f CMakeFiles/cmTC_9b245.dir/build.make CMakeFiles/cmTC_9b245.dir/build]
  ignore line: [make[1]: Entering directory '/home/iut/M4102C/target/debug/build/libzmq-sys-a82104b5cff9cc43/out/build/CMakeFiles/CMakeTmp']
  ignore line: [Building C object CMakeFiles/cmTC_9b245.dir/CMakeCCompilerABI.c.o]
  ignore line: [/usr/bin/cc   -ffunction-sections -fdata-sections -fPIC -m64    -v -o CMakeFiles/cmTC_9b245.dir/CMakeCCompilerABI.c.o -c /usr/share/cmake-3.19/Modules/CMakeCCompilerABI.c]
  ignore line: [Using built-in specs.]
  ignore line: [COLLECT_GCC=/usr/bin/cc]
  ignore line: [Target: x86_64-pc-linux-gnu]
  ignore line: [Configured with: /build/gcc/src/gcc/configure --prefix=/usr --libdir=/usr/lib --libexecdir=/usr/lib --mandir=/usr/share/man --infodir=/usr/share/info --with-bugurl=https://bugs.archlinux.org/ --enable-languages=c c++ ada fortran go lto objc obj-c++ d --with-isl --with-linker-hash-style=gnu --with-system-zlib --enable-__cxa_atexit --enable-cet=auto --enable-checking=release --enable-clocale=gnu --enable-default-pie --enable-default-ssp --enable-gnu-indirect-function --enable-gnu-unique-object --enable-install-libiberty --enable-linker-build-id --enable-lto --enable-multilib --enable-plugin --enable-shared --enable-threads=posix --disable-libssp --disable-libstdcxx-pch --disable-libunwind-exceptions --disable-werror gdc_include_dir=/usr/include/dlang/gdc]
  ignore line: [Thread model: posix]
  ignore line: [Supported LTO compression algorithms: zlib zstd]
  ignore line: [gcc version 10.1.0 (GCC) ]
  ignore line: [COLLECT_GCC_OPTIONS='-ffunction-sections' '-fdata-sections' '-fPIC' '-m64' '-v' '-o' 'CMakeFiles/cmTC_9b245.dir/CMakeCCompilerABI.c.o' '-c' '-mtune=generic' '-march=x86-64']
  ignore line: [ /usr/lib/gcc/x86_64-pc-linux-gnu/10.1.0/cc1 -quiet -v /usr/share/cmake-3.19/Modules/CMakeCCompilerABI.c -quiet -dumpbase CMakeCCompilerABI.c -m64 -mtune=generic -march=x86-64 -auxbase-strip CMakeFiles/cmTC_9b245.dir/CMakeCCompilerABI.c.o -version -ffunction-sections -fdata-sections -fPIC -o /tmp/ccqY1F9d.s]
  ignore line: [GNU C17 (GCC) version 10.1.0 (x86_64-pc-linux-gnu)]
  ignore line: [	compiled by GNU C version 10.1.0  GMP version 6.2.0  MPFR version 4.0.2  MPC version 1.1.0  isl version isl-0.21-GMP]
  ignore line: []
  ignore line: [GGC heuristics: --param ggc-min-expand=100 --param ggc-min-heapsize=131072]
  ignore line: [ignoring nonexistent directory "/usr/lib/gcc/x86_64-pc-linux-gnu/10.1.0/../../../../x86_64-pc-linux-gnu/include"]
  ignore line: [#include "..." search starts here:]
  ignore line: [#include <...> search starts here:]
  ignore line: [ /usr/lib/gcc/x86_64-pc-linux-gnu/10.1.0/include]
  ignore line: [ /usr/local/include]
  ignore line: [ /usr/lib/gcc/x86_64-pc-linux-gnu/10.1.0/include-fixed]
  ignore line: [ /usr/include]
  ignore line: [End of search list.]
  ignore line: [GNU C17 (GCC) version 10.1.0 (x86_64-pc-linux-gnu)]
  ignore line: [	compiled by GNU C version 10.1.0  GMP version 6.2.0  MPFR version 4.0.2  MPC version 1.1.0  isl version isl-0.21-GMP]
  ignore line: []
  ignore line: [GGC heuristics: --param ggc-min-expand=100 --param ggc-min-heapsize=131072]
  ignore line: [Compiler executable checksum: 8cbeeaf463513b43dc3c4cd12e0bccb6]
  ignore line: [COLLECT_GCC_OPTIONS='-ffunction-sections' '-fdata-sections' '-fPIC' '-m64' '-v' '-o' 'CMakeFiles/cmTC_9b245.dir/CMakeCCompilerABI.c.o' '-c' '-mtune=generic' '-march=x86-64']
  ignore line: [ as -v --64 -o CMakeFiles/cmTC_9b245.dir/CMakeCCompilerABI.c.o /tmp/ccqY1F9d.s]
  ignore line: [GNU assembler version 2.34.0 (x86_64-pc-linux-gnu) using BFD version (GNU Binutils) 2.34.0]
  ignore line: [COMPILER_PATH=/usr/lib/gcc/x86_64-pc-linux-gnu/10.1.0/:/usr/lib/gcc/x86_64-pc-linux-gnu/10.1.0/:/usr/lib/gcc/x86_64-pc-linux-gnu/:/usr/lib/gcc/x86_64-pc-linux-gnu/10.1.0/:/usr/lib/gcc/x86_64-pc-linux-gnu/]
  ignore line: [LIBRARY_PATH=/usr/lib/gcc/x86_64-pc-linux-gnu/10.1.0/:/usr/lib/gcc/x86_64-pc-linux-gnu/10.1.0/../../../../lib/:/lib/../lib/:/usr/lib/../lib/:/usr/lib/gcc/x86_64-pc-linux-gnu/10.1.0/../../../:/lib/:/usr/lib/]
  ignore line: [COLLECT_GCC_OPTIONS='-ffunction-sections' '-fdata-sections' '-fPIC' '-m64' '-v' '-o' 'CMakeFiles/cmTC_9b245.dir/CMakeCCompilerABI.c.o' '-c' '-mtune=generic' '-march=x86-64']
  ignore line: [Linking C executable cmTC_9b245]
  ignore line: [/usr/bin/cmake -E cmake_link_script CMakeFiles/cmTC_9b245.dir/link.txt --verbose=1]
  ignore line: [/usr/bin/cc  -ffunction-sections -fdata-sections -fPIC -m64   -v -rdynamic CMakeFiles/cmTC_9b245.dir/CMakeCCompilerABI.c.o -o cmTC_9b245 ]
  ignore line: [Using built-in specs.]
  ignore line: [COLLECT_GCC=/usr/bin/cc]
  ignore line: [COLLECT_LTO_WRAPPER=/usr/lib/gcc/x86_64-pc-linux-gnu/10.1.0/lto-wrapper]
  ignore line: [Target: x86_64-pc-linux-gnu]
  ignore line: [Configured with: /build/gcc/src/gcc/configure --prefix=/usr --libdir=/usr/lib --libexecdir=/usr/lib --mandir=/usr/share/man --infodir=/usr/share/info --with-bugurl=https://bugs.archlinux.org/ --enable-languages=c c++ ada fortran go lto objc obj-c++ d --with-isl --with-linker-hash-style=gnu --with-system-zlib --enable-__cxa_atexit --enable-cet=auto --enable-checking=release --enable-clocale=gnu --enable-default-pie --enable-default-ssp --enable-gnu-indirect-function --enable-gnu-unique-object --enable-install-libiberty --enable-linker-build-id --enable-lto --enable-multilib --enable-plugin --enable-shared --enable-threads=posix --disable-libssp --disable-libstdcxx-pch --disable-libunwind-exceptions --disable-werror gdc_include_dir=/usr/include/dlang/gdc]
  ignore line: [Thread model: posix]
  ignore line: [Supported LTO compression algorithms: zlib zstd]
  ignore line: [gcc version 10.1.0 (GCC) ]
  ignore line: [COMPILER_PATH=/usr/lib/gcc/x86_64-pc-linux-gnu/10.1.0/:/usr/lib/gcc/x86_64-pc-linux-gnu/10.1.0/:/usr/lib/gcc/x86_64-pc-linux-gnu/:/usr/lib/gcc/x86_64-pc-linux-gnu/10.1.0/:/usr/lib/gcc/x86_64-pc-linux-gnu/]
  ignore line: [LIBRARY_PATH=/usr/lib/gcc/x86_64-pc-linux-gnu/10.1.0/:/usr/lib/gcc/x86_64-pc-linux-gnu/10.1.0/../../../../lib/:/lib/../lib/:/usr/lib/../lib/:/usr/lib/gcc/x86_64-pc-linux-gnu/10.1.0/../../../:/lib/:/usr/lib/]
  ignore line: [COLLECT_GCC_OPTIONS='-ffunction-sections' '-fdata-sections' '-fPIC' '-m64' '-v' '-rdynamic' '-o' 'cmTC_9b245' '-mtune=generic' '-march=x86-64']
  link line: [ /usr/lib/gcc/x86_64-pc-linux-gnu/10.1.0/collect2 -plugin /usr/lib/gcc/x86_64-pc-linux-gnu/10.1.0/liblto_plugin.so -plugin-opt=/usr/lib/gcc/x86_64-pc-linux-gnu/10.1.0/lto-wrapper -plugin-opt=-fresolution=/tmp/cculqF3C.res -plugin-opt=-pass-through=-lgcc -plugin-opt=-pass-through=-lgcc_s -plugin-opt=-pass-through=-lc -plugin-opt=-pass-through=-lgcc -plugin-opt=-pass-through=-lgcc_s --build-id --eh-frame-hdr --hash-style=gnu -m elf_x86_64 -export-dynamic -dynamic-linker /lib64/ld-linux-x86-64.so.2 -pie -o cmTC_9b245 /usr/lib/gcc/x86_64-pc-linux-gnu/10.1.0/../../../../lib/Scrt1.o /usr/lib/gcc/x86_64-pc-linux-gnu/10.1.0/../../../../lib/crti.o /usr/lib/gcc/x86_64-pc-linux-gnu/10.1.0/crtbeginS.o -L/usr/lib/gcc/x86_64-pc-linux-gnu/10.1.0 -L/usr/lib/gcc/x86_64-pc-linux-gnu/10.1.0/../../../../lib -L/lib/../lib -L/usr/lib/../lib -L/usr/lib/gcc/x86_64-pc-linux-gnu/10.1.0/../../.. CMakeFiles/cmTC_9b245.dir/CMakeCCompilerABI.c.o -lgcc --push-state --as-needed -lgcc_s --pop-state -lc -lgcc --push-state --as-needed -lgcc_s --pop-state /usr/lib/gcc/x86_64-pc-linux-gnu/10.1.0/crtendS.o /usr/lib/gcc/x86_64-pc-linux-gnu/10.1.0/../../../../lib/crtn.o]
    arg [/usr/lib/gcc/x86_64-pc-linux-gnu/10.1.0/collect2] ==> ignore
    arg [-plugin] ==> ignore
    arg [/usr/lib/gcc/x86_64-pc-linux-gnu/10.1.0/liblto_plugin.so] ==> ignore
    arg [-plugin-opt=/usr/lib/gcc/x86_64-pc-linux-gnu/10.1.0/lto-wrapper] ==> ignore
    arg [-plugin-opt=-fresolution=/tmp/cculqF3C.res] ==> ignore
    arg [-plugin-opt=-pass-through=-lgcc] ==> ignore
    arg [-plugin-opt=-pass-through=-lgcc_s] ==> ignore
    arg [-plugin-opt=-pass-through=-lc] ==> ignore
    arg [-plugin-opt=-pass-through=-lgcc] ==> ignore
    arg [-plugin-opt=-pass-through=-lgcc_s] ==> ignore
    arg [--build-id] ==> ignore
    arg [--eh-frame-hdr] ==> ignore
    arg [--hash-style=gnu] ==> ignore
    arg [-m] ==> ignore
    arg [elf_x86_64] ==> ignore
    arg [-export-dynamic] ==> ignore
    arg [-dynamic-linker] ==> ignore
    arg [/lib64/ld-linux-x86-64.so.2] ==> ignore
    arg [-pie] ==> ignore
    arg [-o] ==> ignore
    arg [cmTC_9b245] ==> ignore
    arg [/usr/lib/gcc/x86_64-pc-linux-gnu/10.1.0/../../../../lib/Scrt1.o] ==> ignore
    arg [/usr/lib/gcc/x86_64-pc-linux-gnu/10.1.0/../../../../lib/crti.o] ==> ignore
    arg [/usr/lib/gcc/x86_64-pc-linux-gnu/10.1.0/crtbeginS.o] ==> ignore
    arg [-L/usr/lib/gcc/x86_64-pc-linux-gnu/10.1.0] ==> dir [/usr/lib/gcc/x86_64-pc-linux-gnu/10.1.0]
    arg [-L/usr/lib/gcc/x86_64-pc-linux-gnu/10.1.0/../../../../lib] ==> dir [/usr/lib/gcc/x86_64-pc-linux-gnu/10.1.0/../../../../lib]
    arg [-L/lib/../lib] ==> dir [/lib/../lib]
    arg [-L/usr/lib/../lib] ==> dir [/usr/lib/../lib]
    arg [-L/usr/lib/gcc/x86_64-pc-linux-gnu/10.1.0/../../..] ==> dir [/usr/lib/gcc/x86_64-pc-linux-gnu/10.1.0/../../..]
    arg [CMakeFiles/cmTC_9b245.dir/CMakeCCompilerABI.c.o] ==> ignore
    arg [-lgcc] ==> lib [gcc]
    arg [--push-state] ==> ignore
    arg [--as-needed] ==> ignore
    arg [-lgcc_s] ==> lib [gcc_s]
    arg [--pop-state] ==> ignore
    arg [-lc] ==> lib [c]
    arg [-lgcc] ==> lib [gcc]
    arg [--push-state] ==> ignore
    arg [--as-needed] ==> ignore
    arg [-lgcc_s] ==> lib [gcc_s]
    arg [--pop-state] ==> ignore
    arg [/usr/lib/gcc/x86_64-pc-linux-gnu/10.1.0/crtendS.o] ==> ignore
    arg [/usr/lib/gcc/x86_64-pc-linux-gnu/10.1.0/../../../../lib/crtn.o] ==> ignore
  collapse library dir [/usr/lib/gcc/x86_64-pc-linux-gnu/10.1.0] ==> [/usr/lib/gcc/x86_64-pc-linux-gnu/10.1.0]
  collapse library dir [/usr/lib/gcc/x86_64-pc-linux-gnu/10.1.0/../../../../lib] ==> [/usr/lib]
  collapse library dir [/lib/../lib] ==> [/lib]
  collapse library dir [/usr/lib/../lib] ==> [/usr/lib]
  collapse library dir [/usr/lib/gcc/x86_64-pc-linux-gnu/10.1.0/../../..] ==> [/usr/lib]
  implicit libs: [gcc;gcc_s;c;gcc;gcc_s]
  implicit dirs: [/usr/lib/gcc/x86_64-pc-linux-gnu/10.1.0;/usr/lib;/lib]
  implicit fwks: []


Detecting CXX compiler ABI info compiled with the following output:
Change Dir: /home/iut/M4102C/target/debug/build/libzmq-sys-a82104b5cff9cc43/out/build/CMakeFiles/CMakeTmp

Run Build Command(s):/usr/bin/make cmTC_5469d/fast && /usr/bin/make  -f CMakeFiles/cmTC_5469d.dir/build.make CMakeFiles/cmTC_5469d.dir/build
make[1]: Entering directory '/home/iut/M4102C/target/debug/build/libzmq-sys-a82104b5cff9cc43/out/build/CMakeFiles/CMakeTmp'
Building CXX object CMakeFiles/cmTC_5469d.dir/CMakeCXXCompilerABI.cpp.o
/usr/bin/c++   -ffunction-sections -fdata-sections -fPIC -m64    -v -o CMakeFiles/cmTC_5469d.dir/CMakeCXXCompilerABI.cpp.o -c /usr/share/cmake-3.19/Modules/CMakeCXXCompilerABI.cpp
Using built-in specs.
COLLECT_GCC=/usr/bin/c++
Target: x86_64-pc-linux-gnu
Configured with: /build/gcc/src/gcc/configure --prefix=/usr --libdir=/usr/lib --libexecdir=/usr/lib --mandir=/usr/share/man --infodir=/usr/share/info --with-bugurl=https://bugs.archlinux.org/ --enable-languages=c,c++,ada,fortran,go,lto,objc,obj-c++,d --with-isl --with-linker-hash-style=gnu --with-system-zlib --enable-__cxa_atexit --enable-cet=auto --enable-checking=release --enable-clocale=gnu --enable-default-pie --enable-default-ssp --enable-gnu-indirect-function --enable-gnu-unique-object --enable-install-libiberty --enable-linker-build-id --enable-lto --enable-multilib --enable-plugin --enable-shared --enable-threads=posix --disable-libssp --disable-libstdcxx-pch --disable-libunwind-exceptions --disable-werror gdc_include_dir=/usr/include/dlang/gdc
Thread model: posix
Supported LTO compression algorithms: zlib zstd
gcc version 10.1.0 (GCC) 
COLLECT_GCC_OPTIONS='-ffunction-sections' '-fdata-sections' '-fPIC' '-m64' '-v' '-o' 'CMakeFiles/cmTC_5469d.dir/CMakeCXXCompilerABI.cpp.o' '-c' '-shared-libgcc' '-mtune=generic' '-march=x86-64'
 /usr/lib/gcc/x86_64-pc-linux-gnu/10.1.0/cc1plus -quiet -v -D_GNU_SOURCE /usr/share/cmake-3.19/Modules/CMakeCXXCompilerABI.cpp -quiet -dumpbase CMakeCXXCompilerABI.cpp -m64 -mtune=generic -march=x86-64 -auxbase-strip CMakeFiles/cmTC_5469d.dir/CMakeCXXCompilerABI.cpp.o -version -ffunction-sections -fdata-sections -fPIC -o /tmp/ccOwpgMG.s
GNU C++14 (GCC) version 10.1.0 (x86_64-pc-linux-gnu)
	compiled by GNU C version 10.1.0, GMP version 6.2.0, MPFR version 4.0.2, MPC version 1.1.0, isl version isl-0.21-GMP

GGC heuristics: --param ggc-min-expand=100 --param ggc-min-heapsize=131072
ignoring nonexistent directory "/usr/lib/gcc/x86_64-pc-linux-gnu/10.1.0/../../../../x86_64-pc-linux-gnu/include"
#include "..." search starts here:
#include <...> search starts here:
 /usr/lib/gcc/x86_64-pc-linux-gnu/10.1.0/../../../../include/c++/10.1.0
 /usr/lib/gcc/x86_64-pc-linux-gnu/10.1.0/../../../../include/c++/10.1.0/x86_64-pc-linux-gnu
 /usr/lib/gcc/x86_64-pc-linux-gnu/10.1.0/../../../../include/c++/10.1.0/backward
 /usr/lib/gcc/x86_64-pc-linux-gnu/10.1.0/include
 /usr/local/include
 /usr/lib/gcc/x86_64-pc-linux-gnu/10.1.0/include-fixed
 /usr/include
End of search list.
GNU C++14 (GCC) version 10.1.0 (x86_64-pc-linux-gnu)
	compiled by GNU C version 10.1.0, GMP version 6.2.0, MPFR version 4.0.2, MPC version 1.1.0, isl version isl-0.21-GMP

GGC heuristics: --param ggc-min-expand=100 --param ggc-min-heapsize=131072
Compiler executable checksum: 262bfe0a9d27898ea74cb944d94238f6
COLLECT_GCC_OPTIONS='-ffunction-sections' '-fdata-sections' '-fPIC' '-m64' '-v' '-o' 'CMakeFiles/cmTC_5469d.dir/CMakeCXXCompilerABI.cpp.o' '-c' '-shared-libgcc' '-mtune=generic' '-march=x86-64'
 as -v --64 -o CMakeFiles/cmTC_5469d.dir/CMakeCXXCompilerABI.cpp.o /tmp/ccOwpgMG.s
GNU assembler version 2.34.0 (x86_64-pc-linux-gnu) using BFD version (GNU Binutils) 2.34.0
COMPILER_PATH=/usr/lib/gcc/x86_64-pc-linux-gnu/10.1.0/:/usr/lib/gcc/x86_64-pc-linux-gnu/10.1.0/:/usr/lib/gcc/x86_64-pc-linux-gnu/:/usr/lib/gcc/x86_64-pc-linux-gnu/10.1.0/:/usr/lib/gcc/x86_64-pc-linux-gnu/
LIBRARY_PATH=/usr/lib/gcc/x86_64-pc-linux-gnu/10.1.0/:/usr/lib/gcc/x86_64-pc-linux-gnu/10.1.0/../../../../lib/:/lib/../lib/:/usr/lib/../lib/:/usr/lib/gcc/x86_64-pc-linux-gnu/10.1.0/../../../:/lib/:/usr/lib/
COLLECT_GCC_OPTIONS='-ffunction-sections' '-fdata-sections' '-fPIC' '-m64' '-v' '-o' 'CMakeFiles/cmTC_5469d.dir/CMakeCXXCompilerABI.cpp.o' '-c' '-shared-libgcc' '-mtune=generic' '-march=x86-64'
Linking CXX executable cmTC_5469d
/usr/bin/cmake -E cmake_link_script CMakeFiles/cmTC_5469d.dir/link.txt --verbose=1
/usr/bin/c++  -ffunction-sections -fdata-sections -fPIC -m64   -v -rdynamic CMakeFiles/cmTC_5469d.dir/CMakeCXXCompilerABI.cpp.o -o cmTC_5469d 
Using built-in specs.
COLLECT_GCC=/usr/bin/c++
COLLECT_LTO_WRAPPER=/usr/lib/gcc/x86_64-pc-linux-gnu/10.1.0/lto-wrapper
Target: x86_64-pc-linux-gnu
Configured with: /build/gcc/src/gcc/configure --prefix=/usr --libdir=/usr/lib --libexecdir=/usr/lib --mandir=/usr/share/man --infodir=/usr/share/info --with-bugurl=https://bugs.archlinux.org/ --enable-languages=c,c++,ada,fortran,go,lto,objc,obj-c++,d --with-isl --with-linker-hash-style=gnu --with-system-zlib --enable-__cxa_atexit --enable-cet=auto --enable-checking=release --enable-clocale=gnu --enable-default-pie --enable-default-ssp --enable-gnu-indirect-function --enable-gnu-unique-object --enable-install-libiberty --enable-linker-build-id --enable-lto --enable-multilib --enable-plugin --enable-shared --enable-threads=posix --disable-libssp --disable-libstdcxx-pch --disable-libunwind-exceptions --disable-werror gdc_include_dir=/usr/include/dlang/gdc
Thread model: posix
Supported LTO compression algorithms: zlib zstd
gcc version 10.1.0 (GCC) 
COMPILER_PATH=/usr/lib/gcc/x86_64-pc-linux-gnu/10.1.0/:/usr/lib/gcc/x86_64-pc-linux-gnu/10.1.0/:/usr/lib/gcc/x86_64-pc-linux-gnu/:/usr/lib/gcc/x86_64-pc-linux-gnu/10.1.0/:/usr/lib/gcc/x86_64-pc-linux-gnu/
LIBRARY_PATH=/usr/lib/gcc/x86_64-pc-linux-gnu/10.1.0/:/usr/lib/gcc/x86_64-pc-linux-gnu/10.1.0/../../../../lib/:/lib/../lib/:/usr/lib/../lib/:/usr/lib/gcc/x86_64-pc-linux-gnu/10.1.0/../../../:/lib/:/usr/lib/
COLLECT_GCC_OPTIONS='-ffunction-sections' '-fdata-sections' '-fPIC' '-m64' '-v' '-rdynamic' '-o' 'cmTC_5469d' '-shared-libgcc' '-mtune=generic' '-march=x86-64'
 /usr/lib/gcc/x86_64-pc-linux-gnu/10.1.0/collect2 -plugin /usr/lib/gcc/x86_64-pc-linux-gnu/10.1.0/liblto_plugin.so -plugin-opt=/usr/lib/gcc/x86_64-pc-linux-gnu/10.1.0/lto-wrapper -plugin-opt=-fresolution=/tmp/ccbTY5pm.res -plugin-opt=-pass-through=-lgcc_s -plugin-opt=-pass-through=-lgcc -plugin-opt=-pass-through=-lc -plugin-opt=-pass-through=-lgcc_s -plugin-opt=-pass-through=-lgcc --build-id --eh-frame-hdr --hash-style=gnu -m elf_x86_64 -export-dynamic -dynamic-linker /lib64/ld-linux-x86-64.so.2 -pie -o cmTC_5469d /usr/lib/gcc/x86_64-pc-linux-gnu/10.1.0/../../../../lib/Scrt1.o /usr/lib/gcc/x86_64-pc-linux-gnu/10.1.0/../../../../lib/crti.o /usr/lib/gcc/x86_64-pc-linux-gnu/10.1.0/crtbeginS.o -L/usr/lib/gcc/x86_64-pc-linux-gnu/10.1.0 -L/usr/lib/gcc/x86_64-pc-linux-gnu/10.1.0/../../../../lib -L/lib/../lib -L/usr/lib/../lib -L/usr/lib/gcc/x86_64-pc-linux-gnu/10.1.0/../../.. CMakeFiles/cmTC_5469d.dir/CMakeCXXCompilerABI.cpp.o -lstdc++ -lm -lgcc_s -lgcc -lc -lgcc_s -lgcc /usr/lib/gcc/x86_64-pc-linux-gnu/10.1.0/crtendS.o /usr/lib/gcc/x86_64-pc-linux-gnu/10.1.0/../../../../lib/crtn.o
COLLECT_GCC_OPTIONS='-ffunction-sections' '-fdata-sections' '-fPIC' '-m64' '-v' '-rdynamic' '-o' 'cmTC_5469d' '-shared-libgcc' '-mtune=generic' '-march=x86-64'
make[1]: Leaving directory '/home/iut/M4102C/target/debug/build/libzmq-sys-a82104b5cff9cc43/out/build/CMakeFiles/CMakeTmp'



Parsed CXX implicit include dir info from above output: rv=done
  found start of include info
  found start of implicit include info
    add: [/usr/lib/gcc/x86_64-pc-linux-gnu/10.1.0/../../../../include/c++/10.1.0]
    add: [/usr/lib/gcc/x86_64-pc-linux-gnu/10.1.0/../../../../include/c++/10.1.0/x86_64-pc-linux-gnu]
    add: [/usr/lib/gcc/x86_64-pc-linux-gnu/10.1.0/../../../../include/c++/10.1.0/backward]
    add: [/usr/lib/gcc/x86_64-pc-linux-gnu/10.1.0/include]
    add: [/usr/local/include]
    add: [/usr/lib/gcc/x86_64-pc-linux-gnu/10.1.0/include-fixed]
    add: [/usr/include]
  end of search list found
  collapse include dir [/usr/lib/gcc/x86_64-pc-linux-gnu/10.1.0/../../../../include/c++/10.1.0] ==> [/usr/include/c++/10.1.0]
  collapse include dir [/usr/lib/gcc/x86_64-pc-linux-gnu/10.1.0/../../../../include/c++/10.1.0/x86_64-pc-linux-gnu] ==> [/usr/include/c++/10.1.0/x86_64-pc-linux-gnu]
  collapse include dir [/usr/lib/gcc/x86_64-pc-linux-gnu/10.1.0/../../../../include/c++/10.1.0/backward] ==> [/usr/include/c++/10.1.0/backward]
  collapse include dir [/usr/lib/gcc/x86_64-pc-linux-gnu/10.1.0/include] ==> [/usr/lib/gcc/x86_64-pc-linux-gnu/10.1.0/include]
  collapse include dir [/usr/local/include] ==> [/usr/local/include]
  collapse include dir [/usr/lib/gcc/x86_64-pc-linux-gnu/10.1.0/include-fixed] ==> [/usr/lib/gcc/x86_64-pc-linux-gnu/10.1.0/include-fixed]
  collapse include dir [/usr/include] ==> [/usr/include]
  implicit include dirs: [/usr/include/c++/10.1.0;/usr/include/c++/10.1.0/x86_64-pc-linux-gnu;/usr/include/c++/10.1.0/backward;/usr/lib/gcc/x86_64-pc-linux-gnu/10.1.0/include;/usr/local/include;/usr/lib/gcc/x86_64-pc-linux-gnu/10.1.0/include-fixed;/usr/include]


Parsed CXX implicit link information from above output:
  link line regex: [^( *|.*[/\])(ld|CMAKE_LINK_STARTFILE-NOTFOUND|([^/\]+-)?ld|collect2)[^/\]*( |$)]
  ignore line: [Change Dir: /home/iut/M4102C/target/debug/build/libzmq-sys-a82104b5cff9cc43/out/build/CMakeFiles/CMakeTmp]
  ignore line: []
  ignore line: [Run Build Command(s):/usr/bin/make cmTC_5469d/fast && /usr/bin/make  -f CMakeFiles/cmTC_5469d.dir/build.make CMakeFiles/cmTC_5469d.dir/build]
  ignore line: [make[1]: Entering directory '/home/iut/M4102C/target/debug/build/libzmq-sys-a82104b5cff9cc43/out/build/CMakeFiles/CMakeTmp']
  ignore line: [Building CXX object CMakeFiles/cmTC_5469d.dir/CMakeCXXCompilerABI.cpp.o]
  ignore line: [/usr/bin/c++   -ffunction-sections -fdata-sections -fPIC -m64    -v -o CMakeFiles/cmTC_5469d.dir/CMakeCXXCompilerABI.cpp.o -c /usr/share/cmake-3.19/Modules/CMakeCXXCompilerABI.cpp]
  ignore line: [Using built-in specs.]
  ignore line: [COLLECT_GCC=/usr/bin/c++]
  ignore line: [Target: x86_64-pc-linux-gnu]
  ignore line: [Configured with: /build/gcc/src/gcc/configure --prefix=/usr --libdir=/usr/lib --libexecdir=/usr/lib --mandir=/usr/share/man --infodir=/usr/share/info --with-bugurl=https://bugs.archlinux.org/ --enable-languages=c c++ ada fortran go lto objc obj-c++ d --with-isl --with-linker-hash-style=gnu --with-system-zlib --enable-__cxa_atexit --enable-cet=auto --enable-checking=release --enable-clocale=gnu --enable-default-pie --enable-default-ssp --enable-gnu-indirect-function --enable-gnu-unique-object --enable-install-libiberty --enable-linker-build-id --enable-lto --enable-multilib --enable-plugin --enable-shared --enable-threads=posix --disable-libssp --disable-libstdcxx-pch --disable-libunwind-exceptions --disable-werror gdc_include_dir=/usr/include/dlang/gdc]
  ignore line: [Thread model: posix]
  ignore line: [Supported LTO compression algorithms: zlib zstd]
  ignore line: [gcc version 10.1.0 (GCC) ]
  ignore line: [COLLECT_GCC_OPTIONS='-ffunction-sections' '-fdata-sections' '-fPIC' '-m64' '-v' '-o' 'CMakeFiles/cmTC_5469d.dir/CMakeCXXCompilerABI.cpp.o' '-c' '-shared-libgcc' '-mtune=generic' '-march=x86-64']
  ignore line: [ /usr/lib/gcc/x86_64-pc-linux-gnu/10.1.0/cc1plus -quiet -v -D_GNU_SOURCE /usr/share/cmake-3.19/Modules/CMakeCXXCompilerABI.cpp -quiet -dumpbase CMakeCXXCompilerABI.cpp -m64 -mtune=generic -march=x86-64 -auxbase-strip CMakeFiles/cmTC_5469d.dir/CMakeCXXCompilerABI.cpp.o -version -ffunction-sections -fdata-sections -fPIC -o /tmp/ccOwpgMG.s]
  ignore line: [GNU C++14 (GCC) version 10.1.0 (x86_64-pc-linux-gnu)]
  ignore line: [	compiled by GNU C version 10.1.0  GMP version 6.2.0  MPFR version 4.0.2  MPC version 1.1.0  isl version isl-0.21-GMP]
  ignore line: []
  ignore line: [GGC heuristics: --param ggc-min-expand=100 --param ggc-min-heapsize=131072]
  ignore line: [ignoring nonexistent directory "/usr/lib/gcc/x86_64-pc-linux-gnu/10.1.0/../../../../x86_64-pc-linux-gnu/include"]
  ignore line: [#include "..." search starts here:]
  ignore line: [#include <...> search starts here:]
  ignore line: [ /usr/lib/gcc/x86_64-pc-linux-gnu/10.1.0/../../../../include/c++/10.1.0]
  ignore line: [ /usr/lib/gcc/x86_64-pc-linux-gnu/10.1.0/../../../../include/c++/10.1.0/x86_64-pc-linux-gnu]
  ignore line: [ /usr/lib/gcc/x86_64-pc-linux-gnu/10.1.0/../../../../include/c++/10.1.0/backward]
  ignore line: [ /usr/lib/gcc/x86_64-pc-linux-gnu/10.1.0/include]
  ignore line: [ /usr/local/include]
  ignore line: [ /usr/lib/gcc/x86_64-pc-linux-gnu/10.1.0/include-fixed]
  ignore line: [ /usr/include]
  ignore line: [End of search list.]
  ignore line: [GNU C++14 (GCC) version 10.1.0 (x86_64-pc-linux-gnu)]
  ignore line: [	compiled by GNU C version 10.1.0  GMP version 6.2.0  MPFR version 4.0.2  MPC version 1.1.0  isl version isl-0.21-GMP]
  ignore line: []
  ignore line: [GGC heuristics: --param ggc-min-expand=100 --param ggc-min-heapsize=131072]
  ignore line: [Compiler executable checksum: 262bfe0a9d27898ea74cb944d94238f6]
  ignore line: [COLLECT_GCC_OPTIONS='-ffunction-sections' '-fdata-sections' '-fPIC' '-m64' '-v' '-o' 'CMakeFiles/cmTC_5469d.dir/CMakeCXXCompilerABI.cpp.o' '-c' '-shared-libgcc' '-mtune=generic' '-march=x86-64']
  ignore line: [ as -v --64 -o CMakeFiles/cmTC_5469d.dir/CMakeCXXCompilerABI.cpp.o /tmp/ccOwpgMG.s]
  ignore line: [GNU assembler version 2.34.0 (x86_64-pc-linux-gnu) using BFD version (GNU Binutils) 2.34.0]
  ignore line: [COMPILER_PATH=/usr/lib/gcc/x86_64-pc-linux-gnu/10.1.0/:/usr/lib/gcc/x86_64-pc-linux-gnu/10.1.0/:/usr/lib/gcc/x86_64-pc-linux-gnu/:/usr/lib/gcc/x86_64-pc-linux-gnu/10.1.0/:/usr/lib/gcc/x86_64-pc-linux-gnu/]
  ignore line: [LIBRARY_PATH=/usr/lib/gcc/x86_64-pc-linux-gnu/10.1.0/:/usr/lib/gcc/x86_64-pc-linux-gnu/10.1.0/../../../../lib/:/lib/../lib/:/usr/lib/../lib/:/usr/lib/gcc/x86_64-pc-linux-gnu/10.1.0/../../../:/lib/:/usr/lib/]
  ignore line: [COLLECT_GCC_OPTIONS='-ffunction-sections' '-fdata-sections' '-fPIC' '-m64' '-v' '-o' 'CMakeFiles/cmTC_5469d.dir/CMakeCXXCompilerABI.cpp.o' '-c' '-shared-libgcc' '-mtune=generic' '-march=x86-64']
  ignore line: [Linking CXX executable cmTC_5469d]
  ignore line: [/usr/bin/cmake -E cmake_link_script CMakeFiles/cmTC_5469d.dir/link.txt --verbose=1]
  ignore line: [/usr/bin/c++  -ffunction-sections -fdata-sections -fPIC -m64   -v -rdynamic CMakeFiles/cmTC_5469d.dir/CMakeCXXCompilerABI.cpp.o -o cmTC_5469d ]
  ignore line: [Using built-in specs.]
  ignore line: [COLLECT_GCC=/usr/bin/c++]
  ignore line: [COLLECT_LTO_WRAPPER=/usr/lib/gcc/x86_64-pc-linux-gnu/10.1.0/lto-wrapper]
  ignore line: [Target: x86_64-pc-linux-gnu]
  ignore line: [Configured with: /build/gcc/src/gcc/configure --prefix=/usr --libdir=/usr/lib --libexecdir=/usr/lib --mandir=/usr/share/man --infodir=/usr/share/info --with-bugurl=https://bugs.archlinux.org/ --enable-languages=c c++ ada fortran go lto objc obj-c++ d --with-isl --with-linker-hash-style=gnu --with-system-zlib --enable-__cxa_atexit --enable-cet=auto --enable-checking=release --enable-clocale=gnu --enable-default-pie --enable-default-ssp --enable-gnu-indirect-function --enable-gnu-unique-object --enable-install-libiberty --enable-linker-build-id --enable-lto --enable-multilib --enable-plugin --enable-shared --enable-threads=posix --disable-libssp --disable-libstdcxx-pch --disable-libunwind-exceptions --disable-werror gdc_include_dir=/usr/include/dlang/gdc]
  ignore line: [Thread model: posix]
  ignore line: [Supported LTO compression algorithms: zlib zstd]
  ignore line: [gcc version 10.1.0 (GCC) ]
  ignore line: [COMPILER_PATH=/usr/lib/gcc/x86_64-pc-linux-gnu/10.1.0/:/usr/lib/gcc/x86_64-pc-linux-gnu/10.1.0/:/usr/lib/gcc/x86_64-pc-linux-gnu/:/usr/lib/gcc/x86_64-pc-linux-gnu/10.1.0/:/usr/lib/gcc/x86_64-pc-linux-gnu/]
  ignore line: [LIBRARY_PATH=/usr/lib/gcc/x86_64-pc-linux-gnu/10.1.0/:/usr/lib/gcc/x86_64-pc-linux-gnu/10.1.0/../../../../lib/:/lib/../lib/:/usr/lib/../lib/:/usr/lib/gcc/x86_64-pc-linux-gnu/10.1.0/../../../:/lib/:/usr/lib/]
  ignore line: [COLLECT_GCC_OPTIONS='-ffunction-sections' '-fdata-sections' '-fPIC' '-m64' '-v' '-rdynamic' '-o' 'cmTC_5469d' '-shared-libgcc' '-mtune=generic' '-march=x86-64']
  link line: [ /usr/lib/gcc/x86_64-pc-linux-gnu/10.1.0/collect2 -plugin /usr/lib/gcc/x86_64-pc-linux-gnu/10.1.0/liblto_plugin.so -plugin-opt=/usr/lib/gcc/x86_64-pc-linux-gnu/10.1.0/lto-wrapper -plugin-opt=-fresolution=/tmp/ccbTY5pm.res -plugin-opt=-pass-through=-lgcc_s -plugin-opt=-pass-through=-lgcc -plugin-opt=-pass-through=-lc -plugin-opt=-pass-through=-lgcc_s -plugin-opt=-pass-through=-lgcc --build-id --eh-frame-hdr --hash-style=gnu -m elf_x86_64 -export-dynamic -dynamic-linker /lib64/ld-linux-x86-64.so.2 -pie -o cmTC_5469d /usr/lib/gcc/x86_64-pc-linux-gnu/10.1.0/../../../../lib/Scrt1.o /usr/lib/gcc/x86_64-pc-linux-gnu/10.1.0/../../../../lib/crti.o /usr/lib/gcc/x86_64-pc-linux-gnu/10.1.0/crtbeginS.o -L/usr/lib/gcc/x86_64-pc-linux-gnu/10.1.0 -L/usr/lib/gcc/x86_64-pc-linux-gnu/10.1.0/../../../../lib -L/lib/../lib -L/usr/lib/../lib -L/usr/lib/gcc/x86_64-pc-linux-gnu/10.1.0/../../.. CMakeFiles/cmTC_5469d.dir/CMakeCXXCompilerABI.cpp.o -lstdc++ -lm -lgcc_s -lgcc -lc -lgcc_s -lgcc /usr/lib/gcc/x86_64-pc-linux-gnu/10.1.0/crtendS.o /usr/lib/gcc/x86_64-pc-linux-gnu/10.1.0/../../../../lib/crtn.o]
    arg [/usr/lib/gcc/x86_64-pc-linux-gnu/10.1.0/collect2] ==> ignore
    arg [-plugin] ==> ignore
    arg [/usr/lib/gcc/x86_64-pc-linux-gnu/10.1.0/liblto_plugin.so] ==> ignore
    arg [-plugin-opt=/usr/lib/gcc/x86_64-pc-linux-gnu/10.1.0/lto-wrapper] ==> ignore
    arg [-plugin-opt=-fresolution=/tmp/ccbTY5pm.res] ==> ignore
    arg [-plugin-opt=-pass-through=-lgcc_s] ==> ignore
    arg [-plugin-opt=-pass-through=-lgcc] ==> ignore
    arg [-plugin-opt=-pass-through=-lc] ==> ignore
    arg [-plugin-opt=-pass-through=-lgcc_s] ==> ignore
    arg [-plugin-opt=-pass-through=-lgcc] ==> ignore
    arg [--build-id] ==> ignore
    arg [--eh-frame-hdr] ==> ignore
    arg [--hash-style=gnu] ==> ignore
    arg [-m] ==> ignore
    arg [elf_x86_64] ==> ignore
    arg [-export-dynamic] ==> ignore
    arg [-dynamic-linker] ==> ignore
    arg [/lib64/ld-linux-x86-64.so.2] ==> ignore
    arg [-pie] ==> ignore
    arg [-o] ==> ignore
    arg [cmTC_5469d] ==> ignore
    arg [/usr/lib/gcc/x86_64-pc-linux-gnu/10.1.0/../../../../lib/Scrt1.o] ==> ignore
    arg [/usr/lib/gcc/x86_64-pc-linux-gnu/10.1.0/../../../../lib/crti.o] ==> ignore
    arg [/usr/lib/gcc/x86_64-pc-linux-gnu/10.1.0/crtbeginS.o] ==> ignore
    arg [-L/usr/lib/gcc/x86_64-pc-linux-gnu/10.1.0] ==> dir [/usr/lib/gcc/x86_64-pc-linux-gnu/10.1.0]
    arg [-L/usr/lib/gcc/x86_64-pc-linux-gnu/10.1.0/../../../../lib] ==> dir [/usr/lib/gcc/x86_64-pc-linux-gnu/10.1.0/../../../../lib]
    arg [-L/lib/../lib] ==> dir [/lib/../lib]
    arg [-L/usr/lib/../lib] ==> dir [/usr/lib/../lib]
    arg [-L/usr/lib/gcc/x86_64-pc-linux-gnu/10.1.0/../../..] ==> dir [/usr/lib/gcc/x86_64-pc-linux-gnu/10.1.0/../../..]
    arg [CMakeFiles/cmTC_5469d.dir/CMakeCXXCompilerABI.cpp.o] ==> ignore
    arg [-lstdc++] ==> lib [stdc++]
    arg [-lm] ==> lib [m]
    arg [-lgcc_s] ==> lib [gcc_s]
    arg [-lgcc] ==> lib [gcc]
    arg [-lc] ==> lib [c]
    arg [-lgcc_s] ==> lib [gcc_s]
    arg [-lgcc] ==> lib [gcc]
    arg [/usr/lib/gcc/x86_64-pc-linux-gnu/10.1.0/crtendS.o] ==> ignore
    arg [/usr/lib/gcc/x86_64-pc-linux-gnu/10.1.0/../../../../lib/crtn.o] ==> ignore
  collapse library dir [/usr/lib/gcc/x86_64-pc-linux-gnu/10.1.0] ==> [/usr/lib/gcc/x86_64-pc-linux-gnu/10.1.0]
  collapse library dir [/usr/lib/gcc/x86_64-pc-linux-gnu/10.1.0/../../../../lib] ==> [/usr/lib]
  collapse library dir [/lib/../lib] ==> [/lib]
  collapse library dir [/usr/lib/../lib] ==> [/usr/lib]
  collapse library dir [/usr/lib/gcc/x86_64-pc-linux-gnu/10.1.0/../../..] ==> [/usr/lib]
  implicit libs: [stdc++;m;gcc_s;gcc;c;gcc_s;gcc]
  implicit dirs: [/usr/lib/gcc/x86_64-pc-linux-gnu/10.1.0;/usr/lib;/lib]
  implicit fwks: []


Determining if the include file pthread.h exists passed with the following output:
Change Dir: /home/iut/M4102C/target/debug/build/libzmq-sys-a82104b5cff9cc43/out/build/CMakeFiles/CMakeTmp

Run Build Command(s):/usr/bin/make cmTC_416b4/fast && /usr/bin/make  -f CMakeFiles/cmTC_416b4.dir/build.make CMakeFiles/cmTC_416b4.dir/build
make[1] : on entre dans le répertoire « /home/iut/M4102C/target/debug/build/libzmq-sys-a82104b5cff9cc43/out/build/CMakeFiles/CMakeTmp »
Building C object CMakeFiles/cmTC_416b4.dir/CheckIncludeFile.c.o
/usr/bin/cc   -ffunction-sections -fdata-sections -fPIC -m64  -o CMakeFiles/cmTC_416b4.dir/CheckIncludeFile.c.o -c /home/iut/M4102C/target/debug/build/libzmq-sys-a82104b5cff9cc43/out/build/CMakeFiles/CMakeTmp/CheckIncludeFile.c
Linking C executable cmTC_416b4
/usr/bin/cmake -E cmake_link_script CMakeFiles/cmTC_416b4.dir/link.txt --verbose=1
/usr/bin/cc  -ffunction-sections -fdata-sections -fPIC -m64  -rdynamic CMakeFiles/cmTC_416b4.dir/CheckIncludeFile.c.o -o cmTC_416b4 
make[1] : on quitte le répertoire « /home/iut/M4102C/target/debug/build/libzmq-sys-a82104b5cff9cc43/out/build/CMakeFiles/CMakeTmp »



Determining if the function pthread_create exists in the pthread passed with the following output:
Change Dir: /home/iut/M4102C/target/debug/build/libzmq-sys-a82104b5cff9cc43/out/build/CMakeFiles/CMakeTmp

Run Build Command(s):/usr/bin/make cmTC_aacd8/fast && /usr/bin/make  -f CMakeFiles/cmTC_aacd8.dir/build.make CMakeFiles/cmTC_aacd8.dir/build
make[1] : on entre dans le répertoire « /home/iut/M4102C/target/debug/build/libzmq-sys-a82104b5cff9cc43/out/build/CMakeFiles/CMakeTmp »
Building C object CMakeFiles/cmTC_aacd8.dir/CheckFunctionExists.c.o
/usr/bin/cc   -ffunction-sections -fdata-sections -fPIC -m64 -DCHECK_FUNCTION_EXISTS=pthread_create -o CMakeFiles/cmTC_aacd8.dir/CheckFunctionExists.c.o -c /usr/share/cmake-3.19/Modules/CheckFunctionExists.c
Linking C executable cmTC_aacd8
/usr/bin/cmake -E cmake_link_script CMakeFiles/cmTC_aacd8.dir/link.txt --verbose=1
/usr/bin/cc  -ffunction-sections -fdata-sections -fPIC -m64 -DCHECK_FUNCTION_EXISTS=pthread_create -rdynamic CMakeFiles/cmTC_aacd8.dir/CheckFunctionExists.c.o -o cmTC_aacd8  -lpthread 
make[1] : on quitte le répertoire « /home/iut/M4102C/target/debug/build/libzmq-sys-a82104b5cff9cc43/out/build/CMakeFiles/CMakeTmp »



Performing C++ SOURCE FILE Test COMPILER_SUPPORTS_CXX11 succeeded with the following output:
Change Dir: /home/iut/M4102C/target/debug/build/libzmq-sys-a82104b5cff9cc43/out/build/CMakeFiles/CMakeTmp

Run Build Command(s):/usr/bin/make cmTC_a952a/fast && /usr/bin/make  -f CMakeFiles/cmTC_a952a.dir/build.make CMakeFiles/cmTC_a952a.dir/build
make[1]: Entering directory '/home/iut/M4102C/target/debug/build/libzmq-sys-a82104b5cff9cc43/out/build/CMakeFiles/CMakeTmp'
Building CXX object CMakeFiles/cmTC_a952a.dir/src.cxx.o
/usr/bin/c++ -DCOMPILER_SUPPORTS_CXX11  -ffunction-sections -fdata-sections -fPIC -m64    -std=gnu++11 -o CMakeFiles/cmTC_a952a.dir/src.cxx.o -c /home/iut/M4102C/target/debug/build/libzmq-sys-a82104b5cff9cc43/out/build/CMakeFiles/CMakeTmp/src.cxx
Linking CXX executable cmTC_a952a
/usr/bin/cmake -E cmake_link_script CMakeFiles/cmTC_a952a.dir/link.txt --verbose=1
/usr/bin/c++  -ffunction-sections -fdata-sections -fPIC -m64  -rdynamic CMakeFiles/cmTC_a952a.dir/src.cxx.o -o cmTC_a952a 
make[1]: Leaving directory '/home/iut/M4102C/target/debug/build/libzmq-sys-a82104b5cff9cc43/out/build/CMakeFiles/CMakeTmp'


Source file was:
int main() { return 0; }
Performing C SOURCE FILE Test COMPILER_SUPPORTS_C11 succeeded with the following output:
Change Dir: /home/iut/M4102C/target/debug/build/libzmq-sys-a82104b5cff9cc43/out/build/CMakeFiles/CMakeTmp

Run Build Command(s):/usr/bin/make cmTC_4c3c4/fast && /usr/bin/make  -f CMakeFiles/cmTC_4c3c4.dir/build.make CMakeFiles/cmTC_4c3c4.dir/build
make[1]: Entering directory '/home/iut/M4102C/target/debug/build/libzmq-sys-a82104b5cff9cc43/out/build/CMakeFiles/CMakeTmp'
Building C object CMakeFiles/cmTC_4c3c4.dir/src.c.o
/usr/bin/cc -DCOMPILER_SUPPORTS_C11  -ffunction-sections -fdata-sections -fPIC -m64    -std=gnu11 -o CMakeFiles/cmTC_4c3c4.dir/src.c.o -c /home/iut/M4102C/target/debug/build/libzmq-sys-a82104b5cff9cc43/out/build/CMakeFiles/CMakeTmp/src.c
Linking C executable cmTC_4c3c4
/usr/bin/cmake -E cmake_link_script CMakeFiles/cmTC_4c3c4.dir/link.txt --verbose=1
/usr/bin/cc  -ffunction-sections -fdata-sections -fPIC -m64  -rdynamic CMakeFiles/cmTC_4c3c4.dir/src.c.o -o cmTC_4c3c4 
make[1]: Leaving directory '/home/iut/M4102C/target/debug/build/libzmq-sys-a82104b5cff9cc43/out/build/CMakeFiles/CMakeTmp'


Source file was:
int main(void) { return 0; }
Performing C++ SOURCE FILE Test CXX_HAS_TAUT_WARNING succeeded with the following output:
Change Dir: /home/iut/M4102C/target/debug/build/libzmq-sys-a82104b5cff9cc43/out/build/CMakeFiles/CMakeTmp

Run Build Command(s):/usr/bin/make cmTC_fd819/fast && /usr/bin/make  -f CMakeFiles/cmTC_fd819.dir/build.make CMakeFiles/cmTC_fd819.dir/build
make[1]: Entering directory '/home/iut/M4102C/target/debug/build/libzmq-sys-a82104b5cff9cc43/out/build/CMakeFiles/CMakeTmp'
Building CXX object CMakeFiles/cmTC_fd819.dir/src.cxx.o
/usr/bin/c++ -DCXX_HAS_TAUT_WARNING  -ffunction-sections -fdata-sections -fPIC -m64 -std=gnu++11    -Wno-tautological-constant-compare -o CMakeFiles/cmTC_fd819.dir/src.cxx.o -c /home/iut/M4102C/target/debug/build/libzmq-sys-a82104b5cff9cc43/out/build/CMakeFiles/CMakeTmp/src.cxx
Linking CXX executable cmTC_fd819
/usr/bin/cmake -E cmake_link_script CMakeFiles/cmTC_fd819.dir/link.txt --verbose=1
/usr/bin/c++  -ffunction-sections -fdata-sections -fPIC -m64 -std=gnu++11  -rdynamic CMakeFiles/cmTC_fd819.dir/src.cxx.o -o cmTC_fd819 
make[1]: Leaving directory '/home/iut/M4102C/target/debug/build/libzmq-sys-a82104b5cff9cc43/out/build/CMakeFiles/CMakeTmp'


Source file was:
int main() { return 0; }
Performing C SOURCE FILE Test CC_HAS_TAUT_WARNING succeeded with the following output:
Change Dir: /home/iut/M4102C/target/debug/build/libzmq-sys-a82104b5cff9cc43/out/build/CMakeFiles/CMakeTmp

Run Build Command(s):/usr/bin/make cmTC_1dba5/fast && /usr/bin/make  -f CMakeFiles/cmTC_1dba5.dir/build.make CMakeFiles/cmTC_1dba5.dir/build
make[1]: Entering directory '/home/iut/M4102C/target/debug/build/libzmq-sys-a82104b5cff9cc43/out/build/CMakeFiles/CMakeTmp'
Building C object CMakeFiles/cmTC_1dba5.dir/src.c.o
/usr/bin/cc -DCC_HAS_TAUT_WARNING  -ffunction-sections -fdata-sections -fPIC -m64 -std=gnu11    -Wno-tautological-constant-compare -o CMakeFiles/cmTC_1dba5.dir/src.c.o -c /home/iut/M4102C/target/debug/build/libzmq-sys-a82104b5cff9cc43/out/build/CMakeFiles/CMakeTmp/src.c
Linking C executable cmTC_1dba5
/usr/bin/cmake -E cmake_link_script CMakeFiles/cmTC_1dba5.dir/link.txt --verbose=1
/usr/bin/cc  -ffunction-sections -fdata-sections -fPIC -m64 -std=gnu11  -rdynamic CMakeFiles/cmTC_1dba5.dir/src.c.o -o cmTC_1dba5 
make[1]: Leaving directory '/home/iut/M4102C/target/debug/build/libzmq-sys-a82104b5cff9cc43/out/build/CMakeFiles/CMakeTmp'


Source file was:
int main(void) { return 0; }
Determining if the epoll_create exist passed with the following output:
Change Dir: /home/iut/M4102C/target/debug/build/libzmq-sys-a82104b5cff9cc43/out/build/CMakeFiles/CMakeTmp

Run Build Command(s):/usr/bin/make cmTC_67d2f/fast && /usr/bin/make  -f CMakeFiles/cmTC_67d2f.dir/build.make CMakeFiles/cmTC_67d2f.dir/build
make[1] : on entre dans le répertoire « /home/iut/M4102C/target/debug/build/libzmq-sys-a82104b5cff9cc43/out/build/CMakeFiles/CMakeTmp »
Building CXX object CMakeFiles/cmTC_67d2f.dir/CheckSymbolExists.cxx.o
/usr/bin/c++   -ffunction-sections -fdata-sections -fPIC -m64 -std=gnu++11 -Wno-tautological-constant-compare  -o CMakeFiles/cmTC_67d2f.dir/CheckSymbolExists.cxx.o -c /home/iut/M4102C/target/debug/build/libzmq-sys-a82104b5cff9cc43/out/build/CMakeFiles/CMakeTmp/CheckSymbolExists.cxx
Linking CXX executable cmTC_67d2f
/usr/bin/cmake -E cmake_link_script CMakeFiles/cmTC_67d2f.dir/link.txt --verbose=1
/usr/bin/c++  -ffunction-sections -fdata-sections -fPIC -m64 -std=gnu++11 -Wno-tautological-constant-compare  -rdynamic CMakeFiles/cmTC_67d2f.dir/CheckSymbolExists.cxx.o -o cmTC_67d2f 
make[1] : on quitte le répertoire « /home/iut/M4102C/target/debug/build/libzmq-sys-a82104b5cff9cc43/out/build/CMakeFiles/CMakeTmp »


File /home/iut/M4102C/target/debug/build/libzmq-sys-a82104b5cff9cc43/out/build/CMakeFiles/CMakeTmp/CheckSymbolExists.cxx:
/* */
#include <sys/epoll.h>

int main(int argc, char** argv)
{
  (void)argv;
#ifndef epoll_create
  return ((int*)(&epoll_create))[argc];
#else
  (void)argc;
  return 0;
#endif
}
Determining if the epoll_create1 exist passed with the following output:
Change Dir: /home/iut/M4102C/target/debug/build/libzmq-sys-a82104b5cff9cc43/out/build/CMakeFiles/CMakeTmp

Run Build Command(s):/usr/bin/make cmTC_b2d3c/fast && /usr/bin/make  -f CMakeFiles/cmTC_b2d3c.dir/build.make CMakeFiles/cmTC_b2d3c.dir/build
make[1] : on entre dans le répertoire « /home/iut/M4102C/target/debug/build/libzmq-sys-a82104b5cff9cc43/out/build/CMakeFiles/CMakeTmp »
Building CXX object CMakeFiles/cmTC_b2d3c.dir/CheckSymbolExists.cxx.o
/usr/bin/c++   -ffunction-sections -fdata-sections -fPIC -m64 -std=gnu++11 -Wno-tautological-constant-compare  -o CMakeFiles/cmTC_b2d3c.dir/CheckSymbolExists.cxx.o -c /home/iut/M4102C/target/debug/build/libzmq-sys-a82104b5cff9cc43/out/build/CMakeFiles/CMakeTmp/CheckSymbolExists.cxx
Linking CXX executable cmTC_b2d3c
/usr/bin/cmake -E cmake_link_script CMakeFiles/cmTC_b2d3c.dir/link.txt --verbose=1
/usr/bin/c++  -ffunction-sections -fdata-sections -fPIC -m64 -std=gnu++11 -Wno-tautological-constant-compare  -rdynamic CMakeFiles/cmTC_b2d3c.dir/CheckSymbolExists.cxx.o -o cmTC_b2d3c 
make[1] : on quitte le répertoire « /home/iut/M4102C/target/debug/build/libzmq-sys-a82104b5cff9cc43/out/build/CMakeFiles/CMakeTmp »


File /home/iut/M4102C/target/debug/build/libzmq-sys-a82104b5cff9cc43/out/build/CMakeFiles/CMakeTmp/CheckSymbolExists.cxx:
/* */
#include <sys/epoll.h>

int main(int argc, char** argv)
{
  (void)argv;
#ifndef epoll_create1
  return ((int*)(&epoll_create1))[argc];
#else
  (void)argc;
  return 0;
#endif
}
Determining if files condition_variable exist passed with the following output:
Change Dir: /home/iut/M4102C/target/debug/build/libzmq-sys-a82104b5cff9cc43/out/build/CMakeFiles/CMakeTmp

Run Build Command(s):/usr/bin/make cmTC_be1f3/fast && /usr/bin/make  -f CMakeFiles/cmTC_be1f3.dir/build.make CMakeFiles/cmTC_be1f3.dir/build
make[1] : on entre dans le répertoire « /home/iut/M4102C/target/debug/build/libzmq-sys-a82104b5cff9cc43/out/build/CMakeFiles/CMakeTmp »
Building CXX object CMakeFiles/cmTC_be1f3.dir/ZMQ_HAVE_STL_CONDITION_VARIABLE.cpp.o
/usr/bin/c++   -ffunction-sections -fdata-sections -fPIC -m64 -std=gnu++11 -Wno-tautological-constant-compare  -o CMakeFiles/cmTC_be1f3.dir/ZMQ_HAVE_STL_CONDITION_VARIABLE.cpp.o -c /home/iut/M4102C/target/debug/build/libzmq-sys-a82104b5cff9cc43/out/build/CMakeFiles/CheckIncludeFiles/ZMQ_HAVE_STL_CONDITION_VARIABLE.cpp
Linking CXX executable cmTC_be1f3
/usr/bin/cmake -E cmake_link_script CMakeFiles/cmTC_be1f3.dir/link.txt --verbose=1
/usr/bin/c++  -ffunction-sections -fdata-sections -fPIC -m64 -std=gnu++11 -Wno-tautological-constant-compare  -rdynamic CMakeFiles/cmTC_be1f3.dir/ZMQ_HAVE_STL_CONDITION_VARIABLE.cpp.o -o cmTC_be1f3 
make[1] : on quitte le répertoire « /home/iut/M4102C/target/debug/build/libzmq-sys-a82104b5cff9cc43/out/build/CMakeFiles/CMakeTmp »



Determining if files ifaddrs.h exist passed with the following output:
Change Dir: /home/iut/M4102C/target/debug/build/libzmq-sys-a82104b5cff9cc43/out/build/CMakeFiles/CMakeTmp

Run Build Command(s):/usr/bin/make cmTC_3d113/fast && /usr/bin/make  -f CMakeFiles/cmTC_3d113.dir/build.make CMakeFiles/cmTC_3d113.dir/build
make[1] : on entre dans le répertoire « /home/iut/M4102C/target/debug/build/libzmq-sys-a82104b5cff9cc43/out/build/CMakeFiles/CMakeTmp »
Building C object CMakeFiles/cmTC_3d113.dir/ZMQ_HAVE_IFADDRS.c.o
/usr/bin/cc   -ffunction-sections -fdata-sections -fPIC -m64 -std=gnu11 -Wno-tautological-constant-compare  -o CMakeFiles/cmTC_3d113.dir/ZMQ_HAVE_IFADDRS.c.o -c /home/iut/M4102C/target/debug/build/libzmq-sys-a82104b5cff9cc43/out/build/CMakeFiles/CheckIncludeFiles/ZMQ_HAVE_IFADDRS.c
Linking C executable cmTC_3d113
/usr/bin/cmake -E cmake_link_script CMakeFiles/cmTC_3d113.dir/link.txt --verbose=1
/usr/bin/cc  -ffunction-sections -fdata-sections -fPIC -m64 -std=gnu11 -Wno-tautological-constant-compare  -rdynamic CMakeFiles/cmTC_3d113.dir/ZMQ_HAVE_IFADDRS.c.o -o cmTC_3d113 
make[1] : on quitte le répertoire « /home/iut/M4102C/target/debug/build/libzmq-sys-a82104b5cff9cc43/out/build/CMakeFiles/CMakeTmp »



Determining if files sys/uio.h exist passed with the following output:
Change Dir: /home/iut/M4102C/target/debug/build/libzmq-sys-a82104b5cff9cc43/out/build/CMakeFiles/CMakeTmp

Run Build Command(s):/usr/bin/make cmTC_a6e1c/fast && /usr/bin/make  -f CMakeFiles/cmTC_a6e1c.dir/build.make CMakeFiles/cmTC_a6e1c.dir/build
make[1] : on entre dans le répertoire « /home/iut/M4102C/target/debug/build/libzmq-sys-a82104b5cff9cc43/out/build/CMakeFiles/CMakeTmp »
Building C object CMakeFiles/cmTC_a6e1c.dir/ZMQ_HAVE_UIO.c.o
/usr/bin/cc   -ffunction-sections -fdata-sections -fPIC -m64 -std=gnu11 -Wno-tautological-constant-compare  -o CMakeFiles/cmTC_a6e1c.dir/ZMQ_HAVE_UIO.c.o -c /home/iut/M4102C/target/debug/build/libzmq-sys-a82104b5cff9cc43/out/build/CMakeFiles/CheckIncludeFiles/ZMQ_HAVE_UIO.c
Linking C executable cmTC_a6e1c
/usr/bin/cmake -E cmake_link_script CMakeFiles/cmTC_a6e1c.dir/link.txt --verbose=1
/usr/bin/cc  -ffunction-sections -fdata-sections -fPIC -m64 -std=gnu11 -Wno-tautological-constant-compare  -rdynamic CMakeFiles/cmTC_a6e1c.dir/ZMQ_HAVE_UIO.c.o -o cmTC_a6e1c 
make[1] : on quitte le répertoire « /home/iut/M4102C/target/debug/build/libzmq-sys-a82104b5cff9cc43/out/build/CMakeFiles/CMakeTmp »



Determining if files sys/eventfd.h exist passed with the following output:
Change Dir: /home/iut/M4102C/target/debug/build/libzmq-sys-a82104b5cff9cc43/out/build/CMakeFiles/CMakeTmp

Run Build Command(s):/usr/bin/make cmTC_9a68a/fast && /usr/bin/make  -f CMakeFiles/cmTC_9a68a.dir/build.make CMakeFiles/cmTC_9a68a.dir/build
make[1] : on entre dans le répertoire « /home/iut/M4102C/target/debug/build/libzmq-sys-a82104b5cff9cc43/out/build/CMakeFiles/CMakeTmp »
Building C object CMakeFiles/cmTC_9a68a.dir/ZMQ_HAVE_EVENTFD.c.o
/usr/bin/cc   -ffunction-sections -fdata-sections -fPIC -m64 -std=gnu11 -Wno-tautological-constant-compare  -o CMakeFiles/cmTC_9a68a.dir/ZMQ_HAVE_EVENTFD.c.o -c /home/iut/M4102C/target/debug/build/libzmq-sys-a82104b5cff9cc43/out/build/CMakeFiles/CheckIncludeFiles/ZMQ_HAVE_EVENTFD.c
Linking C executable cmTC_9a68a
/usr/bin/cmake -E cmake_link_script CMakeFiles/cmTC_9a68a.dir/link.txt --verbose=1
/usr/bin/cc  -ffunction-sections -fdata-sections -fPIC -m64 -std=gnu11 -Wno-tautological-constant-compare  -rdynamic CMakeFiles/cmTC_9a68a.dir/ZMQ_HAVE_EVENTFD.c.o -o cmTC_9a68a 
make[1] : on quitte le répertoire « /home/iut/M4102C/target/debug/build/libzmq-sys-a82104b5cff9cc43/out/build/CMakeFiles/CMakeTmp »



Performing C SOURCE FILE Test ZMQ_HAVE_EVENTFD_CLOEXEC succeeded with the following compile output:
Change Dir: /home/iut/M4102C/target/debug/build/libzmq-sys-a82104b5cff9cc43/out/build/CMakeFiles/CMakeTmp

Run Build Command(s):/usr/bin/make cmTC_8145a/fast && /usr/bin/make  -f CMakeFiles/cmTC_8145a.dir/build.make CMakeFiles/cmTC_8145a.dir/build
make[1] : on entre dans le répertoire « /home/iut/M4102C/target/debug/build/libzmq-sys-a82104b5cff9cc43/out/build/CMakeFiles/CMakeTmp »
Building C object CMakeFiles/cmTC_8145a.dir/src.c.o
/usr/bin/cc -DZMQ_HAVE_EVENTFD_CLOEXEC  -ffunction-sections -fdata-sections -fPIC -m64 -std=gnu11 -Wno-tautological-constant-compare  -o CMakeFiles/cmTC_8145a.dir/src.c.o -c /home/iut/M4102C/target/debug/build/libzmq-sys-a82104b5cff9cc43/out/build/CMakeFiles/CMakeTmp/src.c
Linking C executable cmTC_8145a
/usr/bin/cmake -E cmake_link_script CMakeFiles/cmTC_8145a.dir/link.txt --verbose=1
/usr/bin/cc  -ffunction-sections -fdata-sections -fPIC -m64 -std=gnu11 -Wno-tautological-constant-compare  -rdynamic CMakeFiles/cmTC_8145a.dir/src.c.o -o cmTC_8145a 
make[1] : on quitte le répertoire « /home/iut/M4102C/target/debug/build/libzmq-sys-a82104b5cff9cc43/out/build/CMakeFiles/CMakeTmp »


...and run output:

Return value: 1
Source file was:

#include <sys/eventfd.h>

int main(int argc, char *argv [])
{
    int s = eventfd (0, EFD_CLOEXEC);
    return(s == -1);
}

Determining if the SO_PEERCRED exist passed with the following output:
Change Dir: /home/iut/M4102C/target/debug/build/libzmq-sys-a82104b5cff9cc43/out/build/CMakeFiles/CMakeTmp

Run Build Command(s):/usr/bin/make cmTC_b2429/fast && /usr/bin/make  -f CMakeFiles/cmTC_b2429.dir/build.make CMakeFiles/cmTC_b2429.dir/build
make[1] : on entre dans le répertoire « /home/iut/M4102C/target/debug/build/libzmq-sys-a82104b5cff9cc43/out/build/CMakeFiles/CMakeTmp »
Building CXX object CMakeFiles/cmTC_b2429.dir/CheckSymbolExists.cxx.o
/usr/bin/c++   -ffunction-sections -fdata-sections -fPIC -m64 -std=gnu++11 -Wno-tautological-constant-compare  -o CMakeFiles/cmTC_b2429.dir/CheckSymbolExists.cxx.o -c /home/iut/M4102C/target/debug/build/libzmq-sys-a82104b5cff9cc43/out/build/CMakeFiles/CMakeTmp/CheckSymbolExists.cxx
Linking CXX executable cmTC_b2429
/usr/bin/cmake -E cmake_link_script CMakeFiles/cmTC_b2429.dir/link.txt --verbose=1
/usr/bin/c++  -ffunction-sections -fdata-sections -fPIC -m64 -std=gnu++11 -Wno-tautological-constant-compare  -rdynamic CMakeFiles/cmTC_b2429.dir/CheckSymbolExists.cxx.o -o cmTC_b2429 
make[1] : on quitte le répertoire « /home/iut/M4102C/target/debug/build/libzmq-sys-a82104b5cff9cc43/out/build/CMakeFiles/CMakeTmp »


File /home/iut/M4102C/target/debug/build/libzmq-sys-a82104b5cff9cc43/out/build/CMakeFiles/CMakeTmp/CheckSymbolExists.cxx:
/* */
#include <sys/socket.h>

int main(int argc, char** argv)
{
  (void)argv;
#ifndef SO_PEERCRED
  return ((int*)(&SO_PEERCRED))[argc];
#else
  (void)argc;
  return 0;
#endif
}
Determining if the clock_gettime exist passed with the following output:
Change Dir: /home/iut/M4102C/target/debug/build/libzmq-sys-a82104b5cff9cc43/out/build/CMakeFiles/CMakeTmp

Run Build Command(s):/usr/bin/make cmTC_4175b/fast && /usr/bin/make  -f CMakeFiles/cmTC_4175b.dir/build.make CMakeFiles/cmTC_4175b.dir/build
make[1] : on entre dans le répertoire « /home/iut/M4102C/target/debug/build/libzmq-sys-a82104b5cff9cc43/out/build/CMakeFiles/CMakeTmp »
Building CXX object CMakeFiles/cmTC_4175b.dir/CheckSymbolExists.cxx.o
/usr/bin/c++   -ffunction-sections -fdata-sections -fPIC -m64 -std=gnu++11 -Wno-tautological-constant-compare  -o CMakeFiles/cmTC_4175b.dir/CheckSymbolExists.cxx.o -c /home/iut/M4102C/target/debug/build/libzmq-sys-a82104b5cff9cc43/out/build/CMakeFiles/CMakeTmp/CheckSymbolExists.cxx
Linking CXX executable cmTC_4175b
/usr/bin/cmake -E cmake_link_script CMakeFiles/cmTC_4175b.dir/link.txt --verbose=1
/usr/bin/c++  -ffunction-sections -fdata-sections -fPIC -m64 -std=gnu++11 -Wno-tautological-constant-compare  -rdynamic CMakeFiles/cmTC_4175b.dir/CheckSymbolExists.cxx.o -o cmTC_4175b  -lrt 
make[1] : on quitte le répertoire « /home/iut/M4102C/target/debug/build/libzmq-sys-a82104b5cff9cc43/out/build/CMakeFiles/CMakeTmp »


File /home/iut/M4102C/target/debug/build/libzmq-sys-a82104b5cff9cc43/out/build/CMakeFiles/CMakeTmp/CheckSymbolExists.cxx:
/* */
#include <time.h>

int main(int argc, char** argv)
{
  (void)argv;
#ifndef clock_gettime
  return ((int*)(&clock_gettime))[argc];
#else
  (void)argc;
  return 0;
#endif
}
Determining if the fork exist passed with the following output:
Change Dir: /home/iut/M4102C/target/debug/build/libzmq-sys-a82104b5cff9cc43/out/build/CMakeFiles/CMakeTmp

Run Build Command(s):/usr/bin/make cmTC_c5c3c/fast && /usr/bin/make  -f CMakeFiles/cmTC_c5c3c.dir/build.make CMakeFiles/cmTC_c5c3c.dir/build
make[1] : on entre dans le répertoire « /home/iut/M4102C/target/debug/build/libzmq-sys-a82104b5cff9cc43/out/build/CMakeFiles/CMakeTmp »
Building CXX object CMakeFiles/cmTC_c5c3c.dir/CheckSymbolExists.cxx.o
/usr/bin/c++   -ffunction-sections -fdata-sections -fPIC -m64 -std=gnu++11 -Wno-tautological-constant-compare  -o CMakeFiles/cmTC_c5c3c.dir/CheckSymbolExists.cxx.o -c /home/iut/M4102C/target/debug/build/libzmq-sys-a82104b5cff9cc43/out/build/CMakeFiles/CMakeTmp/CheckSymbolExists.cxx
Linking CXX executable cmTC_c5c3c
/usr/bin/cmake -E cmake_link_script CMakeFiles/cmTC_c5c3c.dir/link.txt --verbose=1
/usr/bin/c++  -ffunction-sections -fdata-sections -fPIC -m64 -std=gnu++11 -Wno-tautological-constant-compare  -rdynamic CMakeFiles/cmTC_c5c3c.dir/CheckSymbolExists.cxx.o -o cmTC_c5c3c 
make[1] : on quitte le répertoire « /home/iut/M4102C/target/debug/build/libzmq-sys-a82104b5cff9cc43/out/build/CMakeFiles/CMakeTmp »


File /home/iut/M4102C/target/debug/build/libzmq-sys-a82104b5cff9cc43/out/build/CMakeFiles/CMakeTmp/CheckSymbolExists.cxx:
/* */
#include <unistd.h>

int main(int argc, char** argv)
{
  (void)argv;
#ifndef fork
  return ((int*)(&fork))[argc];
#else
  (void)argc;
  return 0;
#endif
}
Determining if the mkdtemp exist passed with the following output:
Change Dir: /home/iut/M4102C/target/debug/build/libzmq-sys-a82104b5cff9cc43/out/build/CMakeFiles/CMakeTmp

Run Build Command(s):/usr/bin/make cmTC_98a19/fast && /usr/bin/make  -f CMakeFiles/cmTC_98a19.dir/build.make CMakeFiles/cmTC_98a19.dir/build
make[1] : on entre dans le répertoire « /home/iut/M4102C/target/debug/build/libzmq-sys-a82104b5cff9cc43/out/build/CMakeFiles/CMakeTmp »
Building CXX object CMakeFiles/cmTC_98a19.dir/CheckSymbolExists.cxx.o
/usr/bin/c++   -ffunction-sections -fdata-sections -fPIC -m64 -std=gnu++11 -Wno-tautological-constant-compare  -o CMakeFiles/cmTC_98a19.dir/CheckSymbolExists.cxx.o -c /home/iut/M4102C/target/debug/build/libzmq-sys-a82104b5cff9cc43/out/build/CMakeFiles/CMakeTmp/CheckSymbolExists.cxx
Linking CXX executable cmTC_98a19
/usr/bin/cmake -E cmake_link_script CMakeFiles/cmTC_98a19.dir/link.txt --verbose=1
/usr/bin/c++  -ffunction-sections -fdata-sections -fPIC -m64 -std=gnu++11 -Wno-tautological-constant-compare  -rdynamic CMakeFiles/cmTC_98a19.dir/CheckSymbolExists.cxx.o -o cmTC_98a19 
make[1] : on quitte le répertoire « /home/iut/M4102C/target/debug/build/libzmq-sys-a82104b5cff9cc43/out/build/CMakeFiles/CMakeTmp »


File /home/iut/M4102C/target/debug/build/libzmq-sys-a82104b5cff9cc43/out/build/CMakeFiles/CMakeTmp/CheckSymbolExists.cxx:
/* */
#include <stdlib.h>

int main(int argc, char** argv)
{
  (void)argv;
#ifndef mkdtemp
  return ((int*)(&mkdtemp))[argc];
#else
  (void)argc;
  return 0;
#endif
}
Determining if the accept4 exist passed with the following output:
Change Dir: /home/iut/M4102C/target/debug/build/libzmq-sys-a82104b5cff9cc43/out/build/CMakeFiles/CMakeTmp

Run Build Command(s):/usr/bin/make cmTC_1609e/fast && /usr/bin/make  -f CMakeFiles/cmTC_1609e.dir/build.make CMakeFiles/cmTC_1609e.dir/build
make[1] : on entre dans le répertoire « /home/iut/M4102C/target/debug/build/libzmq-sys-a82104b5cff9cc43/out/build/CMakeFiles/CMakeTmp »
Building CXX object CMakeFiles/cmTC_1609e.dir/CheckSymbolExists.cxx.o
/usr/bin/c++   -ffunction-sections -fdata-sections -fPIC -m64 -std=gnu++11 -Wno-tautological-constant-compare  -o CMakeFiles/cmTC_1609e.dir/CheckSymbolExists.cxx.o -c /home/iut/M4102C/target/debug/build/libzmq-sys-a82104b5cff9cc43/out/build/CMakeFiles/CMakeTmp/CheckSymbolExists.cxx
Linking CXX executable cmTC_1609e
/usr/bin/cmake -E cmake_link_script CMakeFiles/cmTC_1609e.dir/link.txt --verbose=1
/usr/bin/c++  -ffunction-sections -fdata-sections -fPIC -m64 -std=gnu++11 -Wno-tautological-constant-compare  -rdynamic CMakeFiles/cmTC_1609e.dir/CheckSymbolExists.cxx.o -o cmTC_1609e 
make[1] : on quitte le répertoire « /home/iut/M4102C/target/debug/build/libzmq-sys-a82104b5cff9cc43/out/build/CMakeFiles/CMakeTmp »


File /home/iut/M4102C/target/debug/build/libzmq-sys-a82104b5cff9cc43/out/build/CMakeFiles/CMakeTmp/CheckSymbolExists.cxx:
/* */
#include <sys/socket.h>

int main(int argc, char** argv)
{
  (void)argv;
#ifndef accept4
  return ((int*)(&accept4))[argc];
#else
  (void)argc;
  return 0;
#endif
}
Determining if the strnlen exist passed with the following output:
Change Dir: /home/iut/M4102C/target/debug/build/libzmq-sys-a82104b5cff9cc43/out/build/CMakeFiles/CMakeTmp

Run Build Command(s):/usr/bin/make cmTC_ddf9b/fast && /usr/bin/make  -f CMakeFiles/cmTC_ddf9b.dir/build.make CMakeFiles/cmTC_ddf9b.dir/build
make[1] : on entre dans le répertoire « /home/iut/M4102C/target/debug/build/libzmq-sys-a82104b5cff9cc43/out/build/CMakeFiles/CMakeTmp »
Building CXX object CMakeFiles/cmTC_ddf9b.dir/CheckSymbolExists.cxx.o
/usr/bin/c++   -ffunction-sections -fdata-sections -fPIC -m64 -std=gnu++11 -Wno-tautological-constant-compare  -o CMakeFiles/cmTC_ddf9b.dir/CheckSymbolExists.cxx.o -c /home/iut/M4102C/target/debug/build/libzmq-sys-a82104b5cff9cc43/out/build/CMakeFiles/CMakeTmp/CheckSymbolExists.cxx
Linking CXX executable cmTC_ddf9b
/usr/bin/cmake -E cmake_link_script CMakeFiles/cmTC_ddf9b.dir/link.txt --verbose=1
/usr/bin/c++  -ffunction-sections -fdata-sections -fPIC -m64 -std=gnu++11 -Wno-tautological-constant-compare  -rdynamic CMakeFiles/cmTC_ddf9b.dir/CheckSymbolExists.cxx.o -o cmTC_ddf9b 
make[1] : on quitte le répertoire « /home/iut/M4102C/target/debug/build/libzmq-sys-a82104b5cff9cc43/out/build/CMakeFiles/CMakeTmp »


File /home/iut/M4102C/target/debug/build/libzmq-sys-a82104b5cff9cc43/out/build/CMakeFiles/CMakeTmp/CheckSymbolExists.cxx:
/* */
#include <string.h>

int main(int argc, char** argv)
{
  (void)argv;
#ifndef strnlen
  return ((int*)(&strnlen))[argc];
#else
  (void)argc;
  return 0;
#endif
}
Performing C++ SOURCE FILE Test ZMQ_HAVE_NOEXCEPT succeeded with the following output:
Change Dir: /home/iut/M4102C/target/debug/build/libzmq-sys-a82104b5cff9cc43/out/build/CMakeFiles/CMakeTmp

Run Build Command(s):/usr/bin/make cmTC_b9ffd/fast && /usr/bin/make  -f CMakeFiles/cmTC_b9ffd.dir/build.make CMakeFiles/cmTC_b9ffd.dir/build
make[1] : on entre dans le répertoire « /home/iut/M4102C/target/debug/build/libzmq-sys-a82104b5cff9cc43/out/build/CMakeFiles/CMakeTmp »
Building CXX object CMakeFiles/cmTC_b9ffd.dir/src.cxx.o
/usr/bin/c++ -DZMQ_HAVE_NOEXCEPT  -ffunction-sections -fdata-sections -fPIC -m64 -std=gnu++11 -Wno-tautological-constant-compare  -o CMakeFiles/cmTC_b9ffd.dir/src.cxx.o -c /home/iut/M4102C/target/debug/build/libzmq-sys-a82104b5cff9cc43/out/build/CMakeFiles/CMakeTmp/src.cxx
Linking CXX executable cmTC_b9ffd
/usr/bin/cmake -E cmake_link_script CMakeFiles/cmTC_b9ffd.dir/link.txt --verbose=1
/usr/bin/c++  -ffunction-sections -fdata-sections -fPIC -m64 -std=gnu++11 -Wno-tautological-constant-compare  -rdynamic CMakeFiles/cmTC_b9ffd.dir/src.cxx.o -o cmTC_b9ffd 
make[1] : on quitte le répertoire « /home/iut/M4102C/target/debug/build/libzmq-sys-a82104b5cff9cc43/out/build/CMakeFiles/CMakeTmp »


Source file was:

struct X 
{
    X(int i) noexcept {}
};

int main(int argc, char *argv [])
{
    X x(5);
    return 0;
}

Performing C SOURCE FILE Test ZMQ_HAVE_SOCK_CLOEXEC succeeded with the following compile output:
Change Dir: /home/iut/M4102C/target/debug/build/libzmq-sys-a82104b5cff9cc43/out/build/CMakeFiles/CMakeTmp

Run Build Command(s):/usr/bin/make cmTC_ac292/fast && /usr/bin/make  -f CMakeFiles/cmTC_ac292.dir/build.make CMakeFiles/cmTC_ac292.dir/build
make[1] : on entre dans le répertoire « /home/iut/M4102C/target/debug/build/libzmq-sys-a82104b5cff9cc43/out/build/CMakeFiles/CMakeTmp »
Building C object CMakeFiles/cmTC_ac292.dir/src.c.o
/usr/bin/cc -DZMQ_HAVE_SOCK_CLOEXEC  -ffunction-sections -fdata-sections -fPIC -m64 -std=gnu11 -Wno-tautological-constant-compare  -o CMakeFiles/cmTC_ac292.dir/src.c.o -c /home/iut/M4102C/target/debug/build/libzmq-sys-a82104b5cff9cc43/out/build/CMakeFiles/CMakeTmp/src.c
Linking C executable cmTC_ac292
/usr/bin/cmake -E cmake_link_script CMakeFiles/cmTC_ac292.dir/link.txt --verbose=1
/usr/bin/cc  -ffunction-sections -fdata-sections -fPIC -m64 -std=gnu11 -Wno-tautological-constant-compare  -rdynamic CMakeFiles/cmTC_ac292.dir/src.c.o -o cmTC_ac292 
make[1] : on quitte le répertoire « /home/iut/M4102C/target/debug/build/libzmq-sys-a82104b5cff9cc43/out/build/CMakeFiles/CMakeTmp »


...and run output:

Return value: 1
Source file was:

#include <sys/types.h>
#include <sys/socket.h>

int main(int argc, char *argv [])
{
    int s = socket(PF_INET, SOCK_STREAM | SOCK_CLOEXEC, 0);
    return(s == -1);
}

Performing C SOURCE FILE Test ZMQ_HAVE_O_CLOEXEC succeeded with the following compile output:
Change Dir: /home/iut/M4102C/target/debug/build/libzmq-sys-a82104b5cff9cc43/out/build/CMakeFiles/CMakeTmp

Run Build Command(s):/usr/bin/make cmTC_5ce43/fast && /usr/bin/make  -f CMakeFiles/cmTC_5ce43.dir/build.make CMakeFiles/cmTC_5ce43.dir/build
make[1] : on entre dans le répertoire « /home/iut/M4102C/target/debug/build/libzmq-sys-a82104b5cff9cc43/out/build/CMakeFiles/CMakeTmp »
Building C object CMakeFiles/cmTC_5ce43.dir/src.c.o
/usr/bin/cc -DZMQ_HAVE_O_CLOEXEC  -ffunction-sections -fdata-sections -fPIC -m64 -std=gnu11 -Wno-tautological-constant-compare  -o CMakeFiles/cmTC_5ce43.dir/src.c.o -c /home/iut/M4102C/target/debug/build/libzmq-sys-a82104b5cff9cc43/out/build/CMakeFiles/CMakeTmp/src.c
Linking C executable cmTC_5ce43
/usr/bin/cmake -E cmake_link_script CMakeFiles/cmTC_5ce43.dir/link.txt --verbose=1
/usr/bin/cc  -ffunction-sections -fdata-sections -fPIC -m64 -std=gnu11 -Wno-tautological-constant-compare  -rdynamic CMakeFiles/cmTC_5ce43.dir/src.c.o -o cmTC_5ce43 
make[1] : on quitte le répertoire « /home/iut/M4102C/target/debug/build/libzmq-sys-a82104b5cff9cc43/out/build/CMakeFiles/CMakeTmp »


...and run output:

Return value: 1
Source file was:

#include <sys/types.h>
#include <sys/stat.h>
#include <fcntl.h>

int main(int argc, char *argv [])
{
    int s = open ("/dev/null", O_CLOEXEC | O_RDONLY);
    return s == -1;
}

Performing C SOURCE FILE Test ZMQ_HAVE_SO_BINDTODEVICE succeeded with the following compile output:
Change Dir: /home/iut/M4102C/target/debug/build/libzmq-sys-a82104b5cff9cc43/out/build/CMakeFiles/CMakeTmp

Run Build Command(s):/usr/bin/make cmTC_81408/fast && /usr/bin/make  -f CMakeFiles/cmTC_81408.dir/build.make CMakeFiles/cmTC_81408.dir/build
make[1] : on entre dans le répertoire « /home/iut/M4102C/target/debug/build/libzmq-sys-a82104b5cff9cc43/out/build/CMakeFiles/CMakeTmp »
Building C object CMakeFiles/cmTC_81408.dir/src.c.o
/usr/bin/cc -DZMQ_HAVE_SO_BINDTODEVICE  -ffunction-sections -fdata-sections -fPIC -m64 -std=gnu11 -Wno-tautological-constant-compare  -o CMakeFiles/cmTC_81408.dir/src.c.o -c /home/iut/M4102C/target/debug/build/libzmq-sys-a82104b5cff9cc43/out/build/CMakeFiles/CMakeTmp/src.c
Linking C executable cmTC_81408
/usr/bin/cmake -E cmake_link_script CMakeFiles/cmTC_81408.dir/link.txt --verbose=1
/usr/bin/cc  -ffunction-sections -fdata-sections -fPIC -m64 -std=gnu11 -Wno-tautological-constant-compare  -rdynamic CMakeFiles/cmTC_81408.dir/src.c.o -o cmTC_81408 
make[1] : on quitte le répertoire « /home/iut/M4102C/target/debug/build/libzmq-sys-a82104b5cff9cc43/out/build/CMakeFiles/CMakeTmp »


...and run output:

Return value: 1
Source file was:

#include <sys/socket.h>

int main(int argc, char *argv [])
{
/* Actually making the setsockopt() call requires CAP_NET_RAW */
#ifndef SO_BINDTODEVICE
    return 1;
#else
    return 0;
#endif
}

Performing C SOURCE FILE Test ZMQ_HAVE_SO_KEEPALIVE succeeded with the following compile output:
Change Dir: /home/iut/M4102C/target/debug/build/libzmq-sys-a82104b5cff9cc43/out/build/CMakeFiles/CMakeTmp

Run Build Command(s):/usr/bin/make cmTC_07060/fast && /usr/bin/make  -f CMakeFiles/cmTC_07060.dir/build.make CMakeFiles/cmTC_07060.dir/build
make[1] : on entre dans le répertoire « /home/iut/M4102C/target/debug/build/libzmq-sys-a82104b5cff9cc43/out/build/CMakeFiles/CMakeTmp »
Building C object CMakeFiles/cmTC_07060.dir/src.c.o
/usr/bin/cc -DZMQ_HAVE_SO_KEEPALIVE  -ffunction-sections -fdata-sections -fPIC -m64 -std=gnu11 -Wno-tautological-constant-compare  -o CMakeFiles/cmTC_07060.dir/src.c.o -c /home/iut/M4102C/target/debug/build/libzmq-sys-a82104b5cff9cc43/out/build/CMakeFiles/CMakeTmp/src.c
Linking C executable cmTC_07060
/usr/bin/cmake -E cmake_link_script CMakeFiles/cmTC_07060.dir/link.txt --verbose=1
/usr/bin/cc  -ffunction-sections -fdata-sections -fPIC -m64 -std=gnu11 -Wno-tautological-constant-compare  -rdynamic CMakeFiles/cmTC_07060.dir/src.c.o -o cmTC_07060 
make[1] : on quitte le répertoire « /home/iut/M4102C/target/debug/build/libzmq-sys-a82104b5cff9cc43/out/build/CMakeFiles/CMakeTmp »


...and run output:

Return value: 1
Source file was:

#include <sys/types.h>
#include <sys/socket.h>

int main(int argc, char *argv [])
{
    int s, rc, opt = 1;
    return(
       ((s = socket(PF_INET, SOCK_STREAM, 0)) == -1) ||
       ((rc = setsockopt(s, SOL_SOCKET, SO_KEEPALIVE,(char*) &opt, sizeof(int))) == -1)
    );
}

Performing C SOURCE FILE Test ZMQ_HAVE_TCP_KEEPCNT succeeded with the following compile output:
Change Dir: /home/iut/M4102C/target/debug/build/libzmq-sys-a82104b5cff9cc43/out/build/CMakeFiles/CMakeTmp

Run Build Command(s):/usr/bin/make cmTC_3fe34/fast && /usr/bin/make  -f CMakeFiles/cmTC_3fe34.dir/build.make CMakeFiles/cmTC_3fe34.dir/build
make[1] : on entre dans le répertoire « /home/iut/M4102C/target/debug/build/libzmq-sys-a82104b5cff9cc43/out/build/CMakeFiles/CMakeTmp »
Building C object CMakeFiles/cmTC_3fe34.dir/src.c.o
/usr/bin/cc -DZMQ_HAVE_TCP_KEEPCNT  -ffunction-sections -fdata-sections -fPIC -m64 -std=gnu11 -Wno-tautological-constant-compare  -o CMakeFiles/cmTC_3fe34.dir/src.c.o -c /home/iut/M4102C/target/debug/build/libzmq-sys-a82104b5cff9cc43/out/build/CMakeFiles/CMakeTmp/src.c
Linking C executable cmTC_3fe34
/usr/bin/cmake -E cmake_link_script CMakeFiles/cmTC_3fe34.dir/link.txt --verbose=1
/usr/bin/cc  -ffunction-sections -fdata-sections -fPIC -m64 -std=gnu11 -Wno-tautological-constant-compare  -rdynamic CMakeFiles/cmTC_3fe34.dir/src.c.o -o cmTC_3fe34 
make[1] : on quitte le répertoire « /home/iut/M4102C/target/debug/build/libzmq-sys-a82104b5cff9cc43/out/build/CMakeFiles/CMakeTmp »


...and run output:

Return value: 1
Source file was:

#include <sys/types.h>
#include <sys/socket.h>
#include <netinet/in.h>
#include <netinet/tcp.h>

int main(int argc, char *argv [])
{
    int s, rc, opt = 1;
    return(
       ((s = socket(PF_INET, SOCK_STREAM, 0)) == -1) ||
       ((rc = setsockopt(s, SOL_SOCKET, SO_KEEPALIVE,(char*) &opt, sizeof(int))) == -1) ||
       ((rc = setsockopt(s, IPPROTO_TCP, TCP_KEEPCNT,(char*) &opt, sizeof(int))) == -1)
    );
}

Performing C SOURCE FILE Test ZMQ_HAVE_TCP_KEEPIDLE succeeded with the following compile output:
Change Dir: /home/iut/M4102C/target/debug/build/libzmq-sys-a82104b5cff9cc43/out/build/CMakeFiles/CMakeTmp

Run Build Command(s):/usr/bin/make cmTC_04920/fast && /usr/bin/make  -f CMakeFiles/cmTC_04920.dir/build.make CMakeFiles/cmTC_04920.dir/build
make[1] : on entre dans le répertoire « /home/iut/M4102C/target/debug/build/libzmq-sys-a82104b5cff9cc43/out/build/CMakeFiles/CMakeTmp »
Building C object CMakeFiles/cmTC_04920.dir/src.c.o
/usr/bin/cc -DZMQ_HAVE_TCP_KEEPIDLE  -ffunction-sections -fdata-sections -fPIC -m64 -std=gnu11 -Wno-tautological-constant-compare  -o CMakeFiles/cmTC_04920.dir/src.c.o -c /home/iut/M4102C/target/debug/build/libzmq-sys-a82104b5cff9cc43/out/build/CMakeFiles/CMakeTmp/src.c
Linking C executable cmTC_04920
/usr/bin/cmake -E cmake_link_script CMakeFiles/cmTC_04920.dir/link.txt --verbose=1
/usr/bin/cc  -ffunction-sections -fdata-sections -fPIC -m64 -std=gnu11 -Wno-tautological-constant-compare  -rdynamic CMakeFiles/cmTC_04920.dir/src.c.o -o cmTC_04920 
make[1] : on quitte le répertoire « /home/iut/M4102C/target/debug/build/libzmq-sys-a82104b5cff9cc43/out/build/CMakeFiles/CMakeTmp »


...and run output:

Return value: 1
Source file was:

#include <sys/types.h>
#include <sys/socket.h>
#include <netinet/in.h>
#include <netinet/tcp.h>

int main(int argc, char *argv [])
{
    int s, rc, opt = 1;
    return(
       ((s = socket(PF_INET, SOCK_STREAM, 0)) == -1) ||
       ((rc = setsockopt(s, SOL_SOCKET, SO_KEEPALIVE,(char*) &opt, sizeof(int))) == -1) ||
       ((rc = setsockopt(s, IPPROTO_TCP, TCP_KEEPIDLE,(char*) &opt, sizeof(int))) == -1)
    );
}

Performing C SOURCE FILE Test ZMQ_HAVE_TCP_KEEPINTVL succeeded with the following compile output:
Change Dir: /home/iut/M4102C/target/debug/build/libzmq-sys-a82104b5cff9cc43/out/build/CMakeFiles/CMakeTmp

Run Build Command(s):/usr/bin/make cmTC_db167/fast && /usr/bin/make  -f CMakeFiles/cmTC_db167.dir/build.make CMakeFiles/cmTC_db167.dir/build
make[1] : on entre dans le répertoire « /home/iut/M4102C/target/debug/build/libzmq-sys-a82104b5cff9cc43/out/build/CMakeFiles/CMakeTmp »
Building C object CMakeFiles/cmTC_db167.dir/src.c.o
/usr/bin/cc -DZMQ_HAVE_TCP_KEEPINTVL  -ffunction-sections -fdata-sections -fPIC -m64 -std=gnu11 -Wno-tautological-constant-compare  -o CMakeFiles/cmTC_db167.dir/src.c.o -c /home/iut/M4102C/target/debug/build/libzmq-sys-a82104b5cff9cc43/out/build/CMakeFiles/CMakeTmp/src.c
Linking C executable cmTC_db167
/usr/bin/cmake -E cmake_link_script CMakeFiles/cmTC_db167.dir/link.txt --verbose=1
/usr/bin/cc  -ffunction-sections -fdata-sections -fPIC -m64 -std=gnu11 -Wno-tautological-constant-compare  -rdynamic CMakeFiles/cmTC_db167.dir/src.c.o -o cmTC_db167 
make[1] : on quitte le répertoire « /home/iut/M4102C/target/debug/build/libzmq-sys-a82104b5cff9cc43/out/build/CMakeFiles/CMakeTmp »


...and run output:

Return value: 1
Source file was:

#include <sys/types.h>
#include <sys/socket.h>
#include <netinet/in.h>
#include <netinet/tcp.h>

int main(int argc, char *argv [])
{
    int s, rc, opt = 1;
    return(
       ((s = socket(PF_INET, SOCK_STREAM, 0)) == -1) ||
       ((rc = setsockopt(s, SOL_SOCKET, SO_KEEPALIVE,(char*) &opt, sizeof(int))) == -1) ||
       ((rc = setsockopt(s, IPPROTO_TCP, TCP_KEEPINTVL,(char*) &opt, sizeof(int))) == -1)
    );
}


Performing C SOURCE FILE Test ZMQ_HAVE_TIPC succeeded with the following compile output:
Change Dir: /home/iut/M4102C/target/debug/build/libzmq-sys-a82104b5cff9cc43/out/build/CMakeFiles/CMakeTmp

Run Build Command(s):/usr/bin/make cmTC_749e9/fast && /usr/bin/make  -f CMakeFiles/cmTC_749e9.dir/build.make CMakeFiles/cmTC_749e9.dir/build
make[1] : on entre dans le répertoire « /home/iut/M4102C/target/debug/build/libzmq-sys-a82104b5cff9cc43/out/build/CMakeFiles/CMakeTmp »
Building C object CMakeFiles/cmTC_749e9.dir/src.c.o
/usr/bin/cc -DZMQ_HAVE_TIPC  -ffunction-sections -fdata-sections -fPIC -m64 -std=gnu11 -Wno-tautological-constant-compare  -o CMakeFiles/cmTC_749e9.dir/src.c.o -c /home/iut/M4102C/target/debug/build/libzmq-sys-a82104b5cff9cc43/out/build/CMakeFiles/CMakeTmp/src.c
Linking C executable cmTC_749e9
/usr/bin/cmake -E cmake_link_script CMakeFiles/cmTC_749e9.dir/link.txt --verbose=1
/usr/bin/cc  -ffunction-sections -fdata-sections -fPIC -m64 -std=gnu11 -Wno-tautological-constant-compare  -rdynamic CMakeFiles/cmTC_749e9.dir/src.c.o -o cmTC_749e9 
make[1] : on quitte le répertoire « /home/iut/M4102C/target/debug/build/libzmq-sys-a82104b5cff9cc43/out/build/CMakeFiles/CMakeTmp »


...and run output:

Return value: 1
Source file was:

#include <stdlib.h>
#include <string.h>
#include <fcntl.h>
#include <errno.h>
#include <sys/socket.h>
#include <linux/tipc.h>

int main(int argc, char *argv [])
{
    struct sockaddr_tipc topsrv;
    int sd = socket(AF_TIPC, SOCK_SEQPACKET, 0);
    memset(&topsrv, 0, sizeof(topsrv));
    topsrv.family = AF_TIPC;
    topsrv.addrtype = TIPC_ADDR_NAME;
    topsrv.addr.name.name.type = TIPC_TOP_SRV;
    topsrv.addr.name.name.instance = TIPC_TOP_SRV;
    fcntl(sd, F_SETFL, O_NONBLOCK);
}

Performing C SOURCE FILE Test ZMQ_HAVE_PTHREAD_SETNAME_2 succeeded with the following compile output:
Change Dir: /home/iut/M4102C/target/debug/build/libzmq-sys-a82104b5cff9cc43/out/build/CMakeFiles/CMakeTmp

Run Build Command(s):/usr/bin/make cmTC_315e9/fast && /usr/bin/make  -f CMakeFiles/cmTC_315e9.dir/build.make CMakeFiles/cmTC_315e9.dir/build
make[1] : on entre dans le répertoire « /home/iut/M4102C/target/debug/build/libzmq-sys-a82104b5cff9cc43/out/build/CMakeFiles/CMakeTmp »
Building C object CMakeFiles/cmTC_315e9.dir/src.c.o
/usr/bin/cc -DZMQ_HAVE_PTHREAD_SETNAME_2  -ffunction-sections -fdata-sections -fPIC -m64 -std=gnu11 -Wno-tautological-constant-compare -D_GNU_SOURCE -Werror -pthread -o CMakeFiles/cmTC_315e9.dir/src.c.o -c /home/iut/M4102C/target/debug/build/libzmq-sys-a82104b5cff9cc43/out/build/CMakeFiles/CMakeTmp/src.c
Linking C executable cmTC_315e9
/usr/bin/cmake -E cmake_link_script CMakeFiles/cmTC_315e9.dir/link.txt --verbose=1
/usr/bin/cc  -ffunction-sections -fdata-sections -fPIC -m64 -std=gnu11 -Wno-tautological-constant-compare -D_GNU_SOURCE -Werror -pthread -rdynamic CMakeFiles/cmTC_315e9.dir/src.c.o -o cmTC_315e9 
make[1] : on quitte le répertoire « /home/iut/M4102C/target/debug/build/libzmq-sys-a82104b5cff9cc43/out/build/CMakeFiles/CMakeTmp »


...and run output:

Return value: 1
Source file was:

#include <pthread.h>

int main(int argc, char *argv [])
{
    pthread_setname_np (pthread_self(), "foo");
    return 0;
}

Performing C SOURCE FILE Test ZMQ_HAVE_PTHREAD_SETAFFINITY succeeded with the following compile output:
Change Dir: /home/iut/M4102C/target/debug/build/libzmq-sys-a82104b5cff9cc43/out/build/CMakeFiles/CMakeTmp

Run Build Command(s):/usr/bin/make cmTC_319c8/fast && /usr/bin/make  -f CMakeFiles/cmTC_319c8.dir/build.make CMakeFiles/cmTC_319c8.dir/build
make[1] : on entre dans le répertoire « /home/iut/M4102C/target/debug/build/libzmq-sys-a82104b5cff9cc43/out/build/CMakeFiles/CMakeTmp »
Building C object CMakeFiles/cmTC_319c8.dir/src.c.o
/usr/bin/cc -DZMQ_HAVE_PTHREAD_SETAFFINITY  -ffunction-sections -fdata-sections -fPIC -m64 -std=gnu11 -Wno-tautological-constant-compare -D_GNU_SOURCE -Werror -pthread -o CMakeFiles/cmTC_319c8.dir/src.c.o -c /home/iut/M4102C/target/debug/build/libzmq-sys-a82104b5cff9cc43/out/build/CMakeFiles/CMakeTmp/src.c
Linking C executable cmTC_319c8
/usr/bin/cmake -E cmake_link_script CMakeFiles/cmTC_319c8.dir/link.txt --verbose=1
/usr/bin/cc  -ffunction-sections -fdata-sections -fPIC -m64 -std=gnu11 -Wno-tautological-constant-compare -D_GNU_SOURCE -Werror -pthread -rdynamic CMakeFiles/cmTC_319c8.dir/src.c.o -o cmTC_319c8 
make[1] : on quitte le répertoire « /home/iut/M4102C/target/debug/build/libzmq-sys-a82104b5cff9cc43/out/build/CMakeFiles/CMakeTmp »


...and run output:

Return value: 1
Source file was:

#include <pthread.h>

int main(int argc, char *argv [])
{
    cpu_set_t test; 
    pthread_setaffinity_np (pthread_self(), sizeof(cpu_set_t), &test);
    return 0;
}

Performing C SOURCE FILE Test ZMQ_HAVE_GETRANDOM succeeded with the following compile output:
Change Dir: /home/iut/M4102C/target/debug/build/libzmq-sys-a82104b5cff9cc43/out/build/CMakeFiles/CMakeTmp

Run Build Command(s):/usr/bin/make cmTC_18da1/fast && /usr/bin/make  -f CMakeFiles/cmTC_18da1.dir/build.make CMakeFiles/cmTC_18da1.dir/build
make[1] : on entre dans le répertoire « /home/iut/M4102C/target/debug/build/libzmq-sys-a82104b5cff9cc43/out/build/CMakeFiles/CMakeTmp »
Building C object CMakeFiles/cmTC_18da1.dir/src.c.o
/usr/bin/cc -DZMQ_HAVE_GETRANDOM  -ffunction-sections -fdata-sections -fPIC -m64 -std=gnu11 -Wno-tautological-constant-compare  -o CMakeFiles/cmTC_18da1.dir/src.c.o -c /home/iut/M4102C/target/debug/build/libzmq-sys-a82104b5cff9cc43/out/build/CMakeFiles/CMakeTmp/src.c
Linking C executable cmTC_18da1
/usr/bin/cmake -E cmake_link_script CMakeFiles/cmTC_18da1.dir/link.txt --verbose=1
/usr/bin/cc  -ffunction-sections -fdata-sections -fPIC -m64 -std=gnu11 -Wno-tautological-constant-compare  -rdynamic CMakeFiles/cmTC_18da1.dir/src.c.o -o cmTC_18da1 
make[1] : on quitte le répertoire « /home/iut/M4102C/target/debug/build/libzmq-sys-a82104b5cff9cc43/out/build/CMakeFiles/CMakeTmp »


...and run output:

Return value: 1
Source file was:

#include <sys/random.h>

int main (int argc, char *argv [])
{
    char buf[4];
    int rc = getrandom(buf, 4, 0);
    return rc == -1 ? 1 : 0;
}

