The system is: Linux - 5.7.6-arch1-1 - x86_64
Compiling the C compiler identification source file "CMakeCCompilerId.c" succeeded.
Compiler: /usr/bin/cc 
Build flags: ;-ffunction-sections;-fdata-sections;-fPIC;-m64
Id flags:  

The output was:
0


Compilation of the C compiler identification source "CMakeCCompilerId.c" produced "a.out"

The C compiler identification is GNU, found in "/home/iut/M4102C/examples/target/rls/debug/build/libzmq-sys-a82104b5cff9cc43/out/build/CMakeFiles/3.19.3/CompilerIdC/a.out"

Compiling the CXX compiler identification source file "CMakeCXXCompilerId.cpp" succeeded.
Compiler: /usr/bin/c++ 
Build flags: ;-ffunction-sections;-fdata-sections;-fPIC;-m64
Id flags:  

The output was:
0


Compilation of the CXX compiler identification source "CMakeCXXCompilerId.cpp" produced "a.out"

The CXX compiler identification is GNU, found in "/home/iut/M4102C/examples/target/rls/debug/build/libzmq-sys-a82104b5cff9cc43/out/build/CMakeFiles/3.19.3/CompilerIdCXX/a.out"

Detecting C compiler ABI info compiled with the following output:
Change Dir: /home/iut/M4102C/examples/target/rls/debug/build/libzmq-sys-a82104b5cff9cc43/out/build/CMakeFiles/CMakeTmp

Run Build Command(s):/usr/bin/make cmTC_4b6a0/fast && /usr/bin/make  -f CMakeFiles/cmTC_4b6a0.dir/build.make CMakeFiles/cmTC_4b6a0.dir/build
make[1]: Entering directory '/home/iut/M4102C/examples/target/rls/debug/build/libzmq-sys-a82104b5cff9cc43/out/build/CMakeFiles/CMakeTmp'
Building C object CMakeFiles/cmTC_4b6a0.dir/CMakeCCompilerABI.c.o
/usr/bin/cc   -ffunction-sections -fdata-sections -fPIC -m64    -v -o CMakeFiles/cmTC_4b6a0.dir/CMakeCCompilerABI.c.o -c /usr/share/cmake-3.19/Modules/CMakeCCompilerABI.c
Using built-in specs.
COLLECT_GCC=/usr/bin/cc
Target: x86_64-pc-linux-gnu
Configured with: /build/gcc/src/gcc/configure --prefix=/usr --libdir=/usr/lib --libexecdir=/usr/lib --mandir=/usr/share/man --infodir=/usr/share/info --with-bugurl=https://bugs.archlinux.org/ --enable-languages=c,c++,ada,fortran,go,lto,objc,obj-c++,d --with-isl --with-linker-hash-style=gnu --with-system-zlib --enable-__cxa_atexit --enable-cet=auto --enable-checking=release --enable-clocale=gnu --enable-default-pie --enable-default-ssp --enable-gnu-indirect-function --enable-gnu-unique-object --enable-install-libiberty --enable-linker-build-id --enable-lto --enable-multilib --enable-plugin --enable-shared --enable-threads=posix --disable-libssp --disable-libstdcxx-pch --disable-libunwind-exceptions --disable-werror gdc_include_dir=/usr/include/dlang/gdc
Thread model: posix
Supported LTO compression algorithms: zlib zstd
gcc version 10.1.0 (GCC) 
COLLECT_GCC_OPTIONS='-ffunction-sections' '-fdata-sections' '-fPIC' '-m64' '-v' '-o' 'CMakeFiles/cmTC_4b6a0.dir/CMakeCCompilerABI.c.o' '-c' '-mtune=generic' '-march=x86-64'
 /usr/lib/gcc/x86_64-pc-linux-gnu/10.1.0/cc1 -quiet -v /usr/share/cmake-3.19/Modules/CMakeCCompilerABI.c -quiet -dumpbase CMakeCCompilerABI.c -m64 -mtune=generic -march=x86-64 -auxbase-strip CMakeFiles/cmTC_4b6a0.dir/CMakeCCompilerABI.c.o -version -ffunction-sections -fdata-sections -fPIC -o /tmp/ccXehiCu.s
GNU C17 (GCC) version 10.1.0 (x86_64-pc-linux-gnu)
	compiled by GNU C version 10.1.0, GMP version 6.2.0, MPFR version 4.0.2, MPC version 1.1.0, isl version isl-0.21-GMP

GGC heuristics: --param ggc-min-expand=100 --param ggc-min-heapsize=131072
ignoring nonexistent directory "/usr/lib/gcc/x86_64-pc-linux-gnu/10.1.0/../../../../x86_64-pc-linux-gnu/include"
#include "..." search starts here:
#include <...> search starts here:
 /usr/lib/gcc/x86_64-pc-linux-gnu/10.1.0/include
 /usr/local/include
 /usr/lib/gcc/x86_64-pc-linux-gnu/10.1.0/include-fixed
 /usr/include
End of search list.
GNU C17 (GCC) version 10.1.0 (x86_64-pc-linux-gnu)
	compiled by GNU C version 10.1.0, GMP version 6.2.0, MPFR version 4.0.2, MPC version 1.1.0, isl version isl-0.21-GMP

GGC heuristics: --param ggc-min-expand=100 --param ggc-min-heapsize=131072
Compiler executable checksum: 8cbeeaf463513b43dc3c4cd12e0bccb6
COLLECT_GCC_OPTIONS='-ffunction-sections' '-fdata-sections' '-fPIC' '-m64' '-v' '-o' 'CMakeFiles/cmTC_4b6a0.dir/CMakeCCompilerABI.c.o' '-c' '-mtune=generic' '-march=x86-64'
 as -v --64 -o CMakeFiles/cmTC_4b6a0.dir/CMakeCCompilerABI.c.o /tmp/ccXehiCu.s
GNU assembler version 2.34.0 (x86_64-pc-linux-gnu) using BFD version (GNU Binutils) 2.34.0
COMPILER_PATH=/usr/lib/gcc/x86_64-pc-linux-gnu/10.1.0/:/usr/lib/gcc/x86_64-pc-linux-gnu/10.1.0/:/usr/lib/gcc/x86_64-pc-linux-gnu/:/usr/lib/gcc/x86_64-pc-linux-gnu/10.1.0/:/usr/lib/gcc/x86_64-pc-linux-gnu/
LIBRARY_PATH=/usr/lib/gcc/x86_64-pc-linux-gnu/10.1.0/:/usr/lib/gcc/x86_64-pc-linux-gnu/10.1.0/../../../../lib/:/lib/../lib/:/usr/lib/../lib/:/usr/lib/gcc/x86_64-pc-linux-gnu/10.1.0/../../../:/lib/:/usr/lib/
COLLECT_GCC_OPTIONS='-ffunction-sections' '-fdata-sections' '-fPIC' '-m64' '-v' '-o' 'CMakeFiles/cmTC_4b6a0.dir/CMakeCCompilerABI.c.o' '-c' '-mtune=generic' '-march=x86-64'
Linking C executable cmTC_4b6a0
/usr/bin/cmake -E cmake_link_script CMakeFiles/cmTC_4b6a0.dir/link.txt --verbose=1
/usr/bin/cc  -ffunction-sections -fdata-sections -fPIC -m64   -v -rdynamic CMakeFiles/cmTC_4b6a0.dir/CMakeCCompilerABI.c.o -o cmTC_4b6a0 
Using built-in specs.
COLLECT_GCC=/usr/bin/cc
COLLECT_LTO_WRAPPER=/usr/lib/gcc/x86_64-pc-linux-gnu/10.1.0/lto-wrapper
Target: x86_64-pc-linux-gnu
Configured with: /build/gcc/src/gcc/configure --prefix=/usr --libdir=/usr/lib --libexecdir=/usr/lib --mandir=/usr/share/man --infodir=/usr/share/info --with-bugurl=https://bugs.archlinux.org/ --enable-languages=c,c++,ada,fortran,go,lto,objc,obj-c++,d --with-isl --with-linker-hash-style=gnu --with-system-zlib --enable-__cxa_atexit --enable-cet=auto --enable-checking=release --enable-clocale=gnu --enable-default-pie --enable-default-ssp --enable-gnu-indirect-function --enable-gnu-unique-object --enable-install-libiberty --enable-linker-build-id --enable-lto --enable-multilib --enable-plugin --enable-shared --enable-threads=posix --disable-libssp --disable-libstdcxx-pch --disable-libunwind-exceptions --disable-werror gdc_include_dir=/usr/include/dlang/gdc
Thread model: posix
Supported LTO compression algorithms: zlib zstd
gcc version 10.1.0 (GCC) 
COMPILER_PATH=/usr/lib/gcc/x86_64-pc-linux-gnu/10.1.0/:/usr/lib/gcc/x86_64-pc-linux-gnu/10.1.0/:/usr/lib/gcc/x86_64-pc-linux-gnu/:/usr/lib/gcc/x86_64-pc-linux-gnu/10.1.0/:/usr/lib/gcc/x86_64-pc-linux-gnu/
LIBRARY_PATH=/usr/lib/gcc/x86_64-pc-linux-gnu/10.1.0/:/usr/lib/gcc/x86_64-pc-linux-gnu/10.1.0/../../../../lib/:/lib/../lib/:/usr/lib/../lib/:/usr/lib/gcc/x86_64-pc-linux-gnu/10.1.0/../../../:/lib/:/usr/lib/
COLLECT_GCC_OPTIONS='-ffunction-sections' '-fdata-sections' '-fPIC' '-m64' '-v' '-rdynamic' '-o' 'cmTC_4b6a0' '-mtune=generic' '-march=x86-64'
 /usr/lib/gcc/x86_64-pc-linux-gnu/10.1.0/collect2 -plugin /usr/lib/gcc/x86_64-pc-linux-gnu/10.1.0/liblto_plugin.so -plugin-opt=/usr/lib/gcc/x86_64-pc-linux-gnu/10.1.0/lto-wrapper -plugin-opt=-fresolution=/tmp/ccmt2p7o.res -plugin-opt=-pass-through=-lgcc -plugin-opt=-pass-through=-lgcc_s -plugin-opt=-pass-through=-lc -plugin-opt=-pass-through=-lgcc -plugin-opt=-pass-through=-lgcc_s --build-id --eh-frame-hdr --hash-style=gnu -m elf_x86_64 -export-dynamic -dynamic-linker /lib64/ld-linux-x86-64.so.2 -pie -o cmTC_4b6a0 /usr/lib/gcc/x86_64-pc-linux-gnu/10.1.0/../../../../lib/Scrt1.o /usr/lib/gcc/x86_64-pc-linux-gnu/10.1.0/../../../../lib/crti.o /usr/lib/gcc/x86_64-pc-linux-gnu/10.1.0/crtbeginS.o -L/usr/lib/gcc/x86_64-pc-linux-gnu/10.1.0 -L/usr/lib/gcc/x86_64-pc-linux-gnu/10.1.0/../../../../lib -L/lib/../lib -L/usr/lib/../lib -L/usr/lib/gcc/x86_64-pc-linux-gnu/10.1.0/../../.. CMakeFiles/cmTC_4b6a0.dir/CMakeCCompilerABI.c.o -lgcc --push-state --as-needed -lgcc_s --pop-state -lc -lgcc --push-state --as-needed -lgcc_s --pop-state /usr/lib/gcc/x86_64-pc-linux-gnu/10.1.0/crtendS.o /usr/lib/gcc/x86_64-pc-linux-gnu/10.1.0/../../../../lib/crtn.o
COLLECT_GCC_OPTIONS='-ffunction-sections' '-fdata-sections' '-fPIC' '-m64' '-v' '-rdynamic' '-o' 'cmTC_4b6a0' '-mtune=generic' '-march=x86-64'
make[1]: Leaving directory '/home/iut/M4102C/examples/target/rls/debug/build/libzmq-sys-a82104b5cff9cc43/out/build/CMakeFiles/CMakeTmp'



Parsed C implicit include dir info from above output: rv=done
  found start of include info
  found start of implicit include info
    add: [/usr/lib/gcc/x86_64-pc-linux-gnu/10.1.0/include]
    add: [/usr/local/include]
    add: [/usr/lib/gcc/x86_64-pc-linux-gnu/10.1.0/include-fixed]
    add: [/usr/include]
  end of search list found
  collapse include dir [/usr/lib/gcc/x86_64-pc-linux-gnu/10.1.0/include] ==> [/usr/lib/gcc/x86_64-pc-linux-gnu/10.1.0/include]
  collapse include dir [/usr/local/include] ==> [/usr/local/include]
  collapse include dir [/usr/lib/gcc/x86_64-pc-linux-gnu/10.1.0/include-fixed] ==> [/usr/lib/gcc/x86_64-pc-linux-gnu/10.1.0/include-fixed]
  collapse include dir [/usr/include] ==> [/usr/include]
  implicit include dirs: [/usr/lib/gcc/x86_64-pc-linux-gnu/10.1.0/include;/usr/local/include;/usr/lib/gcc/x86_64-pc-linux-gnu/10.1.0/include-fixed;/usr/include]


Parsed C implicit link information from above output:
  link line regex: [^( *|.*[/\])(ld|CMAKE_LINK_STARTFILE-NOTFOUND|([^/\]+-)?ld|collect2)[^/\]*( |$)]
  ignore line: [Change Dir: /home/iut/M4102C/examples/target/rls/debug/build/libzmq-sys-a82104b5cff9cc43/out/build/CMakeFiles/CMakeTmp]
  ignore line: []
  ignore line: [Run Build Command(s):/usr/bin/make cmTC_4b6a0/fast && /usr/bin/make  -f CMakeFiles/cmTC_4b6a0.dir/build.make CMakeFiles/cmTC_4b6a0.dir/build]
  ignore line: [make[1]: Entering directory '/home/iut/M4102C/examples/target/rls/debug/build/libzmq-sys-a82104b5cff9cc43/out/build/CMakeFiles/CMakeTmp']
  ignore line: [Building C object CMakeFiles/cmTC_4b6a0.dir/CMakeCCompilerABI.c.o]
  ignore line: [/usr/bin/cc   -ffunction-sections -fdata-sections -fPIC -m64    -v -o CMakeFiles/cmTC_4b6a0.dir/CMakeCCompilerABI.c.o -c /usr/share/cmake-3.19/Modules/CMakeCCompilerABI.c]
  ignore line: [Using built-in specs.]
  ignore line: [COLLECT_GCC=/usr/bin/cc]
  ignore line: [Target: x86_64-pc-linux-gnu]
  ignore line: [Configured with: /build/gcc/src/gcc/configure --prefix=/usr --libdir=/usr/lib --libexecdir=/usr/lib --mandir=/usr/share/man --infodir=/usr/share/info --with-bugurl=https://bugs.archlinux.org/ --enable-languages=c c++ ada fortran go lto objc obj-c++ d --with-isl --with-linker-hash-style=gnu --with-system-zlib --enable-__cxa_atexit --enable-cet=auto --enable-checking=release --enable-clocale=gnu --enable-default-pie --enable-default-ssp --enable-gnu-indirect-function --enable-gnu-unique-object --enable-install-libiberty --enable-linker-build-id --enable-lto --enable-multilib --enable-plugin --enable-shared --enable-threads=posix --disable-libssp --disable-libstdcxx-pch --disable-libunwind-exceptions --disable-werror gdc_include_dir=/usr/include/dlang/gdc]
  ignore line: [Thread model: posix]
  ignore line: [Supported LTO compression algorithms: zlib zstd]
  ignore line: [gcc version 10.1.0 (GCC) ]
  ignore line: [COLLECT_GCC_OPTIONS='-ffunction-sections' '-fdata-sections' '-fPIC' '-m64' '-v' '-o' 'CMakeFiles/cmTC_4b6a0.dir/CMakeCCompilerABI.c.o' '-c' '-mtune=generic' '-march=x86-64']
  ignore line: [ /usr/lib/gcc/x86_64-pc-linux-gnu/10.1.0/cc1 -quiet -v /usr/share/cmake-3.19/Modules/CMakeCCompilerABI.c -quiet -dumpbase CMakeCCompilerABI.c -m64 -mtune=generic -march=x86-64 -auxbase-strip CMakeFiles/cmTC_4b6a0.dir/CMakeCCompilerABI.c.o -version -ffunction-sections -fdata-sections -fPIC -o /tmp/ccXehiCu.s]
  ignore line: [GNU C17 (GCC) version 10.1.0 (x86_64-pc-linux-gnu)]
  ignore line: [	compiled by GNU C version 10.1.0  GMP version 6.2.0  MPFR version 4.0.2  MPC version 1.1.0  isl version isl-0.21-GMP]
  ignore line: []
  ignore line: [GGC heuristics: --param ggc-min-expand=100 --param ggc-min-heapsize=131072]
  ignore line: [ignoring nonexistent directory "/usr/lib/gcc/x86_64-pc-linux-gnu/10.1.0/../../../../x86_64-pc-linux-gnu/include"]
  ignore line: [#include "..." search starts here:]
  ignore line: [#include <...> search starts here:]
  ignore line: [ /usr/lib/gcc/x86_64-pc-linux-gnu/10.1.0/include]
  ignore line: [ /usr/local/include]
  ignore line: [ /usr/lib/gcc/x86_64-pc-linux-gnu/10.1.0/include-fixed]
  ignore line: [ /usr/include]
  ignore line: [End of search list.]
  ignore line: [GNU C17 (GCC) version 10.1.0 (x86_64-pc-linux-gnu)]
  ignore line: [	compiled by GNU C version 10.1.0  GMP version 6.2.0  MPFR version 4.0.2  MPC version 1.1.0  isl version isl-0.21-GMP]
  ignore line: []
  ignore line: [GGC heuristics: --param ggc-min-expand=100 --param ggc-min-heapsize=131072]
  ignore line: [Compiler executable checksum: 8cbeeaf463513b43dc3c4cd12e0bccb6]
  ignore line: [COLLECT_GCC_OPTIONS='-ffunction-sections' '-fdata-sections' '-fPIC' '-m64' '-v' '-o' 'CMakeFiles/cmTC_4b6a0.dir/CMakeCCompilerABI.c.o' '-c' '-mtune=generic' '-march=x86-64']
  ignore line: [ as -v --64 -o CMakeFiles/cmTC_4b6a0.dir/CMakeCCompilerABI.c.o /tmp/ccXehiCu.s]
  ignore line: [GNU assembler version 2.34.0 (x86_64-pc-linux-gnu) using BFD version (GNU Binutils) 2.34.0]
  ignore line: [COMPILER_PATH=/usr/lib/gcc/x86_64-pc-linux-gnu/10.1.0/:/usr/lib/gcc/x86_64-pc-linux-gnu/10.1.0/:/usr/lib/gcc/x86_64-pc-linux-gnu/:/usr/lib/gcc/x86_64-pc-linux-gnu/10.1.0/:/usr/lib/gcc/x86_64-pc-linux-gnu/]
  ignore line: [LIBRARY_PATH=/usr/lib/gcc/x86_64-pc-linux-gnu/10.1.0/:/usr/lib/gcc/x86_64-pc-linux-gnu/10.1.0/../../../../lib/:/lib/../lib/:/usr/lib/../lib/:/usr/lib/gcc/x86_64-pc-linux-gnu/10.1.0/../../../:/lib/:/usr/lib/]
  ignore line: [COLLECT_GCC_OPTIONS='-ffunction-sections' '-fdata-sections' '-fPIC' '-m64' '-v' '-o' 'CMakeFiles/cmTC_4b6a0.dir/CMakeCCompilerABI.c.o' '-c' '-mtune=generic' '-march=x86-64']
  ignore line: [Linking C executable cmTC_4b6a0]
  ignore line: [/usr/bin/cmake -E cmake_link_script CMakeFiles/cmTC_4b6a0.dir/link.txt --verbose=1]
  ignore line: [/usr/bin/cc  -ffunction-sections -fdata-sections -fPIC -m64   -v -rdynamic CMakeFiles/cmTC_4b6a0.dir/CMakeCCompilerABI.c.o -o cmTC_4b6a0 ]
  ignore line: [Using built-in specs.]
  ignore line: [COLLECT_GCC=/usr/bin/cc]
  ignore line: [COLLECT_LTO_WRAPPER=/usr/lib/gcc/x86_64-pc-linux-gnu/10.1.0/lto-wrapper]
  ignore line: [Target: x86_64-pc-linux-gnu]
  ignore line: [Configured with: /build/gcc/src/gcc/configure --prefix=/usr --libdir=/usr/lib --libexecdir=/usr/lib --mandir=/usr/share/man --infodir=/usr/share/info --with-bugurl=https://bugs.archlinux.org/ --enable-languages=c c++ ada fortran go lto objc obj-c++ d --with-isl --with-linker-hash-style=gnu --with-system-zlib --enable-__cxa_atexit --enable-cet=auto --enable-checking=release --enable-clocale=gnu --enable-default-pie --enable-default-ssp --enable-gnu-indirect-function --enable-gnu-unique-object --enable-install-libiberty --enable-linker-build-id --enable-lto --enable-multilib --enable-plugin --enable-shared --enable-threads=posix --disable-libssp --disable-libstdcxx-pch --disable-libunwind-exceptions --disable-werror gdc_include_dir=/usr/include/dlang/gdc]
  ignore line: [Thread model: posix]
  ignore line: [Supported LTO compression algorithms: zlib zstd]
  ignore line: [gcc version 10.1.0 (GCC) ]
  ignore line: [COMPILER_PATH=/usr/lib/gcc/x86_64-pc-linux-gnu/10.1.0/:/usr/lib/gcc/x86_64-pc-linux-gnu/10.1.0/:/usr/lib/gcc/x86_64-pc-linux-gnu/:/usr/lib/gcc/x86_64-pc-linux-gnu/10.1.0/:/usr/lib/gcc/x86_64-pc-linux-gnu/]
  ignore line: [LIBRARY_PATH=/usr/lib/gcc/x86_64-pc-linux-gnu/10.1.0/:/usr/lib/gcc/x86_64-pc-linux-gnu/10.1.0/../../../../lib/:/lib/../lib/:/usr/lib/../lib/:/usr/lib/gcc/x86_64-pc-linux-gnu/10.1.0/../../../:/lib/:/usr/lib/]
  ignore line: [COLLECT_GCC_OPTIONS='-ffunction-sections' '-fdata-sections' '-fPIC' '-m64' '-v' '-rdynamic' '-o' 'cmTC_4b6a0' '-mtune=generic' '-march=x86-64']
  link line: [ /usr/lib/gcc/x86_64-pc-linux-gnu/10.1.0/collect2 -plugin /usr/lib/gcc/x86_64-pc-linux-gnu/10.1.0/liblto_plugin.so -plugin-opt=/usr/lib/gcc/x86_64-pc-linux-gnu/10.1.0/lto-wrapper -plugin-opt=-fresolution=/tmp/ccmt2p7o.res -plugin-opt=-pass-through=-lgcc -plugin-opt=-pass-through=-lgcc_s -plugin-opt=-pass-through=-lc -plugin-opt=-pass-through=-lgcc -plugin-opt=-pass-through=-lgcc_s --build-id --eh-frame-hdr --hash-style=gnu -m elf_x86_64 -export-dynamic -dynamic-linker /lib64/ld-linux-x86-64.so.2 -pie -o cmTC_4b6a0 /usr/lib/gcc/x86_64-pc-linux-gnu/10.1.0/../../../../lib/Scrt1.o /usr/lib/gcc/x86_64-pc-linux-gnu/10.1.0/../../../../lib/crti.o /usr/lib/gcc/x86_64-pc-linux-gnu/10.1.0/crtbeginS.o -L/usr/lib/gcc/x86_64-pc-linux-gnu/10.1.0 -L/usr/lib/gcc/x86_64-pc-linux-gnu/10.1.0/../../../../lib -L/lib/../lib -L/usr/lib/../lib -L/usr/lib/gcc/x86_64-pc-linux-gnu/10.1.0/../../.. CMakeFiles/cmTC_4b6a0.dir/CMakeCCompilerABI.c.o -lgcc --push-state --as-needed -lgcc_s --pop-state -lc -lgcc --push-state --as-needed -lgcc_s --pop-state /usr/lib/gcc/x86_64-pc-linux-gnu/10.1.0/crtendS.o /usr/lib/gcc/x86_64-pc-linux-gnu/10.1.0/../../../../lib/crtn.o]
    arg [/usr/lib/gcc/x86_64-pc-linux-gnu/10.1.0/collect2] ==> ignore
    arg [-plugin] ==> ignore
    arg [/usr/lib/gcc/x86_64-pc-linux-gnu/10.1.0/liblto_plugin.so] ==> ignore
    arg [-plugin-opt=/usr/lib/gcc/x86_64-pc-linux-gnu/10.1.0/lto-wrapper] ==> ignore
    arg [-plugin-opt=-fresolution=/tmp/ccmt2p7o.res] ==> ignore
    arg [-plugin-opt=-pass-through=-lgcc] ==> ignore
    arg [-plugin-opt=-pass-through=-lgcc_s] ==> ignore
    arg [-plugin-opt=-pass-through=-lc] ==> ignore
    arg [-plugin-opt=-pass-through=-lgcc] ==> ignore
    arg [-plugin-opt=-pass-through=-lgcc_s] ==> ignore
    arg [--build-id] ==> ignore
    arg [--eh-frame-hdr] ==> ignore
    arg [--hash-style=gnu] ==> ignore
    arg [-m] ==> ignore
    arg [elf_x86_64] ==> ignore
    arg [-export-dynamic] ==> ignore
    arg [-dynamic-linker] ==> ignore
    arg [/lib64/ld-linux-x86-64.so.2] ==> ignore
    arg [-pie] ==> ignore
    arg [-o] ==> ignore
    arg [cmTC_4b6a0] ==> ignore
    arg [/usr/lib/gcc/x86_64-pc-linux-gnu/10.1.0/../../../../lib/Scrt1.o] ==> ignore
    arg [/usr/lib/gcc/x86_64-pc-linux-gnu/10.1.0/../../../../lib/crti.o] ==> ignore
    arg [/usr/lib/gcc/x86_64-pc-linux-gnu/10.1.0/crtbeginS.o] ==> ignore
    arg [-L/usr/lib/gcc/x86_64-pc-linux-gnu/10.1.0] ==> dir [/usr/lib/gcc/x86_64-pc-linux-gnu/10.1.0]
    arg [-L/usr/lib/gcc/x86_64-pc-linux-gnu/10.1.0/../../../../lib] ==> dir [/usr/lib/gcc/x86_64-pc-linux-gnu/10.1.0/../../../../lib]
    arg [-L/lib/../lib] ==> dir [/lib/../lib]
    arg [-L/usr/lib/../lib] ==> dir [/usr/lib/../lib]
    arg [-L/usr/lib/gcc/x86_64-pc-linux-gnu/10.1.0/../../..] ==> dir [/usr/lib/gcc/x86_64-pc-linux-gnu/10.1.0/../../..]
    arg [CMakeFiles/cmTC_4b6a0.dir/CMakeCCompilerABI.c.o] ==> ignore
    arg [-lgcc] ==> lib [gcc]
    arg [--push-state] ==> ignore
    arg [--as-needed] ==> ignore
    arg [-lgcc_s] ==> lib [gcc_s]
    arg [--pop-state] ==> ignore
    arg [-lc] ==> lib [c]
    arg [-lgcc] ==> lib [gcc]
    arg [--push-state] ==> ignore
    arg [--as-needed] ==> ignore
    arg [-lgcc_s] ==> lib [gcc_s]
    arg [--pop-state] ==> ignore
    arg [/usr/lib/gcc/x86_64-pc-linux-gnu/10.1.0/crtendS.o] ==> ignore
    arg [/usr/lib/gcc/x86_64-pc-linux-gnu/10.1.0/../../../../lib/crtn.o] ==> ignore
  collapse library dir [/usr/lib/gcc/x86_64-pc-linux-gnu/10.1.0] ==> [/usr/lib/gcc/x86_64-pc-linux-gnu/10.1.0]
  collapse library dir [/usr/lib/gcc/x86_64-pc-linux-gnu/10.1.0/../../../../lib] ==> [/usr/lib]
  collapse library dir [/lib/../lib] ==> [/lib]
  collapse library dir [/usr/lib/../lib] ==> [/usr/lib]
  collapse library dir [/usr/lib/gcc/x86_64-pc-linux-gnu/10.1.0/../../..] ==> [/usr/lib]
  implicit libs: [gcc;gcc_s;c;gcc;gcc_s]
  implicit dirs: [/usr/lib/gcc/x86_64-pc-linux-gnu/10.1.0;/usr/lib;/lib]
  implicit fwks: []


Detecting CXX compiler ABI info compiled with the following output:
Change Dir: /home/iut/M4102C/examples/target/rls/debug/build/libzmq-sys-a82104b5cff9cc43/out/build/CMakeFiles/CMakeTmp

Run Build Command(s):/usr/bin/make cmTC_0bd80/fast && /usr/bin/make  -f CMakeFiles/cmTC_0bd80.dir/build.make CMakeFiles/cmTC_0bd80.dir/build
make[1]: Entering directory '/home/iut/M4102C/examples/target/rls/debug/build/libzmq-sys-a82104b5cff9cc43/out/build/CMakeFiles/CMakeTmp'
Building CXX object CMakeFiles/cmTC_0bd80.dir/CMakeCXXCompilerABI.cpp.o
/usr/bin/c++   -ffunction-sections -fdata-sections -fPIC -m64    -v -o CMakeFiles/cmTC_0bd80.dir/CMakeCXXCompilerABI.cpp.o -c /usr/share/cmake-3.19/Modules/CMakeCXXCompilerABI.cpp
Using built-in specs.
COLLECT_GCC=/usr/bin/c++
Target: x86_64-pc-linux-gnu
Configured with: /build/gcc/src/gcc/configure --prefix=/usr --libdir=/usr/lib --libexecdir=/usr/lib --mandir=/usr/share/man --infodir=/usr/share/info --with-bugurl=https://bugs.archlinux.org/ --enable-languages=c,c++,ada,fortran,go,lto,objc,obj-c++,d --with-isl --with-linker-hash-style=gnu --with-system-zlib --enable-__cxa_atexit --enable-cet=auto --enable-checking=release --enable-clocale=gnu --enable-default-pie --enable-default-ssp --enable-gnu-indirect-function --enable-gnu-unique-object --enable-install-libiberty --enable-linker-build-id --enable-lto --enable-multilib --enable-plugin --enable-shared --enable-threads=posix --disable-libssp --disable-libstdcxx-pch --disable-libunwind-exceptions --disable-werror gdc_include_dir=/usr/include/dlang/gdc
Thread model: posix
Supported LTO compression algorithms: zlib zstd
gcc version 10.1.0 (GCC) 
COLLECT_GCC_OPTIONS='-ffunction-sections' '-fdata-sections' '-fPIC' '-m64' '-v' '-o' 'CMakeFiles/cmTC_0bd80.dir/CMakeCXXCompilerABI.cpp.o' '-c' '-shared-libgcc' '-mtune=generic' '-march=x86-64'
 /usr/lib/gcc/x86_64-pc-linux-gnu/10.1.0/cc1plus -quiet -v -D_GNU_SOURCE /usr/share/cmake-3.19/Modules/CMakeCXXCompilerABI.cpp -quiet -dumpbase CMakeCXXCompilerABI.cpp -m64 -mtune=generic -march=x86-64 -auxbase-strip CMakeFiles/cmTC_0bd80.dir/CMakeCXXCompilerABI.cpp.o -version -ffunction-sections -fdata-sections -fPIC -o /tmp/ccGIV91o.s
GNU C++14 (GCC) version 10.1.0 (x86_64-pc-linux-gnu)
	compiled by GNU C version 10.1.0, GMP version 6.2.0, MPFR version 4.0.2, MPC version 1.1.0, isl version isl-0.21-GMP

GGC heuristics: --param ggc-min-expand=100 --param ggc-min-heapsize=131072
ignoring nonexistent directory "/usr/lib/gcc/x86_64-pc-linux-gnu/10.1.0/../../../../x86_64-pc-linux-gnu/include"
#include "..." search starts here:
#include <...> search starts here:
 /usr/lib/gcc/x86_64-pc-linux-gnu/10.1.0/../../../../include/c++/10.1.0
 /usr/lib/gcc/x86_64-pc-linux-gnu/10.1.0/../../../../include/c++/10.1.0/x86_64-pc-linux-gnu
 /usr/lib/gcc/x86_64-pc-linux-gnu/10.1.0/../../../../include/c++/10.1.0/backward
 /usr/lib/gcc/x86_64-pc-linux-gnu/10.1.0/include
 /usr/local/include
 /usr/lib/gcc/x86_64-pc-linux-gnu/10.1.0/include-fixed
 /usr/include
End of search list.
GNU C++14 (GCC) version 10.1.0 (x86_64-pc-linux-gnu)
	compiled by GNU C version 10.1.0, GMP version 6.2.0, MPFR version 4.0.2, MPC version 1.1.0, isl version isl-0.21-GMP

GGC heuristics: --param ggc-min-expand=100 --param ggc-min-heapsize=131072
Compiler executable checksum: 262bfe0a9d27898ea74cb944d94238f6
COLLECT_GCC_OPTIONS='-ffunction-sections' '-fdata-sections' '-fPIC' '-m64' '-v' '-o' 'CMakeFiles/cmTC_0bd80.dir/CMakeCXXCompilerABI.cpp.o' '-c' '-shared-libgcc' '-mtune=generic' '-march=x86-64'
 as -v --64 -o CMakeFiles/cmTC_0bd80.dir/CMakeCXXCompilerABI.cpp.o /tmp/ccGIV91o.s
GNU assembler version 2.34.0 (x86_64-pc-linux-gnu) using BFD version (GNU Binutils) 2.34.0
COMPILER_PATH=/usr/lib/gcc/x86_64-pc-linux-gnu/10.1.0/:/usr/lib/gcc/x86_64-pc-linux-gnu/10.1.0/:/usr/lib/gcc/x86_64-pc-linux-gnu/:/usr/lib/gcc/x86_64-pc-linux-gnu/10.1.0/:/usr/lib/gcc/x86_64-pc-linux-gnu/
LIBRARY_PATH=/usr/lib/gcc/x86_64-pc-linux-gnu/10.1.0/:/usr/lib/gcc/x86_64-pc-linux-gnu/10.1.0/../../../../lib/:/lib/../lib/:/usr/lib/../lib/:/usr/lib/gcc/x86_64-pc-linux-gnu/10.1.0/../../../:/lib/:/usr/lib/
COLLECT_GCC_OPTIONS='-ffunction-sections' '-fdata-sections' '-fPIC' '-m64' '-v' '-o' 'CMakeFiles/cmTC_0bd80.dir/CMakeCXXCompilerABI.cpp.o' '-c' '-shared-libgcc' '-mtune=generic' '-march=x86-64'
Linking CXX executable cmTC_0bd80
/usr/bin/cmake -E cmake_link_script CMakeFiles/cmTC_0bd80.dir/link.txt --verbose=1
/usr/bin/c++  -ffunction-sections -fdata-sections -fPIC -m64   -v -rdynamic CMakeFiles/cmTC_0bd80.dir/CMakeCXXCompilerABI.cpp.o -o cmTC_0bd80 
Using built-in specs.
COLLECT_GCC=/usr/bin/c++
COLLECT_LTO_WRAPPER=/usr/lib/gcc/x86_64-pc-linux-gnu/10.1.0/lto-wrapper
Target: x86_64-pc-linux-gnu
Configured with: /build/gcc/src/gcc/configure --prefix=/usr --libdir=/usr/lib --libexecdir=/usr/lib --mandir=/usr/share/man --infodir=/usr/share/info --with-bugurl=https://bugs.archlinux.org/ --enable-languages=c,c++,ada,fortran,go,lto,objc,obj-c++,d --with-isl --with-linker-hash-style=gnu --with-system-zlib --enable-__cxa_atexit --enable-cet=auto --enable-checking=release --enable-clocale=gnu --enable-default-pie --enable-default-ssp --enable-gnu-indirect-function --enable-gnu-unique-object --enable-install-libiberty --enable-linker-build-id --enable-lto --enable-multilib --enable-plugin --enable-shared --enable-threads=posix --disable-libssp --disable-libstdcxx-pch --disable-libunwind-exceptions --disable-werror gdc_include_dir=/usr/include/dlang/gdc
Thread model: posix
Supported LTO compression algorithms: zlib zstd
gcc version 10.1.0 (GCC) 
COMPILER_PATH=/usr/lib/gcc/x86_64-pc-linux-gnu/10.1.0/:/usr/lib/gcc/x86_64-pc-linux-gnu/10.1.0/:/usr/lib/gcc/x86_64-pc-linux-gnu/:/usr/lib/gcc/x86_64-pc-linux-gnu/10.1.0/:/usr/lib/gcc/x86_64-pc-linux-gnu/
LIBRARY_PATH=/usr/lib/gcc/x86_64-pc-linux-gnu/10.1.0/:/usr/lib/gcc/x86_64-pc-linux-gnu/10.1.0/../../../../lib/:/lib/../lib/:/usr/lib/../lib/:/usr/lib/gcc/x86_64-pc-linux-gnu/10.1.0/../../../:/lib/:/usr/lib/
COLLECT_GCC_OPTIONS='-ffunction-sections' '-fdata-sections' '-fPIC' '-m64' '-v' '-rdynamic' '-o' 'cmTC_0bd80' '-shared-libgcc' '-mtune=generic' '-march=x86-64'
 /usr/lib/gcc/x86_64-pc-linux-gnu/10.1.0/collect2 -plugin /usr/lib/gcc/x86_64-pc-linux-gnu/10.1.0/liblto_plugin.so -plugin-opt=/usr/lib/gcc/x86_64-pc-linux-gnu/10.1.0/lto-wrapper -plugin-opt=-fresolution=/tmp/cc2cqdyb.res -plugin-opt=-pass-through=-lgcc_s -plugin-opt=-pass-through=-lgcc -plugin-opt=-pass-through=-lc -plugin-opt=-pass-through=-lgcc_s -plugin-opt=-pass-through=-lgcc --build-id --eh-frame-hdr --hash-style=gnu -m elf_x86_64 -export-dynamic -dynamic-linker /lib64/ld-linux-x86-64.so.2 -pie -o cmTC_0bd80 /usr/lib/gcc/x86_64-pc-linux-gnu/10.1.0/../../../../lib/Scrt1.o /usr/lib/gcc/x86_64-pc-linux-gnu/10.1.0/../../../../lib/crti.o /usr/lib/gcc/x86_64-pc-linux-gnu/10.1.0/crtbeginS.o -L/usr/lib/gcc/x86_64-pc-linux-gnu/10.1.0 -L/usr/lib/gcc/x86_64-pc-linux-gnu/10.1.0/../../../../lib -L/lib/../lib -L/usr/lib/../lib -L/usr/lib/gcc/x86_64-pc-linux-gnu/10.1.0/../../.. CMakeFiles/cmTC_0bd80.dir/CMakeCXXCompilerABI.cpp.o -lstdc++ -lm -lgcc_s -lgcc -lc -lgcc_s -lgcc /usr/lib/gcc/x86_64-pc-linux-gnu/10.1.0/crtendS.o /usr/lib/gcc/x86_64-pc-linux-gnu/10.1.0/../../../../lib/crtn.o
COLLECT_GCC_OPTIONS='-ffunction-sections' '-fdata-sections' '-fPIC' '-m64' '-v' '-rdynamic' '-o' 'cmTC_0bd80' '-shared-libgcc' '-mtune=generic' '-march=x86-64'
make[1]: Leaving directory '/home/iut/M4102C/examples/target/rls/debug/build/libzmq-sys-a82104b5cff9cc43/out/build/CMakeFiles/CMakeTmp'



Parsed CXX implicit include dir info from above output: rv=done
  found start of include info
  found start of implicit include info
    add: [/usr/lib/gcc/x86_64-pc-linux-gnu/10.1.0/../../../../include/c++/10.1.0]
    add: [/usr/lib/gcc/x86_64-pc-linux-gnu/10.1.0/../../../../include/c++/10.1.0/x86_64-pc-linux-gnu]
    add: [/usr/lib/gcc/x86_64-pc-linux-gnu/10.1.0/../../../../include/c++/10.1.0/backward]
    add: [/usr/lib/gcc/x86_64-pc-linux-gnu/10.1.0/include]
    add: [/usr/local/include]
    add: [/usr/lib/gcc/x86_64-pc-linux-gnu/10.1.0/include-fixed]
    add: [/usr/include]
  end of search list found
  collapse include dir [/usr/lib/gcc/x86_64-pc-linux-gnu/10.1.0/../../../../include/c++/10.1.0] ==> [/usr/include/c++/10.1.0]
  collapse include dir [/usr/lib/gcc/x86_64-pc-linux-gnu/10.1.0/../../../../include/c++/10.1.0/x86_64-pc-linux-gnu] ==> [/usr/include/c++/10.1.0/x86_64-pc-linux-gnu]
  collapse include dir [/usr/lib/gcc/x86_64-pc-linux-gnu/10.1.0/../../../../include/c++/10.1.0/backward] ==> [/usr/include/c++/10.1.0/backward]
  collapse include dir [/usr/lib/gcc/x86_64-pc-linux-gnu/10.1.0/include] ==> [/usr/lib/gcc/x86_64-pc-linux-gnu/10.1.0/include]
  collapse include dir [/usr/local/include] ==> [/usr/local/include]
  collapse include dir [/usr/lib/gcc/x86_64-pc-linux-gnu/10.1.0/include-fixed] ==> [/usr/lib/gcc/x86_64-pc-linux-gnu/10.1.0/include-fixed]
  collapse include dir [/usr/include] ==> [/usr/include]
  implicit include dirs: [/usr/include/c++/10.1.0;/usr/include/c++/10.1.0/x86_64-pc-linux-gnu;/usr/include/c++/10.1.0/backward;/usr/lib/gcc/x86_64-pc-linux-gnu/10.1.0/include;/usr/local/include;/usr/lib/gcc/x86_64-pc-linux-gnu/10.1.0/include-fixed;/usr/include]


Parsed CXX implicit link information from above output:
  link line regex: [^( *|.*[/\])(ld|CMAKE_LINK_STARTFILE-NOTFOUND|([^/\]+-)?ld|collect2)[^/\]*( |$)]
  ignore line: [Change Dir: /home/iut/M4102C/examples/target/rls/debug/build/libzmq-sys-a82104b5cff9cc43/out/build/CMakeFiles/CMakeTmp]
  ignore line: []
  ignore line: [Run Build Command(s):/usr/bin/make cmTC_0bd80/fast && /usr/bin/make  -f CMakeFiles/cmTC_0bd80.dir/build.make CMakeFiles/cmTC_0bd80.dir/build]
  ignore line: [make[1]: Entering directory '/home/iut/M4102C/examples/target/rls/debug/build/libzmq-sys-a82104b5cff9cc43/out/build/CMakeFiles/CMakeTmp']
  ignore line: [Building CXX object CMakeFiles/cmTC_0bd80.dir/CMakeCXXCompilerABI.cpp.o]
  ignore line: [/usr/bin/c++   -ffunction-sections -fdata-sections -fPIC -m64    -v -o CMakeFiles/cmTC_0bd80.dir/CMakeCXXCompilerABI.cpp.o -c /usr/share/cmake-3.19/Modules/CMakeCXXCompilerABI.cpp]
  ignore line: [Using built-in specs.]
  ignore line: [COLLECT_GCC=/usr/bin/c++]
  ignore line: [Target: x86_64-pc-linux-gnu]
  ignore line: [Configured with: /build/gcc/src/gcc/configure --prefix=/usr --libdir=/usr/lib --libexecdir=/usr/lib --mandir=/usr/share/man --infodir=/usr/share/info --with-bugurl=https://bugs.archlinux.org/ --enable-languages=c c++ ada fortran go lto objc obj-c++ d --with-isl --with-linker-hash-style=gnu --with-system-zlib --enable-__cxa_atexit --enable-cet=auto --enable-checking=release --enable-clocale=gnu --enable-default-pie --enable-default-ssp --enable-gnu-indirect-function --enable-gnu-unique-object --enable-install-libiberty --enable-linker-build-id --enable-lto --enable-multilib --enable-plugin --enable-shared --enable-threads=posix --disable-libssp --disable-libstdcxx-pch --disable-libunwind-exceptions --disable-werror gdc_include_dir=/usr/include/dlang/gdc]
  ignore line: [Thread model: posix]
  ignore line: [Supported LTO compression algorithms: zlib zstd]
  ignore line: [gcc version 10.1.0 (GCC) ]
  ignore line: [COLLECT_GCC_OPTIONS='-ffunction-sections' '-fdata-sections' '-fPIC' '-m64' '-v' '-o' 'CMakeFiles/cmTC_0bd80.dir/CMakeCXXCompilerABI.cpp.o' '-c' '-shared-libgcc' '-mtune=generic' '-march=x86-64']
  ignore line: [ /usr/lib/gcc/x86_64-pc-linux-gnu/10.1.0/cc1plus -quiet -v -D_GNU_SOURCE /usr/share/cmake-3.19/Modules/CMakeCXXCompilerABI.cpp -quiet -dumpbase CMakeCXXCompilerABI.cpp -m64 -mtune=generic -march=x86-64 -auxbase-strip CMakeFiles/cmTC_0bd80.dir/CMakeCXXCompilerABI.cpp.o -version -ffunction-sections -fdata-sections -fPIC -o /tmp/ccGIV91o.s]
  ignore line: [GNU C++14 (GCC) version 10.1.0 (x86_64-pc-linux-gnu)]
  ignore line: [	compiled by GNU C version 10.1.0  GMP version 6.2.0  MPFR version 4.0.2  MPC version 1.1.0  isl version isl-0.21-GMP]
  ignore line: []
  ignore line: [GGC heuristics: --param ggc-min-expand=100 --param ggc-min-heapsize=131072]
  ignore line: [ignoring nonexistent directory "/usr/lib/gcc/x86_64-pc-linux-gnu/10.1.0/../../../../x86_64-pc-linux-gnu/include"]
  ignore line: [#include "..." search starts here:]
  ignore line: [#include <...> search starts here:]
  ignore line: [ /usr/lib/gcc/x86_64-pc-linux-gnu/10.1.0/../../../../include/c++/10.1.0]
  ignore line: [ /usr/lib/gcc/x86_64-pc-linux-gnu/10.1.0/../../../../include/c++/10.1.0/x86_64-pc-linux-gnu]
  ignore line: [ /usr/lib/gcc/x86_64-pc-linux-gnu/10.1.0/../../../../include/c++/10.1.0/backward]
  ignore line: [ /usr/lib/gcc/x86_64-pc-linux-gnu/10.1.0/include]
  ignore line: [ /usr/local/include]
  ignore line: [ /usr/lib/gcc/x86_64-pc-linux-gnu/10.1.0/include-fixed]
  ignore line: [ /usr/include]
  ignore line: [End of search list.]
  ignore line: [GNU C++14 (GCC) version 10.1.0 (x86_64-pc-linux-gnu)]
  ignore line: [	compiled by GNU C version 10.1.0  GMP version 6.2.0  MPFR version 4.0.2  MPC version 1.1.0  isl version isl-0.21-GMP]
  ignore line: []
  ignore line: [GGC heuristics: --param ggc-min-expand=100 --param ggc-min-heapsize=131072]
  ignore line: [Compiler executable checksum: 262bfe0a9d27898ea74cb944d94238f6]
  ignore line: [COLLECT_GCC_OPTIONS='-ffunction-sections' '-fdata-sections' '-fPIC' '-m64' '-v' '-o' 'CMakeFiles/cmTC_0bd80.dir/CMakeCXXCompilerABI.cpp.o' '-c' '-shared-libgcc' '-mtune=generic' '-march=x86-64']
  ignore line: [ as -v --64 -o CMakeFiles/cmTC_0bd80.dir/CMakeCXXCompilerABI.cpp.o /tmp/ccGIV91o.s]
  ignore line: [GNU assembler version 2.34.0 (x86_64-pc-linux-gnu) using BFD version (GNU Binutils) 2.34.0]
  ignore line: [COMPILER_PATH=/usr/lib/gcc/x86_64-pc-linux-gnu/10.1.0/:/usr/lib/gcc/x86_64-pc-linux-gnu/10.1.0/:/usr/lib/gcc/x86_64-pc-linux-gnu/:/usr/lib/gcc/x86_64-pc-linux-gnu/10.1.0/:/usr/lib/gcc/x86_64-pc-linux-gnu/]
  ignore line: [LIBRARY_PATH=/usr/lib/gcc/x86_64-pc-linux-gnu/10.1.0/:/usr/lib/gcc/x86_64-pc-linux-gnu/10.1.0/../../../../lib/:/lib/../lib/:/usr/lib/../lib/:/usr/lib/gcc/x86_64-pc-linux-gnu/10.1.0/../../../:/lib/:/usr/lib/]
  ignore line: [COLLECT_GCC_OPTIONS='-ffunction-sections' '-fdata-sections' '-fPIC' '-m64' '-v' '-o' 'CMakeFiles/cmTC_0bd80.dir/CMakeCXXCompilerABI.cpp.o' '-c' '-shared-libgcc' '-mtune=generic' '-march=x86-64']
  ignore line: [Linking CXX executable cmTC_0bd80]
  ignore line: [/usr/bin/cmake -E cmake_link_script CMakeFiles/cmTC_0bd80.dir/link.txt --verbose=1]
  ignore line: [/usr/bin/c++  -ffunction-sections -fdata-sections -fPIC -m64   -v -rdynamic CMakeFiles/cmTC_0bd80.dir/CMakeCXXCompilerABI.cpp.o -o cmTC_0bd80 ]
  ignore line: [Using built-in specs.]
  ignore line: [COLLECT_GCC=/usr/bin/c++]
  ignore line: [COLLECT_LTO_WRAPPER=/usr/lib/gcc/x86_64-pc-linux-gnu/10.1.0/lto-wrapper]
  ignore line: [Target: x86_64-pc-linux-gnu]
  ignore line: [Configured with: /build/gcc/src/gcc/configure --prefix=/usr --libdir=/usr/lib --libexecdir=/usr/lib --mandir=/usr/share/man --infodir=/usr/share/info --with-bugurl=https://bugs.archlinux.org/ --enable-languages=c c++ ada fortran go lto objc obj-c++ d --with-isl --with-linker-hash-style=gnu --with-system-zlib --enable-__cxa_atexit --enable-cet=auto --enable-checking=release --enable-clocale=gnu --enable-default-pie --enable-default-ssp --enable-gnu-indirect-function --enable-gnu-unique-object --enable-install-libiberty --enable-linker-build-id --enable-lto --enable-multilib --enable-plugin --enable-shared --enable-threads=posix --disable-libssp --disable-libstdcxx-pch --disable-libunwind-exceptions --disable-werror gdc_include_dir=/usr/include/dlang/gdc]
  ignore line: [Thread model: posix]
  ignore line: [Supported LTO compression algorithms: zlib zstd]
  ignore line: [gcc version 10.1.0 (GCC) ]
  ignore line: [COMPILER_PATH=/usr/lib/gcc/x86_64-pc-linux-gnu/10.1.0/:/usr/lib/gcc/x86_64-pc-linux-gnu/10.1.0/:/usr/lib/gcc/x86_64-pc-linux-gnu/:/usr/lib/gcc/x86_64-pc-linux-gnu/10.1.0/:/usr/lib/gcc/x86_64-pc-linux-gnu/]
  ignore line: [LIBRARY_PATH=/usr/lib/gcc/x86_64-pc-linux-gnu/10.1.0/:/usr/lib/gcc/x86_64-pc-linux-gnu/10.1.0/../../../../lib/:/lib/../lib/:/usr/lib/../lib/:/usr/lib/gcc/x86_64-pc-linux-gnu/10.1.0/../../../:/lib/:/usr/lib/]
  ignore line: [COLLECT_GCC_OPTIONS='-ffunction-sections' '-fdata-sections' '-fPIC' '-m64' '-v' '-rdynamic' '-o' 'cmTC_0bd80' '-shared-libgcc' '-mtune=generic' '-march=x86-64']
  link line: [ /usr/lib/gcc/x86_64-pc-linux-gnu/10.1.0/collect2 -plugin /usr/lib/gcc/x86_64-pc-linux-gnu/10.1.0/liblto_plugin.so -plugin-opt=/usr/lib/gcc/x86_64-pc-linux-gnu/10.1.0/lto-wrapper -plugin-opt=-fresolution=/tmp/cc2cqdyb.res -plugin-opt=-pass-through=-lgcc_s -plugin-opt=-pass-through=-lgcc -plugin-opt=-pass-through=-lc -plugin-opt=-pass-through=-lgcc_s -plugin-opt=-pass-through=-lgcc --build-id --eh-frame-hdr --hash-style=gnu -m elf_x86_64 -export-dynamic -dynamic-linker /lib64/ld-linux-x86-64.so.2 -pie -o cmTC_0bd80 /usr/lib/gcc/x86_64-pc-linux-gnu/10.1.0/../../../../lib/Scrt1.o /usr/lib/gcc/x86_64-pc-linux-gnu/10.1.0/../../../../lib/crti.o /usr/lib/gcc/x86_64-pc-linux-gnu/10.1.0/crtbeginS.o -L/usr/lib/gcc/x86_64-pc-linux-gnu/10.1.0 -L/usr/lib/gcc/x86_64-pc-linux-gnu/10.1.0/../../../../lib -L/lib/../lib -L/usr/lib/../lib -L/usr/lib/gcc/x86_64-pc-linux-gnu/10.1.0/../../.. CMakeFiles/cmTC_0bd80.dir/CMakeCXXCompilerABI.cpp.o -lstdc++ -lm -lgcc_s -lgcc -lc -lgcc_s -lgcc /usr/lib/gcc/x86_64-pc-linux-gnu/10.1.0/crtendS.o /usr/lib/gcc/x86_64-pc-linux-gnu/10.1.0/../../../../lib/crtn.o]
    arg [/usr/lib/gcc/x86_64-pc-linux-gnu/10.1.0/collect2] ==> ignore
    arg [-plugin] ==> ignore
    arg [/usr/lib/gcc/x86_64-pc-linux-gnu/10.1.0/liblto_plugin.so] ==> ignore
    arg [-plugin-opt=/usr/lib/gcc/x86_64-pc-linux-gnu/10.1.0/lto-wrapper] ==> ignore
    arg [-plugin-opt=-fresolution=/tmp/cc2cqdyb.res] ==> ignore
    arg [-plugin-opt=-pass-through=-lgcc_s] ==> ignore
    arg [-plugin-opt=-pass-through=-lgcc] ==> ignore
    arg [-plugin-opt=-pass-through=-lc] ==> ignore
    arg [-plugin-opt=-pass-through=-lgcc_s] ==> ignore
    arg [-plugin-opt=-pass-through=-lgcc] ==> ignore
    arg [--build-id] ==> ignore
    arg [--eh-frame-hdr] ==> ignore
    arg [--hash-style=gnu] ==> ignore
    arg [-m] ==> ignore
    arg [elf_x86_64] ==> ignore
    arg [-export-dynamic] ==> ignore
    arg [-dynamic-linker] ==> ignore
    arg [/lib64/ld-linux-x86-64.so.2] ==> ignore
    arg [-pie] ==> ignore
    arg [-o] ==> ignore
    arg [cmTC_0bd80] ==> ignore
    arg [/usr/lib/gcc/x86_64-pc-linux-gnu/10.1.0/../../../../lib/Scrt1.o] ==> ignore
    arg [/usr/lib/gcc/x86_64-pc-linux-gnu/10.1.0/../../../../lib/crti.o] ==> ignore
    arg [/usr/lib/gcc/x86_64-pc-linux-gnu/10.1.0/crtbeginS.o] ==> ignore
    arg [-L/usr/lib/gcc/x86_64-pc-linux-gnu/10.1.0] ==> dir [/usr/lib/gcc/x86_64-pc-linux-gnu/10.1.0]
    arg [-L/usr/lib/gcc/x86_64-pc-linux-gnu/10.1.0/../../../../lib] ==> dir [/usr/lib/gcc/x86_64-pc-linux-gnu/10.1.0/../../../../lib]
    arg [-L/lib/../lib] ==> dir [/lib/../lib]
    arg [-L/usr/lib/../lib] ==> dir [/usr/lib/../lib]
    arg [-L/usr/lib/gcc/x86_64-pc-linux-gnu/10.1.0/../../..] ==> dir [/usr/lib/gcc/x86_64-pc-linux-gnu/10.1.0/../../..]
    arg [CMakeFiles/cmTC_0bd80.dir/CMakeCXXCompilerABI.cpp.o] ==> ignore
    arg [-lstdc++] ==> lib [stdc++]
    arg [-lm] ==> lib [m]
    arg [-lgcc_s] ==> lib [gcc_s]
    arg [-lgcc] ==> lib [gcc]
    arg [-lc] ==> lib [c]
    arg [-lgcc_s] ==> lib [gcc_s]
    arg [-lgcc] ==> lib [gcc]
    arg [/usr/lib/gcc/x86_64-pc-linux-gnu/10.1.0/crtendS.o] ==> ignore
    arg [/usr/lib/gcc/x86_64-pc-linux-gnu/10.1.0/../../../../lib/crtn.o] ==> ignore
  collapse library dir [/usr/lib/gcc/x86_64-pc-linux-gnu/10.1.0] ==> [/usr/lib/gcc/x86_64-pc-linux-gnu/10.1.0]
  collapse library dir [/usr/lib/gcc/x86_64-pc-linux-gnu/10.1.0/../../../../lib] ==> [/usr/lib]
  collapse library dir [/lib/../lib] ==> [/lib]
  collapse library dir [/usr/lib/../lib] ==> [/usr/lib]
  collapse library dir [/usr/lib/gcc/x86_64-pc-linux-gnu/10.1.0/../../..] ==> [/usr/lib]
  implicit libs: [stdc++;m;gcc_s;gcc;c;gcc_s;gcc]
  implicit dirs: [/usr/lib/gcc/x86_64-pc-linux-gnu/10.1.0;/usr/lib;/lib]
  implicit fwks: []


Determining if the include file pthread.h exists passed with the following output:
Change Dir: /home/iut/M4102C/examples/target/rls/debug/build/libzmq-sys-a82104b5cff9cc43/out/build/CMakeFiles/CMakeTmp

Run Build Command(s):/usr/bin/make cmTC_96be8/fast && /usr/bin/make  -f CMakeFiles/cmTC_96be8.dir/build.make CMakeFiles/cmTC_96be8.dir/build
make[1] : on entre dans le répertoire « /home/iut/M4102C/examples/target/rls/debug/build/libzmq-sys-a82104b5cff9cc43/out/build/CMakeFiles/CMakeTmp »
Building C object CMakeFiles/cmTC_96be8.dir/CheckIncludeFile.c.o
/usr/bin/cc   -ffunction-sections -fdata-sections -fPIC -m64  -o CMakeFiles/cmTC_96be8.dir/CheckIncludeFile.c.o -c /home/iut/M4102C/examples/target/rls/debug/build/libzmq-sys-a82104b5cff9cc43/out/build/CMakeFiles/CMakeTmp/CheckIncludeFile.c
Linking C executable cmTC_96be8
/usr/bin/cmake -E cmake_link_script CMakeFiles/cmTC_96be8.dir/link.txt --verbose=1
/usr/bin/cc  -ffunction-sections -fdata-sections -fPIC -m64  -rdynamic CMakeFiles/cmTC_96be8.dir/CheckIncludeFile.c.o -o cmTC_96be8 
make[1] : on quitte le répertoire « /home/iut/M4102C/examples/target/rls/debug/build/libzmq-sys-a82104b5cff9cc43/out/build/CMakeFiles/CMakeTmp »



Determining if the function pthread_create exists in the pthread passed with the following output:
Change Dir: /home/iut/M4102C/examples/target/rls/debug/build/libzmq-sys-a82104b5cff9cc43/out/build/CMakeFiles/CMakeTmp

Run Build Command(s):/usr/bin/make cmTC_e0b97/fast && /usr/bin/make  -f CMakeFiles/cmTC_e0b97.dir/build.make CMakeFiles/cmTC_e0b97.dir/build
make[1] : on entre dans le répertoire « /home/iut/M4102C/examples/target/rls/debug/build/libzmq-sys-a82104b5cff9cc43/out/build/CMakeFiles/CMakeTmp »
Building C object CMakeFiles/cmTC_e0b97.dir/CheckFunctionExists.c.o
/usr/bin/cc   -ffunction-sections -fdata-sections -fPIC -m64 -DCHECK_FUNCTION_EXISTS=pthread_create -o CMakeFiles/cmTC_e0b97.dir/CheckFunctionExists.c.o -c /usr/share/cmake-3.19/Modules/CheckFunctionExists.c
Linking C executable cmTC_e0b97
/usr/bin/cmake -E cmake_link_script CMakeFiles/cmTC_e0b97.dir/link.txt --verbose=1
/usr/bin/cc  -ffunction-sections -fdata-sections -fPIC -m64 -DCHECK_FUNCTION_EXISTS=pthread_create -rdynamic CMakeFiles/cmTC_e0b97.dir/CheckFunctionExists.c.o -o cmTC_e0b97  -lpthread 
make[1] : on quitte le répertoire « /home/iut/M4102C/examples/target/rls/debug/build/libzmq-sys-a82104b5cff9cc43/out/build/CMakeFiles/CMakeTmp »



Performing C++ SOURCE FILE Test COMPILER_SUPPORTS_CXX11 succeeded with the following output:
Change Dir: /home/iut/M4102C/examples/target/rls/debug/build/libzmq-sys-a82104b5cff9cc43/out/build/CMakeFiles/CMakeTmp

Run Build Command(s):/usr/bin/make cmTC_7b01d/fast && /usr/bin/make  -f CMakeFiles/cmTC_7b01d.dir/build.make CMakeFiles/cmTC_7b01d.dir/build
make[1]: Entering directory '/home/iut/M4102C/examples/target/rls/debug/build/libzmq-sys-a82104b5cff9cc43/out/build/CMakeFiles/CMakeTmp'
Building CXX object CMakeFiles/cmTC_7b01d.dir/src.cxx.o
/usr/bin/c++ -DCOMPILER_SUPPORTS_CXX11  -ffunction-sections -fdata-sections -fPIC -m64    -std=gnu++11 -o CMakeFiles/cmTC_7b01d.dir/src.cxx.o -c /home/iut/M4102C/examples/target/rls/debug/build/libzmq-sys-a82104b5cff9cc43/out/build/CMakeFiles/CMakeTmp/src.cxx
Linking CXX executable cmTC_7b01d
/usr/bin/cmake -E cmake_link_script CMakeFiles/cmTC_7b01d.dir/link.txt --verbose=1
/usr/bin/c++  -ffunction-sections -fdata-sections -fPIC -m64  -rdynamic CMakeFiles/cmTC_7b01d.dir/src.cxx.o -o cmTC_7b01d 
make[1]: Leaving directory '/home/iut/M4102C/examples/target/rls/debug/build/libzmq-sys-a82104b5cff9cc43/out/build/CMakeFiles/CMakeTmp'


Source file was:
int main() { return 0; }
Performing C SOURCE FILE Test COMPILER_SUPPORTS_C11 succeeded with the following output:
Change Dir: /home/iut/M4102C/examples/target/rls/debug/build/libzmq-sys-a82104b5cff9cc43/out/build/CMakeFiles/CMakeTmp

Run Build Command(s):/usr/bin/make cmTC_bcf91/fast && /usr/bin/make  -f CMakeFiles/cmTC_bcf91.dir/build.make CMakeFiles/cmTC_bcf91.dir/build
make[1]: Entering directory '/home/iut/M4102C/examples/target/rls/debug/build/libzmq-sys-a82104b5cff9cc43/out/build/CMakeFiles/CMakeTmp'
Building C object CMakeFiles/cmTC_bcf91.dir/src.c.o
/usr/bin/cc -DCOMPILER_SUPPORTS_C11  -ffunction-sections -fdata-sections -fPIC -m64    -std=gnu11 -o CMakeFiles/cmTC_bcf91.dir/src.c.o -c /home/iut/M4102C/examples/target/rls/debug/build/libzmq-sys-a82104b5cff9cc43/out/build/CMakeFiles/CMakeTmp/src.c
Linking C executable cmTC_bcf91
/usr/bin/cmake -E cmake_link_script CMakeFiles/cmTC_bcf91.dir/link.txt --verbose=1
/usr/bin/cc  -ffunction-sections -fdata-sections -fPIC -m64  -rdynamic CMakeFiles/cmTC_bcf91.dir/src.c.o -o cmTC_bcf91 
make[1]: Leaving directory '/home/iut/M4102C/examples/target/rls/debug/build/libzmq-sys-a82104b5cff9cc43/out/build/CMakeFiles/CMakeTmp'


Source file was:
int main(void) { return 0; }
Performing C++ SOURCE FILE Test CXX_HAS_TAUT_WARNING succeeded with the following output:
Change Dir: /home/iut/M4102C/examples/target/rls/debug/build/libzmq-sys-a82104b5cff9cc43/out/build/CMakeFiles/CMakeTmp

Run Build Command(s):/usr/bin/make cmTC_1b904/fast && /usr/bin/make  -f CMakeFiles/cmTC_1b904.dir/build.make CMakeFiles/cmTC_1b904.dir/build
make[1]: Entering directory '/home/iut/M4102C/examples/target/rls/debug/build/libzmq-sys-a82104b5cff9cc43/out/build/CMakeFiles/CMakeTmp'
Building CXX object CMakeFiles/cmTC_1b904.dir/src.cxx.o
/usr/bin/c++ -DCXX_HAS_TAUT_WARNING  -ffunction-sections -fdata-sections -fPIC -m64 -std=gnu++11    -Wno-tautological-constant-compare -o CMakeFiles/cmTC_1b904.dir/src.cxx.o -c /home/iut/M4102C/examples/target/rls/debug/build/libzmq-sys-a82104b5cff9cc43/out/build/CMakeFiles/CMakeTmp/src.cxx
Linking CXX executable cmTC_1b904
/usr/bin/cmake -E cmake_link_script CMakeFiles/cmTC_1b904.dir/link.txt --verbose=1
/usr/bin/c++  -ffunction-sections -fdata-sections -fPIC -m64 -std=gnu++11  -rdynamic CMakeFiles/cmTC_1b904.dir/src.cxx.o -o cmTC_1b904 
make[1]: Leaving directory '/home/iut/M4102C/examples/target/rls/debug/build/libzmq-sys-a82104b5cff9cc43/out/build/CMakeFiles/CMakeTmp'


Source file was:
int main() { return 0; }
Performing C SOURCE FILE Test CC_HAS_TAUT_WARNING succeeded with the following output:
Change Dir: /home/iut/M4102C/examples/target/rls/debug/build/libzmq-sys-a82104b5cff9cc43/out/build/CMakeFiles/CMakeTmp

Run Build Command(s):/usr/bin/make cmTC_4b7ca/fast && /usr/bin/make  -f CMakeFiles/cmTC_4b7ca.dir/build.make CMakeFiles/cmTC_4b7ca.dir/build
make[1]: Entering directory '/home/iut/M4102C/examples/target/rls/debug/build/libzmq-sys-a82104b5cff9cc43/out/build/CMakeFiles/CMakeTmp'
Building C object CMakeFiles/cmTC_4b7ca.dir/src.c.o
/usr/bin/cc -DCC_HAS_TAUT_WARNING  -ffunction-sections -fdata-sections -fPIC -m64 -std=gnu11    -Wno-tautological-constant-compare -o CMakeFiles/cmTC_4b7ca.dir/src.c.o -c /home/iut/M4102C/examples/target/rls/debug/build/libzmq-sys-a82104b5cff9cc43/out/build/CMakeFiles/CMakeTmp/src.c
Linking C executable cmTC_4b7ca
/usr/bin/cmake -E cmake_link_script CMakeFiles/cmTC_4b7ca.dir/link.txt --verbose=1
/usr/bin/cc  -ffunction-sections -fdata-sections -fPIC -m64 -std=gnu11  -rdynamic CMakeFiles/cmTC_4b7ca.dir/src.c.o -o cmTC_4b7ca 
make[1]: Leaving directory '/home/iut/M4102C/examples/target/rls/debug/build/libzmq-sys-a82104b5cff9cc43/out/build/CMakeFiles/CMakeTmp'


Source file was:
int main(void) { return 0; }
Determining if the epoll_create exist passed with the following output:
Change Dir: /home/iut/M4102C/examples/target/rls/debug/build/libzmq-sys-a82104b5cff9cc43/out/build/CMakeFiles/CMakeTmp

Run Build Command(s):/usr/bin/make cmTC_eab0c/fast && /usr/bin/make  -f CMakeFiles/cmTC_eab0c.dir/build.make CMakeFiles/cmTC_eab0c.dir/build
make[1] : on entre dans le répertoire « /home/iut/M4102C/examples/target/rls/debug/build/libzmq-sys-a82104b5cff9cc43/out/build/CMakeFiles/CMakeTmp »
Building CXX object CMakeFiles/cmTC_eab0c.dir/CheckSymbolExists.cxx.o
/usr/bin/c++   -ffunction-sections -fdata-sections -fPIC -m64 -std=gnu++11 -Wno-tautological-constant-compare  -o CMakeFiles/cmTC_eab0c.dir/CheckSymbolExists.cxx.o -c /home/iut/M4102C/examples/target/rls/debug/build/libzmq-sys-a82104b5cff9cc43/out/build/CMakeFiles/CMakeTmp/CheckSymbolExists.cxx
Linking CXX executable cmTC_eab0c
/usr/bin/cmake -E cmake_link_script CMakeFiles/cmTC_eab0c.dir/link.txt --verbose=1
/usr/bin/c++  -ffunction-sections -fdata-sections -fPIC -m64 -std=gnu++11 -Wno-tautological-constant-compare  -rdynamic CMakeFiles/cmTC_eab0c.dir/CheckSymbolExists.cxx.o -o cmTC_eab0c 
make[1] : on quitte le répertoire « /home/iut/M4102C/examples/target/rls/debug/build/libzmq-sys-a82104b5cff9cc43/out/build/CMakeFiles/CMakeTmp »


File /home/iut/M4102C/examples/target/rls/debug/build/libzmq-sys-a82104b5cff9cc43/out/build/CMakeFiles/CMakeTmp/CheckSymbolExists.cxx:
/* */
#include <sys/epoll.h>

int main(int argc, char** argv)
{
  (void)argv;
#ifndef epoll_create
  return ((int*)(&epoll_create))[argc];
#else
  (void)argc;
  return 0;
#endif
}
Determining if the epoll_create1 exist passed with the following output:
Change Dir: /home/iut/M4102C/examples/target/rls/debug/build/libzmq-sys-a82104b5cff9cc43/out/build/CMakeFiles/CMakeTmp

Run Build Command(s):/usr/bin/make cmTC_4176d/fast && /usr/bin/make  -f CMakeFiles/cmTC_4176d.dir/build.make CMakeFiles/cmTC_4176d.dir/build
make[1] : on entre dans le répertoire « /home/iut/M4102C/examples/target/rls/debug/build/libzmq-sys-a82104b5cff9cc43/out/build/CMakeFiles/CMakeTmp »
Building CXX object CMakeFiles/cmTC_4176d.dir/CheckSymbolExists.cxx.o
/usr/bin/c++   -ffunction-sections -fdata-sections -fPIC -m64 -std=gnu++11 -Wno-tautological-constant-compare  -o CMakeFiles/cmTC_4176d.dir/CheckSymbolExists.cxx.o -c /home/iut/M4102C/examples/target/rls/debug/build/libzmq-sys-a82104b5cff9cc43/out/build/CMakeFiles/CMakeTmp/CheckSymbolExists.cxx
Linking CXX executable cmTC_4176d
/usr/bin/cmake -E cmake_link_script CMakeFiles/cmTC_4176d.dir/link.txt --verbose=1
/usr/bin/c++  -ffunction-sections -fdata-sections -fPIC -m64 -std=gnu++11 -Wno-tautological-constant-compare  -rdynamic CMakeFiles/cmTC_4176d.dir/CheckSymbolExists.cxx.o -o cmTC_4176d 
make[1] : on quitte le répertoire « /home/iut/M4102C/examples/target/rls/debug/build/libzmq-sys-a82104b5cff9cc43/out/build/CMakeFiles/CMakeTmp »


File /home/iut/M4102C/examples/target/rls/debug/build/libzmq-sys-a82104b5cff9cc43/out/build/CMakeFiles/CMakeTmp/CheckSymbolExists.cxx:
/* */
#include <sys/epoll.h>

int main(int argc, char** argv)
{
  (void)argv;
#ifndef epoll_create1
  return ((int*)(&epoll_create1))[argc];
#else
  (void)argc;
  return 0;
#endif
}
Determining if files condition_variable exist passed with the following output:
Change Dir: /home/iut/M4102C/examples/target/rls/debug/build/libzmq-sys-a82104b5cff9cc43/out/build/CMakeFiles/CMakeTmp

Run Build Command(s):/usr/bin/make cmTC_ffbfd/fast && /usr/bin/make  -f CMakeFiles/cmTC_ffbfd.dir/build.make CMakeFiles/cmTC_ffbfd.dir/build
make[1] : on entre dans le répertoire « /home/iut/M4102C/examples/target/rls/debug/build/libzmq-sys-a82104b5cff9cc43/out/build/CMakeFiles/CMakeTmp »
Building CXX object CMakeFiles/cmTC_ffbfd.dir/ZMQ_HAVE_STL_CONDITION_VARIABLE.cpp.o
/usr/bin/c++   -ffunction-sections -fdata-sections -fPIC -m64 -std=gnu++11 -Wno-tautological-constant-compare  -o CMakeFiles/cmTC_ffbfd.dir/ZMQ_HAVE_STL_CONDITION_VARIABLE.cpp.o -c /home/iut/M4102C/examples/target/rls/debug/build/libzmq-sys-a82104b5cff9cc43/out/build/CMakeFiles/CheckIncludeFiles/ZMQ_HAVE_STL_CONDITION_VARIABLE.cpp
Linking CXX executable cmTC_ffbfd
/usr/bin/cmake -E cmake_link_script CMakeFiles/cmTC_ffbfd.dir/link.txt --verbose=1
/usr/bin/c++  -ffunction-sections -fdata-sections -fPIC -m64 -std=gnu++11 -Wno-tautological-constant-compare  -rdynamic CMakeFiles/cmTC_ffbfd.dir/ZMQ_HAVE_STL_CONDITION_VARIABLE.cpp.o -o cmTC_ffbfd 
make[1] : on quitte le répertoire « /home/iut/M4102C/examples/target/rls/debug/build/libzmq-sys-a82104b5cff9cc43/out/build/CMakeFiles/CMakeTmp »



Determining if files ifaddrs.h exist passed with the following output:
Change Dir: /home/iut/M4102C/examples/target/rls/debug/build/libzmq-sys-a82104b5cff9cc43/out/build/CMakeFiles/CMakeTmp

Run Build Command(s):/usr/bin/make cmTC_063b3/fast && /usr/bin/make  -f CMakeFiles/cmTC_063b3.dir/build.make CMakeFiles/cmTC_063b3.dir/build
make[1] : on entre dans le répertoire « /home/iut/M4102C/examples/target/rls/debug/build/libzmq-sys-a82104b5cff9cc43/out/build/CMakeFiles/CMakeTmp »
Building C object CMakeFiles/cmTC_063b3.dir/ZMQ_HAVE_IFADDRS.c.o
/usr/bin/cc   -ffunction-sections -fdata-sections -fPIC -m64 -std=gnu11 -Wno-tautological-constant-compare  -o CMakeFiles/cmTC_063b3.dir/ZMQ_HAVE_IFADDRS.c.o -c /home/iut/M4102C/examples/target/rls/debug/build/libzmq-sys-a82104b5cff9cc43/out/build/CMakeFiles/CheckIncludeFiles/ZMQ_HAVE_IFADDRS.c
Linking C executable cmTC_063b3
/usr/bin/cmake -E cmake_link_script CMakeFiles/cmTC_063b3.dir/link.txt --verbose=1
/usr/bin/cc  -ffunction-sections -fdata-sections -fPIC -m64 -std=gnu11 -Wno-tautological-constant-compare  -rdynamic CMakeFiles/cmTC_063b3.dir/ZMQ_HAVE_IFADDRS.c.o -o cmTC_063b3 
make[1] : on quitte le répertoire « /home/iut/M4102C/examples/target/rls/debug/build/libzmq-sys-a82104b5cff9cc43/out/build/CMakeFiles/CMakeTmp »



Determining if files sys/uio.h exist passed with the following output:
Change Dir: /home/iut/M4102C/examples/target/rls/debug/build/libzmq-sys-a82104b5cff9cc43/out/build/CMakeFiles/CMakeTmp

Run Build Command(s):/usr/bin/make cmTC_4507c/fast && /usr/bin/make  -f CMakeFiles/cmTC_4507c.dir/build.make CMakeFiles/cmTC_4507c.dir/build
make[1] : on entre dans le répertoire « /home/iut/M4102C/examples/target/rls/debug/build/libzmq-sys-a82104b5cff9cc43/out/build/CMakeFiles/CMakeTmp »
Building C object CMakeFiles/cmTC_4507c.dir/ZMQ_HAVE_UIO.c.o
/usr/bin/cc   -ffunction-sections -fdata-sections -fPIC -m64 -std=gnu11 -Wno-tautological-constant-compare  -o CMakeFiles/cmTC_4507c.dir/ZMQ_HAVE_UIO.c.o -c /home/iut/M4102C/examples/target/rls/debug/build/libzmq-sys-a82104b5cff9cc43/out/build/CMakeFiles/CheckIncludeFiles/ZMQ_HAVE_UIO.c
Linking C executable cmTC_4507c
/usr/bin/cmake -E cmake_link_script CMakeFiles/cmTC_4507c.dir/link.txt --verbose=1
/usr/bin/cc  -ffunction-sections -fdata-sections -fPIC -m64 -std=gnu11 -Wno-tautological-constant-compare  -rdynamic CMakeFiles/cmTC_4507c.dir/ZMQ_HAVE_UIO.c.o -o cmTC_4507c 
make[1] : on quitte le répertoire « /home/iut/M4102C/examples/target/rls/debug/build/libzmq-sys-a82104b5cff9cc43/out/build/CMakeFiles/CMakeTmp »



Determining if files sys/eventfd.h exist passed with the following output:
Change Dir: /home/iut/M4102C/examples/target/rls/debug/build/libzmq-sys-a82104b5cff9cc43/out/build/CMakeFiles/CMakeTmp

Run Build Command(s):/usr/bin/make cmTC_37200/fast && /usr/bin/make  -f CMakeFiles/cmTC_37200.dir/build.make CMakeFiles/cmTC_37200.dir/build
make[1] : on entre dans le répertoire « /home/iut/M4102C/examples/target/rls/debug/build/libzmq-sys-a82104b5cff9cc43/out/build/CMakeFiles/CMakeTmp »
Building C object CMakeFiles/cmTC_37200.dir/ZMQ_HAVE_EVENTFD.c.o
/usr/bin/cc   -ffunction-sections -fdata-sections -fPIC -m64 -std=gnu11 -Wno-tautological-constant-compare  -o CMakeFiles/cmTC_37200.dir/ZMQ_HAVE_EVENTFD.c.o -c /home/iut/M4102C/examples/target/rls/debug/build/libzmq-sys-a82104b5cff9cc43/out/build/CMakeFiles/CheckIncludeFiles/ZMQ_HAVE_EVENTFD.c
Linking C executable cmTC_37200
/usr/bin/cmake -E cmake_link_script CMakeFiles/cmTC_37200.dir/link.txt --verbose=1
/usr/bin/cc  -ffunction-sections -fdata-sections -fPIC -m64 -std=gnu11 -Wno-tautological-constant-compare  -rdynamic CMakeFiles/cmTC_37200.dir/ZMQ_HAVE_EVENTFD.c.o -o cmTC_37200 
make[1] : on quitte le répertoire « /home/iut/M4102C/examples/target/rls/debug/build/libzmq-sys-a82104b5cff9cc43/out/build/CMakeFiles/CMakeTmp »



Performing C SOURCE FILE Test ZMQ_HAVE_EVENTFD_CLOEXEC succeeded with the following compile output:
Change Dir: /home/iut/M4102C/examples/target/rls/debug/build/libzmq-sys-a82104b5cff9cc43/out/build/CMakeFiles/CMakeTmp

Run Build Command(s):/usr/bin/make cmTC_db9af/fast && /usr/bin/make  -f CMakeFiles/cmTC_db9af.dir/build.make CMakeFiles/cmTC_db9af.dir/build
make[1] : on entre dans le répertoire « /home/iut/M4102C/examples/target/rls/debug/build/libzmq-sys-a82104b5cff9cc43/out/build/CMakeFiles/CMakeTmp »
Building C object CMakeFiles/cmTC_db9af.dir/src.c.o
/usr/bin/cc -DZMQ_HAVE_EVENTFD_CLOEXEC  -ffunction-sections -fdata-sections -fPIC -m64 -std=gnu11 -Wno-tautological-constant-compare  -o CMakeFiles/cmTC_db9af.dir/src.c.o -c /home/iut/M4102C/examples/target/rls/debug/build/libzmq-sys-a82104b5cff9cc43/out/build/CMakeFiles/CMakeTmp/src.c
Linking C executable cmTC_db9af
/usr/bin/cmake -E cmake_link_script CMakeFiles/cmTC_db9af.dir/link.txt --verbose=1
/usr/bin/cc  -ffunction-sections -fdata-sections -fPIC -m64 -std=gnu11 -Wno-tautological-constant-compare  -rdynamic CMakeFiles/cmTC_db9af.dir/src.c.o -o cmTC_db9af 
make[1] : on quitte le répertoire « /home/iut/M4102C/examples/target/rls/debug/build/libzmq-sys-a82104b5cff9cc43/out/build/CMakeFiles/CMakeTmp »


...and run output:

Return value: 1
Source file was:

#include <sys/eventfd.h>

int main(int argc, char *argv [])
{
    int s = eventfd (0, EFD_CLOEXEC);
    return(s == -1);
}

Determining if the SO_PEERCRED exist passed with the following output:
Change Dir: /home/iut/M4102C/examples/target/rls/debug/build/libzmq-sys-a82104b5cff9cc43/out/build/CMakeFiles/CMakeTmp

Run Build Command(s):/usr/bin/make cmTC_0082f/fast && /usr/bin/make  -f CMakeFiles/cmTC_0082f.dir/build.make CMakeFiles/cmTC_0082f.dir/build
make[1] : on entre dans le répertoire « /home/iut/M4102C/examples/target/rls/debug/build/libzmq-sys-a82104b5cff9cc43/out/build/CMakeFiles/CMakeTmp »
Building CXX object CMakeFiles/cmTC_0082f.dir/CheckSymbolExists.cxx.o
/usr/bin/c++   -ffunction-sections -fdata-sections -fPIC -m64 -std=gnu++11 -Wno-tautological-constant-compare  -o CMakeFiles/cmTC_0082f.dir/CheckSymbolExists.cxx.o -c /home/iut/M4102C/examples/target/rls/debug/build/libzmq-sys-a82104b5cff9cc43/out/build/CMakeFiles/CMakeTmp/CheckSymbolExists.cxx
Linking CXX executable cmTC_0082f
/usr/bin/cmake -E cmake_link_script CMakeFiles/cmTC_0082f.dir/link.txt --verbose=1
/usr/bin/c++  -ffunction-sections -fdata-sections -fPIC -m64 -std=gnu++11 -Wno-tautological-constant-compare  -rdynamic CMakeFiles/cmTC_0082f.dir/CheckSymbolExists.cxx.o -o cmTC_0082f 
make[1] : on quitte le répertoire « /home/iut/M4102C/examples/target/rls/debug/build/libzmq-sys-a82104b5cff9cc43/out/build/CMakeFiles/CMakeTmp »


File /home/iut/M4102C/examples/target/rls/debug/build/libzmq-sys-a82104b5cff9cc43/out/build/CMakeFiles/CMakeTmp/CheckSymbolExists.cxx:
/* */
#include <sys/socket.h>

int main(int argc, char** argv)
{
  (void)argv;
#ifndef SO_PEERCRED
  return ((int*)(&SO_PEERCRED))[argc];
#else
  (void)argc;
  return 0;
#endif
}
Determining if the clock_gettime exist passed with the following output:
Change Dir: /home/iut/M4102C/examples/target/rls/debug/build/libzmq-sys-a82104b5cff9cc43/out/build/CMakeFiles/CMakeTmp

Run Build Command(s):/usr/bin/make cmTC_d1bb1/fast && /usr/bin/make  -f CMakeFiles/cmTC_d1bb1.dir/build.make CMakeFiles/cmTC_d1bb1.dir/build
make[1] : on entre dans le répertoire « /home/iut/M4102C/examples/target/rls/debug/build/libzmq-sys-a82104b5cff9cc43/out/build/CMakeFiles/CMakeTmp »
Building CXX object CMakeFiles/cmTC_d1bb1.dir/CheckSymbolExists.cxx.o
/usr/bin/c++   -ffunction-sections -fdata-sections -fPIC -m64 -std=gnu++11 -Wno-tautological-constant-compare  -o CMakeFiles/cmTC_d1bb1.dir/CheckSymbolExists.cxx.o -c /home/iut/M4102C/examples/target/rls/debug/build/libzmq-sys-a82104b5cff9cc43/out/build/CMakeFiles/CMakeTmp/CheckSymbolExists.cxx
Linking CXX executable cmTC_d1bb1
/usr/bin/cmake -E cmake_link_script CMakeFiles/cmTC_d1bb1.dir/link.txt --verbose=1
/usr/bin/c++  -ffunction-sections -fdata-sections -fPIC -m64 -std=gnu++11 -Wno-tautological-constant-compare  -rdynamic CMakeFiles/cmTC_d1bb1.dir/CheckSymbolExists.cxx.o -o cmTC_d1bb1  -lrt 
make[1] : on quitte le répertoire « /home/iut/M4102C/examples/target/rls/debug/build/libzmq-sys-a82104b5cff9cc43/out/build/CMakeFiles/CMakeTmp »


File /home/iut/M4102C/examples/target/rls/debug/build/libzmq-sys-a82104b5cff9cc43/out/build/CMakeFiles/CMakeTmp/CheckSymbolExists.cxx:
/* */
#include <time.h>

int main(int argc, char** argv)
{
  (void)argv;
#ifndef clock_gettime
  return ((int*)(&clock_gettime))[argc];
#else
  (void)argc;
  return 0;
#endif
}
Determining if the fork exist passed with the following output:
Change Dir: /home/iut/M4102C/examples/target/rls/debug/build/libzmq-sys-a82104b5cff9cc43/out/build/CMakeFiles/CMakeTmp

Run Build Command(s):/usr/bin/make cmTC_335b4/fast && /usr/bin/make  -f CMakeFiles/cmTC_335b4.dir/build.make CMakeFiles/cmTC_335b4.dir/build
make[1] : on entre dans le répertoire « /home/iut/M4102C/examples/target/rls/debug/build/libzmq-sys-a82104b5cff9cc43/out/build/CMakeFiles/CMakeTmp »
Building CXX object CMakeFiles/cmTC_335b4.dir/CheckSymbolExists.cxx.o
/usr/bin/c++   -ffunction-sections -fdata-sections -fPIC -m64 -std=gnu++11 -Wno-tautological-constant-compare  -o CMakeFiles/cmTC_335b4.dir/CheckSymbolExists.cxx.o -c /home/iut/M4102C/examples/target/rls/debug/build/libzmq-sys-a82104b5cff9cc43/out/build/CMakeFiles/CMakeTmp/CheckSymbolExists.cxx
Linking CXX executable cmTC_335b4
/usr/bin/cmake -E cmake_link_script CMakeFiles/cmTC_335b4.dir/link.txt --verbose=1
/usr/bin/c++  -ffunction-sections -fdata-sections -fPIC -m64 -std=gnu++11 -Wno-tautological-constant-compare  -rdynamic CMakeFiles/cmTC_335b4.dir/CheckSymbolExists.cxx.o -o cmTC_335b4 
make[1] : on quitte le répertoire « /home/iut/M4102C/examples/target/rls/debug/build/libzmq-sys-a82104b5cff9cc43/out/build/CMakeFiles/CMakeTmp »


File /home/iut/M4102C/examples/target/rls/debug/build/libzmq-sys-a82104b5cff9cc43/out/build/CMakeFiles/CMakeTmp/CheckSymbolExists.cxx:
/* */
#include <unistd.h>

int main(int argc, char** argv)
{
  (void)argv;
#ifndef fork
  return ((int*)(&fork))[argc];
#else
  (void)argc;
  return 0;
#endif
}
Determining if the mkdtemp exist passed with the following output:
Change Dir: /home/iut/M4102C/examples/target/rls/debug/build/libzmq-sys-a82104b5cff9cc43/out/build/CMakeFiles/CMakeTmp

Run Build Command(s):/usr/bin/make cmTC_4b9ad/fast && /usr/bin/make  -f CMakeFiles/cmTC_4b9ad.dir/build.make CMakeFiles/cmTC_4b9ad.dir/build
make[1] : on entre dans le répertoire « /home/iut/M4102C/examples/target/rls/debug/build/libzmq-sys-a82104b5cff9cc43/out/build/CMakeFiles/CMakeTmp »
Building CXX object CMakeFiles/cmTC_4b9ad.dir/CheckSymbolExists.cxx.o
/usr/bin/c++   -ffunction-sections -fdata-sections -fPIC -m64 -std=gnu++11 -Wno-tautological-constant-compare  -o CMakeFiles/cmTC_4b9ad.dir/CheckSymbolExists.cxx.o -c /home/iut/M4102C/examples/target/rls/debug/build/libzmq-sys-a82104b5cff9cc43/out/build/CMakeFiles/CMakeTmp/CheckSymbolExists.cxx
Linking CXX executable cmTC_4b9ad
/usr/bin/cmake -E cmake_link_script CMakeFiles/cmTC_4b9ad.dir/link.txt --verbose=1
/usr/bin/c++  -ffunction-sections -fdata-sections -fPIC -m64 -std=gnu++11 -Wno-tautological-constant-compare  -rdynamic CMakeFiles/cmTC_4b9ad.dir/CheckSymbolExists.cxx.o -o cmTC_4b9ad 
make[1] : on quitte le répertoire « /home/iut/M4102C/examples/target/rls/debug/build/libzmq-sys-a82104b5cff9cc43/out/build/CMakeFiles/CMakeTmp »


File /home/iut/M4102C/examples/target/rls/debug/build/libzmq-sys-a82104b5cff9cc43/out/build/CMakeFiles/CMakeTmp/CheckSymbolExists.cxx:
/* */
#include <stdlib.h>

int main(int argc, char** argv)
{
  (void)argv;
#ifndef mkdtemp
  return ((int*)(&mkdtemp))[argc];
#else
  (void)argc;
  return 0;
#endif
}
Determining if the accept4 exist passed with the following output:
Change Dir: /home/iut/M4102C/examples/target/rls/debug/build/libzmq-sys-a82104b5cff9cc43/out/build/CMakeFiles/CMakeTmp

Run Build Command(s):/usr/bin/make cmTC_811d8/fast && /usr/bin/make  -f CMakeFiles/cmTC_811d8.dir/build.make CMakeFiles/cmTC_811d8.dir/build
make[1] : on entre dans le répertoire « /home/iut/M4102C/examples/target/rls/debug/build/libzmq-sys-a82104b5cff9cc43/out/build/CMakeFiles/CMakeTmp »
Building CXX object CMakeFiles/cmTC_811d8.dir/CheckSymbolExists.cxx.o
/usr/bin/c++   -ffunction-sections -fdata-sections -fPIC -m64 -std=gnu++11 -Wno-tautological-constant-compare  -o CMakeFiles/cmTC_811d8.dir/CheckSymbolExists.cxx.o -c /home/iut/M4102C/examples/target/rls/debug/build/libzmq-sys-a82104b5cff9cc43/out/build/CMakeFiles/CMakeTmp/CheckSymbolExists.cxx
Linking CXX executable cmTC_811d8
/usr/bin/cmake -E cmake_link_script CMakeFiles/cmTC_811d8.dir/link.txt --verbose=1
/usr/bin/c++  -ffunction-sections -fdata-sections -fPIC -m64 -std=gnu++11 -Wno-tautological-constant-compare  -rdynamic CMakeFiles/cmTC_811d8.dir/CheckSymbolExists.cxx.o -o cmTC_811d8 
make[1] : on quitte le répertoire « /home/iut/M4102C/examples/target/rls/debug/build/libzmq-sys-a82104b5cff9cc43/out/build/CMakeFiles/CMakeTmp »


File /home/iut/M4102C/examples/target/rls/debug/build/libzmq-sys-a82104b5cff9cc43/out/build/CMakeFiles/CMakeTmp/CheckSymbolExists.cxx:
/* */
#include <sys/socket.h>

int main(int argc, char** argv)
{
  (void)argv;
#ifndef accept4
  return ((int*)(&accept4))[argc];
#else
  (void)argc;
  return 0;
#endif
}
Determining if the strnlen exist passed with the following output:
Change Dir: /home/iut/M4102C/examples/target/rls/debug/build/libzmq-sys-a82104b5cff9cc43/out/build/CMakeFiles/CMakeTmp

Run Build Command(s):/usr/bin/make cmTC_fdd61/fast && /usr/bin/make  -f CMakeFiles/cmTC_fdd61.dir/build.make CMakeFiles/cmTC_fdd61.dir/build
make[1] : on entre dans le répertoire « /home/iut/M4102C/examples/target/rls/debug/build/libzmq-sys-a82104b5cff9cc43/out/build/CMakeFiles/CMakeTmp »
Building CXX object CMakeFiles/cmTC_fdd61.dir/CheckSymbolExists.cxx.o
/usr/bin/c++   -ffunction-sections -fdata-sections -fPIC -m64 -std=gnu++11 -Wno-tautological-constant-compare  -o CMakeFiles/cmTC_fdd61.dir/CheckSymbolExists.cxx.o -c /home/iut/M4102C/examples/target/rls/debug/build/libzmq-sys-a82104b5cff9cc43/out/build/CMakeFiles/CMakeTmp/CheckSymbolExists.cxx
Linking CXX executable cmTC_fdd61
/usr/bin/cmake -E cmake_link_script CMakeFiles/cmTC_fdd61.dir/link.txt --verbose=1
/usr/bin/c++  -ffunction-sections -fdata-sections -fPIC -m64 -std=gnu++11 -Wno-tautological-constant-compare  -rdynamic CMakeFiles/cmTC_fdd61.dir/CheckSymbolExists.cxx.o -o cmTC_fdd61 
make[1] : on quitte le répertoire « /home/iut/M4102C/examples/target/rls/debug/build/libzmq-sys-a82104b5cff9cc43/out/build/CMakeFiles/CMakeTmp »


File /home/iut/M4102C/examples/target/rls/debug/build/libzmq-sys-a82104b5cff9cc43/out/build/CMakeFiles/CMakeTmp/CheckSymbolExists.cxx:
/* */
#include <string.h>

int main(int argc, char** argv)
{
  (void)argv;
#ifndef strnlen
  return ((int*)(&strnlen))[argc];
#else
  (void)argc;
  return 0;
#endif
}
Performing C++ SOURCE FILE Test ZMQ_HAVE_NOEXCEPT succeeded with the following output:
Change Dir: /home/iut/M4102C/examples/target/rls/debug/build/libzmq-sys-a82104b5cff9cc43/out/build/CMakeFiles/CMakeTmp

Run Build Command(s):/usr/bin/make cmTC_56eb5/fast && /usr/bin/make  -f CMakeFiles/cmTC_56eb5.dir/build.make CMakeFiles/cmTC_56eb5.dir/build
make[1] : on entre dans le répertoire « /home/iut/M4102C/examples/target/rls/debug/build/libzmq-sys-a82104b5cff9cc43/out/build/CMakeFiles/CMakeTmp »
Building CXX object CMakeFiles/cmTC_56eb5.dir/src.cxx.o
/usr/bin/c++ -DZMQ_HAVE_NOEXCEPT  -ffunction-sections -fdata-sections -fPIC -m64 -std=gnu++11 -Wno-tautological-constant-compare  -o CMakeFiles/cmTC_56eb5.dir/src.cxx.o -c /home/iut/M4102C/examples/target/rls/debug/build/libzmq-sys-a82104b5cff9cc43/out/build/CMakeFiles/CMakeTmp/src.cxx
Linking CXX executable cmTC_56eb5
/usr/bin/cmake -E cmake_link_script CMakeFiles/cmTC_56eb5.dir/link.txt --verbose=1
/usr/bin/c++  -ffunction-sections -fdata-sections -fPIC -m64 -std=gnu++11 -Wno-tautological-constant-compare  -rdynamic CMakeFiles/cmTC_56eb5.dir/src.cxx.o -o cmTC_56eb5 
make[1] : on quitte le répertoire « /home/iut/M4102C/examples/target/rls/debug/build/libzmq-sys-a82104b5cff9cc43/out/build/CMakeFiles/CMakeTmp »


Source file was:

struct X 
{
    X(int i) noexcept {}
};

int main(int argc, char *argv [])
{
    X x(5);
    return 0;
}

Performing C SOURCE FILE Test ZMQ_HAVE_SOCK_CLOEXEC succeeded with the following compile output:
Change Dir: /home/iut/M4102C/examples/target/rls/debug/build/libzmq-sys-a82104b5cff9cc43/out/build/CMakeFiles/CMakeTmp

Run Build Command(s):/usr/bin/make cmTC_5b1fc/fast && /usr/bin/make  -f CMakeFiles/cmTC_5b1fc.dir/build.make CMakeFiles/cmTC_5b1fc.dir/build
make[1] : on entre dans le répertoire « /home/iut/M4102C/examples/target/rls/debug/build/libzmq-sys-a82104b5cff9cc43/out/build/CMakeFiles/CMakeTmp »
Building C object CMakeFiles/cmTC_5b1fc.dir/src.c.o
/usr/bin/cc -DZMQ_HAVE_SOCK_CLOEXEC  -ffunction-sections -fdata-sections -fPIC -m64 -std=gnu11 -Wno-tautological-constant-compare  -o CMakeFiles/cmTC_5b1fc.dir/src.c.o -c /home/iut/M4102C/examples/target/rls/debug/build/libzmq-sys-a82104b5cff9cc43/out/build/CMakeFiles/CMakeTmp/src.c
Linking C executable cmTC_5b1fc
/usr/bin/cmake -E cmake_link_script CMakeFiles/cmTC_5b1fc.dir/link.txt --verbose=1
/usr/bin/cc  -ffunction-sections -fdata-sections -fPIC -m64 -std=gnu11 -Wno-tautological-constant-compare  -rdynamic CMakeFiles/cmTC_5b1fc.dir/src.c.o -o cmTC_5b1fc 
make[1] : on quitte le répertoire « /home/iut/M4102C/examples/target/rls/debug/build/libzmq-sys-a82104b5cff9cc43/out/build/CMakeFiles/CMakeTmp »


...and run output:

Return value: 1
Source file was:

#include <sys/types.h>
#include <sys/socket.h>

int main(int argc, char *argv [])
{
    int s = socket(PF_INET, SOCK_STREAM | SOCK_CLOEXEC, 0);
    return(s == -1);
}

Performing C SOURCE FILE Test ZMQ_HAVE_O_CLOEXEC succeeded with the following compile output:
Change Dir: /home/iut/M4102C/examples/target/rls/debug/build/libzmq-sys-a82104b5cff9cc43/out/build/CMakeFiles/CMakeTmp

Run Build Command(s):/usr/bin/make cmTC_7ea3c/fast && /usr/bin/make  -f CMakeFiles/cmTC_7ea3c.dir/build.make CMakeFiles/cmTC_7ea3c.dir/build
make[1] : on entre dans le répertoire « /home/iut/M4102C/examples/target/rls/debug/build/libzmq-sys-a82104b5cff9cc43/out/build/CMakeFiles/CMakeTmp »
Building C object CMakeFiles/cmTC_7ea3c.dir/src.c.o
/usr/bin/cc -DZMQ_HAVE_O_CLOEXEC  -ffunction-sections -fdata-sections -fPIC -m64 -std=gnu11 -Wno-tautological-constant-compare  -o CMakeFiles/cmTC_7ea3c.dir/src.c.o -c /home/iut/M4102C/examples/target/rls/debug/build/libzmq-sys-a82104b5cff9cc43/out/build/CMakeFiles/CMakeTmp/src.c
Linking C executable cmTC_7ea3c
/usr/bin/cmake -E cmake_link_script CMakeFiles/cmTC_7ea3c.dir/link.txt --verbose=1
/usr/bin/cc  -ffunction-sections -fdata-sections -fPIC -m64 -std=gnu11 -Wno-tautological-constant-compare  -rdynamic CMakeFiles/cmTC_7ea3c.dir/src.c.o -o cmTC_7ea3c 
make[1] : on quitte le répertoire « /home/iut/M4102C/examples/target/rls/debug/build/libzmq-sys-a82104b5cff9cc43/out/build/CMakeFiles/CMakeTmp »


...and run output:

Return value: 1
Source file was:

#include <sys/types.h>
#include <sys/stat.h>
#include <fcntl.h>

int main(int argc, char *argv [])
{
    int s = open ("/dev/null", O_CLOEXEC | O_RDONLY);
    return s == -1;
}

Performing C SOURCE FILE Test ZMQ_HAVE_SO_BINDTODEVICE succeeded with the following compile output:
Change Dir: /home/iut/M4102C/examples/target/rls/debug/build/libzmq-sys-a82104b5cff9cc43/out/build/CMakeFiles/CMakeTmp

Run Build Command(s):/usr/bin/make cmTC_92803/fast && /usr/bin/make  -f CMakeFiles/cmTC_92803.dir/build.make CMakeFiles/cmTC_92803.dir/build
make[1] : on entre dans le répertoire « /home/iut/M4102C/examples/target/rls/debug/build/libzmq-sys-a82104b5cff9cc43/out/build/CMakeFiles/CMakeTmp »
Building C object CMakeFiles/cmTC_92803.dir/src.c.o
/usr/bin/cc -DZMQ_HAVE_SO_BINDTODEVICE  -ffunction-sections -fdata-sections -fPIC -m64 -std=gnu11 -Wno-tautological-constant-compare  -o CMakeFiles/cmTC_92803.dir/src.c.o -c /home/iut/M4102C/examples/target/rls/debug/build/libzmq-sys-a82104b5cff9cc43/out/build/CMakeFiles/CMakeTmp/src.c
Linking C executable cmTC_92803
/usr/bin/cmake -E cmake_link_script CMakeFiles/cmTC_92803.dir/link.txt --verbose=1
/usr/bin/cc  -ffunction-sections -fdata-sections -fPIC -m64 -std=gnu11 -Wno-tautological-constant-compare  -rdynamic CMakeFiles/cmTC_92803.dir/src.c.o -o cmTC_92803 
make[1] : on quitte le répertoire « /home/iut/M4102C/examples/target/rls/debug/build/libzmq-sys-a82104b5cff9cc43/out/build/CMakeFiles/CMakeTmp »


...and run output:

Return value: 1
Source file was:

#include <sys/socket.h>

int main(int argc, char *argv [])
{
/* Actually making the setsockopt() call requires CAP_NET_RAW */
#ifndef SO_BINDTODEVICE
    return 1;
#else
    return 0;
#endif
}

Performing C SOURCE FILE Test ZMQ_HAVE_SO_KEEPALIVE succeeded with the following compile output:
Change Dir: /home/iut/M4102C/examples/target/rls/debug/build/libzmq-sys-a82104b5cff9cc43/out/build/CMakeFiles/CMakeTmp

Run Build Command(s):/usr/bin/make cmTC_2cd3c/fast && /usr/bin/make  -f CMakeFiles/cmTC_2cd3c.dir/build.make CMakeFiles/cmTC_2cd3c.dir/build
make[1] : on entre dans le répertoire « /home/iut/M4102C/examples/target/rls/debug/build/libzmq-sys-a82104b5cff9cc43/out/build/CMakeFiles/CMakeTmp »
Building C object CMakeFiles/cmTC_2cd3c.dir/src.c.o
/usr/bin/cc -DZMQ_HAVE_SO_KEEPALIVE  -ffunction-sections -fdata-sections -fPIC -m64 -std=gnu11 -Wno-tautological-constant-compare  -o CMakeFiles/cmTC_2cd3c.dir/src.c.o -c /home/iut/M4102C/examples/target/rls/debug/build/libzmq-sys-a82104b5cff9cc43/out/build/CMakeFiles/CMakeTmp/src.c
Linking C executable cmTC_2cd3c
/usr/bin/cmake -E cmake_link_script CMakeFiles/cmTC_2cd3c.dir/link.txt --verbose=1
/usr/bin/cc  -ffunction-sections -fdata-sections -fPIC -m64 -std=gnu11 -Wno-tautological-constant-compare  -rdynamic CMakeFiles/cmTC_2cd3c.dir/src.c.o -o cmTC_2cd3c 
make[1] : on quitte le répertoire « /home/iut/M4102C/examples/target/rls/debug/build/libzmq-sys-a82104b5cff9cc43/out/build/CMakeFiles/CMakeTmp »


...and run output:

Return value: 1
Source file was:

#include <sys/types.h>
#include <sys/socket.h>

int main(int argc, char *argv [])
{
    int s, rc, opt = 1;
    return(
       ((s = socket(PF_INET, SOCK_STREAM, 0)) == -1) ||
       ((rc = setsockopt(s, SOL_SOCKET, SO_KEEPALIVE,(char*) &opt, sizeof(int))) == -1)
    );
}

Performing C SOURCE FILE Test ZMQ_HAVE_TCP_KEEPCNT succeeded with the following compile output:
Change Dir: /home/iut/M4102C/examples/target/rls/debug/build/libzmq-sys-a82104b5cff9cc43/out/build/CMakeFiles/CMakeTmp

Run Build Command(s):/usr/bin/make cmTC_7e241/fast && /usr/bin/make  -f CMakeFiles/cmTC_7e241.dir/build.make CMakeFiles/cmTC_7e241.dir/build
make[1] : on entre dans le répertoire « /home/iut/M4102C/examples/target/rls/debug/build/libzmq-sys-a82104b5cff9cc43/out/build/CMakeFiles/CMakeTmp »
Building C object CMakeFiles/cmTC_7e241.dir/src.c.o
/usr/bin/cc -DZMQ_HAVE_TCP_KEEPCNT  -ffunction-sections -fdata-sections -fPIC -m64 -std=gnu11 -Wno-tautological-constant-compare  -o CMakeFiles/cmTC_7e241.dir/src.c.o -c /home/iut/M4102C/examples/target/rls/debug/build/libzmq-sys-a82104b5cff9cc43/out/build/CMakeFiles/CMakeTmp/src.c
Linking C executable cmTC_7e241
/usr/bin/cmake -E cmake_link_script CMakeFiles/cmTC_7e241.dir/link.txt --verbose=1
/usr/bin/cc  -ffunction-sections -fdata-sections -fPIC -m64 -std=gnu11 -Wno-tautological-constant-compare  -rdynamic CMakeFiles/cmTC_7e241.dir/src.c.o -o cmTC_7e241 
make[1] : on quitte le répertoire « /home/iut/M4102C/examples/target/rls/debug/build/libzmq-sys-a82104b5cff9cc43/out/build/CMakeFiles/CMakeTmp »


...and run output:

Return value: 1
Source file was:

#include <sys/types.h>
#include <sys/socket.h>
#include <netinet/in.h>
#include <netinet/tcp.h>

int main(int argc, char *argv [])
{
    int s, rc, opt = 1;
    return(
       ((s = socket(PF_INET, SOCK_STREAM, 0)) == -1) ||
       ((rc = setsockopt(s, SOL_SOCKET, SO_KEEPALIVE,(char*) &opt, sizeof(int))) == -1) ||
       ((rc = setsockopt(s, IPPROTO_TCP, TCP_KEEPCNT,(char*) &opt, sizeof(int))) == -1)
    );
}

Performing C SOURCE FILE Test ZMQ_HAVE_TCP_KEEPIDLE succeeded with the following compile output:
Change Dir: /home/iut/M4102C/examples/target/rls/debug/build/libzmq-sys-a82104b5cff9cc43/out/build/CMakeFiles/CMakeTmp

Run Build Command(s):/usr/bin/make cmTC_454fc/fast && /usr/bin/make  -f CMakeFiles/cmTC_454fc.dir/build.make CMakeFiles/cmTC_454fc.dir/build
make[1] : on entre dans le répertoire « /home/iut/M4102C/examples/target/rls/debug/build/libzmq-sys-a82104b5cff9cc43/out/build/CMakeFiles/CMakeTmp »
Building C object CMakeFiles/cmTC_454fc.dir/src.c.o
/usr/bin/cc -DZMQ_HAVE_TCP_KEEPIDLE  -ffunction-sections -fdata-sections -fPIC -m64 -std=gnu11 -Wno-tautological-constant-compare  -o CMakeFiles/cmTC_454fc.dir/src.c.o -c /home/iut/M4102C/examples/target/rls/debug/build/libzmq-sys-a82104b5cff9cc43/out/build/CMakeFiles/CMakeTmp/src.c
Linking C executable cmTC_454fc
/usr/bin/cmake -E cmake_link_script CMakeFiles/cmTC_454fc.dir/link.txt --verbose=1
/usr/bin/cc  -ffunction-sections -fdata-sections -fPIC -m64 -std=gnu11 -Wno-tautological-constant-compare  -rdynamic CMakeFiles/cmTC_454fc.dir/src.c.o -o cmTC_454fc 
make[1] : on quitte le répertoire « /home/iut/M4102C/examples/target/rls/debug/build/libzmq-sys-a82104b5cff9cc43/out/build/CMakeFiles/CMakeTmp »


...and run output:

Return value: 1
Source file was:

#include <sys/types.h>
#include <sys/socket.h>
#include <netinet/in.h>
#include <netinet/tcp.h>

int main(int argc, char *argv [])
{
    int s, rc, opt = 1;
    return(
       ((s = socket(PF_INET, SOCK_STREAM, 0)) == -1) ||
       ((rc = setsockopt(s, SOL_SOCKET, SO_KEEPALIVE,(char*) &opt, sizeof(int))) == -1) ||
       ((rc = setsockopt(s, IPPROTO_TCP, TCP_KEEPIDLE,(char*) &opt, sizeof(int))) == -1)
    );
}

Performing C SOURCE FILE Test ZMQ_HAVE_TCP_KEEPINTVL succeeded with the following compile output:
Change Dir: /home/iut/M4102C/examples/target/rls/debug/build/libzmq-sys-a82104b5cff9cc43/out/build/CMakeFiles/CMakeTmp

Run Build Command(s):/usr/bin/make cmTC_d67ac/fast && /usr/bin/make  -f CMakeFiles/cmTC_d67ac.dir/build.make CMakeFiles/cmTC_d67ac.dir/build
make[1] : on entre dans le répertoire « /home/iut/M4102C/examples/target/rls/debug/build/libzmq-sys-a82104b5cff9cc43/out/build/CMakeFiles/CMakeTmp »
Building C object CMakeFiles/cmTC_d67ac.dir/src.c.o
/usr/bin/cc -DZMQ_HAVE_TCP_KEEPINTVL  -ffunction-sections -fdata-sections -fPIC -m64 -std=gnu11 -Wno-tautological-constant-compare  -o CMakeFiles/cmTC_d67ac.dir/src.c.o -c /home/iut/M4102C/examples/target/rls/debug/build/libzmq-sys-a82104b5cff9cc43/out/build/CMakeFiles/CMakeTmp/src.c
Linking C executable cmTC_d67ac
/usr/bin/cmake -E cmake_link_script CMakeFiles/cmTC_d67ac.dir/link.txt --verbose=1
/usr/bin/cc  -ffunction-sections -fdata-sections -fPIC -m64 -std=gnu11 -Wno-tautological-constant-compare  -rdynamic CMakeFiles/cmTC_d67ac.dir/src.c.o -o cmTC_d67ac 
make[1] : on quitte le répertoire « /home/iut/M4102C/examples/target/rls/debug/build/libzmq-sys-a82104b5cff9cc43/out/build/CMakeFiles/CMakeTmp »


...and run output:

Return value: 1
Source file was:

#include <sys/types.h>
#include <sys/socket.h>
#include <netinet/in.h>
#include <netinet/tcp.h>

int main(int argc, char *argv [])
{
    int s, rc, opt = 1;
    return(
       ((s = socket(PF_INET, SOCK_STREAM, 0)) == -1) ||
       ((rc = setsockopt(s, SOL_SOCKET, SO_KEEPALIVE,(char*) &opt, sizeof(int))) == -1) ||
       ((rc = setsockopt(s, IPPROTO_TCP, TCP_KEEPINTVL,(char*) &opt, sizeof(int))) == -1)
    );
}


Performing C SOURCE FILE Test ZMQ_HAVE_TIPC succeeded with the following compile output:
Change Dir: /home/iut/M4102C/examples/target/rls/debug/build/libzmq-sys-a82104b5cff9cc43/out/build/CMakeFiles/CMakeTmp

Run Build Command(s):/usr/bin/make cmTC_9e471/fast && /usr/bin/make  -f CMakeFiles/cmTC_9e471.dir/build.make CMakeFiles/cmTC_9e471.dir/build
make[1] : on entre dans le répertoire « /home/iut/M4102C/examples/target/rls/debug/build/libzmq-sys-a82104b5cff9cc43/out/build/CMakeFiles/CMakeTmp »
Building C object CMakeFiles/cmTC_9e471.dir/src.c.o
/usr/bin/cc -DZMQ_HAVE_TIPC  -ffunction-sections -fdata-sections -fPIC -m64 -std=gnu11 -Wno-tautological-constant-compare  -o CMakeFiles/cmTC_9e471.dir/src.c.o -c /home/iut/M4102C/examples/target/rls/debug/build/libzmq-sys-a82104b5cff9cc43/out/build/CMakeFiles/CMakeTmp/src.c
Linking C executable cmTC_9e471
/usr/bin/cmake -E cmake_link_script CMakeFiles/cmTC_9e471.dir/link.txt --verbose=1
/usr/bin/cc  -ffunction-sections -fdata-sections -fPIC -m64 -std=gnu11 -Wno-tautological-constant-compare  -rdynamic CMakeFiles/cmTC_9e471.dir/src.c.o -o cmTC_9e471 
make[1] : on quitte le répertoire « /home/iut/M4102C/examples/target/rls/debug/build/libzmq-sys-a82104b5cff9cc43/out/build/CMakeFiles/CMakeTmp »


...and run output:

Return value: 1
Source file was:

#include <stdlib.h>
#include <string.h>
#include <fcntl.h>
#include <errno.h>
#include <sys/socket.h>
#include <linux/tipc.h>

int main(int argc, char *argv [])
{
    struct sockaddr_tipc topsrv;
    int sd = socket(AF_TIPC, SOCK_SEQPACKET, 0);
    memset(&topsrv, 0, sizeof(topsrv));
    topsrv.family = AF_TIPC;
    topsrv.addrtype = TIPC_ADDR_NAME;
    topsrv.addr.name.name.type = TIPC_TOP_SRV;
    topsrv.addr.name.name.instance = TIPC_TOP_SRV;
    fcntl(sd, F_SETFL, O_NONBLOCK);
}

Performing C SOURCE FILE Test ZMQ_HAVE_PTHREAD_SETNAME_2 succeeded with the following compile output:
Change Dir: /home/iut/M4102C/examples/target/rls/debug/build/libzmq-sys-a82104b5cff9cc43/out/build/CMakeFiles/CMakeTmp

Run Build Command(s):/usr/bin/make cmTC_f1597/fast && /usr/bin/make  -f CMakeFiles/cmTC_f1597.dir/build.make CMakeFiles/cmTC_f1597.dir/build
make[1] : on entre dans le répertoire « /home/iut/M4102C/examples/target/rls/debug/build/libzmq-sys-a82104b5cff9cc43/out/build/CMakeFiles/CMakeTmp »
Building C object CMakeFiles/cmTC_f1597.dir/src.c.o
/usr/bin/cc -DZMQ_HAVE_PTHREAD_SETNAME_2  -ffunction-sections -fdata-sections -fPIC -m64 -std=gnu11 -Wno-tautological-constant-compare -D_GNU_SOURCE -Werror -pthread -o CMakeFiles/cmTC_f1597.dir/src.c.o -c /home/iut/M4102C/examples/target/rls/debug/build/libzmq-sys-a82104b5cff9cc43/out/build/CMakeFiles/CMakeTmp/src.c
Linking C executable cmTC_f1597
/usr/bin/cmake -E cmake_link_script CMakeFiles/cmTC_f1597.dir/link.txt --verbose=1
/usr/bin/cc  -ffunction-sections -fdata-sections -fPIC -m64 -std=gnu11 -Wno-tautological-constant-compare -D_GNU_SOURCE -Werror -pthread -rdynamic CMakeFiles/cmTC_f1597.dir/src.c.o -o cmTC_f1597 
make[1] : on quitte le répertoire « /home/iut/M4102C/examples/target/rls/debug/build/libzmq-sys-a82104b5cff9cc43/out/build/CMakeFiles/CMakeTmp »


...and run output:

Return value: 1
Source file was:

#include <pthread.h>

int main(int argc, char *argv [])
{
    pthread_setname_np (pthread_self(), "foo");
    return 0;
}

Performing C SOURCE FILE Test ZMQ_HAVE_PTHREAD_SETAFFINITY succeeded with the following compile output:
Change Dir: /home/iut/M4102C/examples/target/rls/debug/build/libzmq-sys-a82104b5cff9cc43/out/build/CMakeFiles/CMakeTmp

Run Build Command(s):/usr/bin/make cmTC_d76b2/fast && /usr/bin/make  -f CMakeFiles/cmTC_d76b2.dir/build.make CMakeFiles/cmTC_d76b2.dir/build
make[1] : on entre dans le répertoire « /home/iut/M4102C/examples/target/rls/debug/build/libzmq-sys-a82104b5cff9cc43/out/build/CMakeFiles/CMakeTmp »
Building C object CMakeFiles/cmTC_d76b2.dir/src.c.o
/usr/bin/cc -DZMQ_HAVE_PTHREAD_SETAFFINITY  -ffunction-sections -fdata-sections -fPIC -m64 -std=gnu11 -Wno-tautological-constant-compare -D_GNU_SOURCE -Werror -pthread -o CMakeFiles/cmTC_d76b2.dir/src.c.o -c /home/iut/M4102C/examples/target/rls/debug/build/libzmq-sys-a82104b5cff9cc43/out/build/CMakeFiles/CMakeTmp/src.c
Linking C executable cmTC_d76b2
/usr/bin/cmake -E cmake_link_script CMakeFiles/cmTC_d76b2.dir/link.txt --verbose=1
/usr/bin/cc  -ffunction-sections -fdata-sections -fPIC -m64 -std=gnu11 -Wno-tautological-constant-compare -D_GNU_SOURCE -Werror -pthread -rdynamic CMakeFiles/cmTC_d76b2.dir/src.c.o -o cmTC_d76b2 
make[1] : on quitte le répertoire « /home/iut/M4102C/examples/target/rls/debug/build/libzmq-sys-a82104b5cff9cc43/out/build/CMakeFiles/CMakeTmp »


...and run output:

Return value: 1
Source file was:

#include <pthread.h>

int main(int argc, char *argv [])
{
    cpu_set_t test; 
    pthread_setaffinity_np (pthread_self(), sizeof(cpu_set_t), &test);
    return 0;
}

Performing C SOURCE FILE Test ZMQ_HAVE_GETRANDOM succeeded with the following compile output:
Change Dir: /home/iut/M4102C/examples/target/rls/debug/build/libzmq-sys-a82104b5cff9cc43/out/build/CMakeFiles/CMakeTmp

Run Build Command(s):/usr/bin/make cmTC_52b6b/fast && /usr/bin/make  -f CMakeFiles/cmTC_52b6b.dir/build.make CMakeFiles/cmTC_52b6b.dir/build
make[1] : on entre dans le répertoire « /home/iut/M4102C/examples/target/rls/debug/build/libzmq-sys-a82104b5cff9cc43/out/build/CMakeFiles/CMakeTmp »
Building C object CMakeFiles/cmTC_52b6b.dir/src.c.o
/usr/bin/cc -DZMQ_HAVE_GETRANDOM  -ffunction-sections -fdata-sections -fPIC -m64 -std=gnu11 -Wno-tautological-constant-compare  -o CMakeFiles/cmTC_52b6b.dir/src.c.o -c /home/iut/M4102C/examples/target/rls/debug/build/libzmq-sys-a82104b5cff9cc43/out/build/CMakeFiles/CMakeTmp/src.c
Linking C executable cmTC_52b6b
/usr/bin/cmake -E cmake_link_script CMakeFiles/cmTC_52b6b.dir/link.txt --verbose=1
/usr/bin/cc  -ffunction-sections -fdata-sections -fPIC -m64 -std=gnu11 -Wno-tautological-constant-compare  -rdynamic CMakeFiles/cmTC_52b6b.dir/src.c.o -o cmTC_52b6b 
make[1] : on quitte le répertoire « /home/iut/M4102C/examples/target/rls/debug/build/libzmq-sys-a82104b5cff9cc43/out/build/CMakeFiles/CMakeTmp »


...and run output:

Return value: 1
Source file was:

#include <sys/random.h>

int main (int argc, char *argv [])
{
    char buf[4];
    int rc = getrandom(buf, 4, 0);
    return rc == -1 ? 1 : 0;
}

